#
# A fatal error has been detected by the Java Runtime Environment:
#
#  SIGSEGV (0xb) at pc=0x00007f3c4c0271d0, pid=2968, tid=0x00007f3c5313e700
#
# JRE version: OpenJDK Runtime Environment (8.0_151-b12) (build 1.8.0_151-8u151-b12-1-b12)
# Java VM: OpenJDK 64-Bit Server VM (25.151-b12 mixed mode linux-amd64 compressed oops)
# Problematic frame:
# C  0x00007f3c4c0271d0
#
# Failed to write core dump. Core dumps have been disabled. To enable core dumping, try "ulimit -c unlimited" before starting Java again
#
# If you would like to submit a bug report, please visit:
#   http://bugreport.java.com/bugreport/crash.jsp
#

---------------  T H R E A D  ---------------

Current thread (0x00007f3c4c00a000):  JavaThread "main" [_thread_in_vm, id=2969, stack(0x00007f3c5303f000,0x00007f3c5313f000)]

siginfo: si_signo: 11 (SIGSEGV), si_code: 2 (SEGV_ACCERR), si_addr: 0x00007f3c4c0271d0

Registers:
RAX=0x000000010013fb98, RBX=0x00007f3c4c18bb20, RCX=0x00007f3c33516865, RDX=0x0000000000000028
RSP=0x00007f3c5313c8b8, RBP=0x00007f3c5313c930, RSI=0x00007f3c4c00a000, RDI=0x0000000100142640
R8 =0x0000000100142640, R9 =0x00007f3c5313ca10, R10=0x00007f3c52344e20, R11=0x0000000020fa23c1
R12=0x00007f3c5313c8e0, R13=0x00007f3c335198f8, R14=0x00007f3c52fbf300, R15=0x00007f3c4c00a000
RIP=0x00007f3c4c0271d0, EFLAGS=0x0000000000010246, CSGSFS=0x002b000000000033, ERR=0x0000000000000015
  TRAPNO=0x000000000000000e

Top of Stack: (sp=0x00007f3c5313c8b8)
0x00007f3c5313c8b8:   00007f3c51a6e738 000000005313c900
0x00007f3c5313c8c8:   0000000100142640 0000000000000000
0x00007f3c5313c8d8:   00007f3c5313c888 00007f3c00009b69
0x00007f3c5313c8e8:   0000000800000005 00007f3c5313c900
0x00007f3c5313c8f8:   ad477b8d4e869c00 00000000ec2f8858
0x00007f3c5313c908:   00007f3c4c00a000 00007f3c4c0791b0
0x00007f3c5313c918:   00007f3c335198f8 00007f3c33516862
0x00007f3c5313c928:   00007f3c4c00a1e0 00007f3c5313c9a0
0x00007f3c5313c938:   00007f3c51a6eae9 00007f3c4c00a000
0x00007f3c5313c948:   0000000000000000 00007f3c4c00a000
0x00007f3c5313c958:   0000000000000000 0000000000000020
0x00007f3c5313c968:   ad477b8d4e869c00 0000000000000040
0x00007f3c5313c978:   00007f3c5313caf7 0000000000000000
0x00007f3c5313c988:   00007f3c33516862 00007f3c33516863
0x00007f3c5313c998:   00007f3c4c00a1e0 00007f3c5313ca00
0x00007f3c5313c9a8:   00007f3c5047d12a 00007f3c5313ca10
0x00007f3c5313c9b8:   00007f3c4c0791b0 00007f3c335198f8
0x00007f3c5313c9c8:   00007f3c5313cbd8 00007f3c3c9d4ffd
0x00007f3c5313c9d8:   00007f3c4c1eee20 00007f3c4c00a1e0
0x00007f3c5313c9e8:   00007f3c5313cbd8 0000000000000018
0x00007f3c5313c9f8:   00007f3c5313cbd0 00007f3c5313cae0
0x00007f3c5313ca08:   00007f3c5047d341 0000003000000028
0x00007f3c5313ca18:   00007f3c5313caf0 00007f3c5313ca30
0x00007f3c5313ca28:   ad477b8d4e869c00 00007f3c4c00a000
0x00007f3c5313ca38:   00007f3c4c00a000 00007f3c5313cab0
0x00007f3c5313ca48:   00007f3c51a6d150 00007f3c39b13260
0x00007f3c5313ca58:   0000000000000004 00007f3c4c00a000
0x00007f3c5313ca68:   0000000000000000 00007f3c5313cbe0
0x00007f3c5313ca78:   00007f3c5313cbd0 00007f3c5313cab0
0x00007f3c5313ca88:   ad477b8d4e869c00 00007f3c4c1eee20
0x00007f3c5313ca98:   0000000000000130 00007f3c4c00a1e0
0x00007f3c5313caa8:   00007f3c5313cbe0 00007f3c5313cae0 

Instructions: (pc=0x00007f3c4c0271d0)
0x00007f3c4c0271b0:   00 00 00 00 00 00 00 00 00 00 00 00 00 00 00 00
0x00007f3c4c0271c0:   00 00 00 00 00 00 00 00 65 00 00 00 00 00 00 00
0x00007f3c4c0271d0:   00 00 00 00 00 00 00 00 e8 40 c0 eb 00 00 00 00
0x00007f3c4c0271e0:   10 a5 02 4c 3c 7f 00 00 30 72 02 4c 3c 7f 00 00 

Register to memory mapping:

RAX=0x000000010013fb98 is pointing into metadata
RBX=0x00007f3c4c18bb20 is an unknown value
RCX=0x00007f3c33516865: <offset 0x44865> in /usr/lib/jvm/java-8-openjdk-amd64/jre/lib/amd64/libawt_xawt.so at 0x00007f3c334d2000
RDX=0x0000000000000028 is an unknown value
RSP=0x00007f3c5313c8b8 is pointing into the stack for thread: 0x00007f3c4c00a000
RBP=0x00007f3c5313c930 is pointing into the stack for thread: 0x00007f3c4c00a000
RSI=0x00007f3c4c00a000 is a thread
RDI=0x0000000100142640 is pointing into metadata
R8 =0x0000000100142640 is pointing into metadata
R9 =0x00007f3c5313ca10 is pointing into the stack for thread: 0x00007f3c4c00a000
R10=0x00007f3c52344e20: <offset 0xf69e20> in /usr/lib/jvm/java-8-openjdk-amd64/jre/lib/amd64/server/libjvm.so at 0x00007f3c513db000
R11=0x0000000020fa23c1 is an unknown value
R12=0x00007f3c5313c8e0 is pointing into the stack for thread: 0x00007f3c4c00a000
R13=0x00007f3c335198f8: <offset 0x478f8> in /usr/lib/jvm/java-8-openjdk-amd64/jre/lib/amd64/libawt_xawt.so at 0x00007f3c334d2000
R14=0x00007f3c52fbf300 is an unknown value
R15=0x00007f3c4c00a000 is a thread


Stack: [0x00007f3c5303f000,0x00007f3c5313f000],  sp=0x00007f3c5313c8b8,  free space=1014k
Native frames: (J=compiled Java code, j=interpreted, Vv=VM code, C=native code)
C  0x00007f3c4c0271d0
V  [libjvm.so+0x693ae9]
C  [libjava.so+0x1c12a]  JNU_CallMethodByNameV+0x8a
C  [libjava.so+0x1c341]  JNU_CallMethodByName+0x81
C  [libawt_xawt.so+0x25fd3]  Java_sun_java2d_x11_XSurfaceData_initOps+0xb3
j  sun.java2d.x11.XSurfaceData.initOps(Lsun/awt/X11ComponentPeer;Lsun/awt/X11GraphicsConfig;I)V+0
j  sun.java2d.xr.XRSurfaceData.<init>(Lsun/awt/X11ComponentPeer;Lsun/java2d/xr/XRGraphicsConfig;Lsun/java2d/loops/SurfaceType;Ljava/awt/image/ColorModel;II)V+84
j  sun.java2d.xr.XRSurfaceData$XRWindowSurfaceData.<init>(Lsun/awt/X11ComponentPeer;Lsun/java2d/xr/XRGraphicsConfig;Lsun/java2d/loops/SurfaceType;)V+20
j  sun.java2d.xr.XRSurfaceData.createData(Lsun/awt/X11ComponentPeer;)Lsun/java2d/xr/XRSurfaceData$XRWindowSurfaceData;+15
j  sun.java2d.xr.XRGraphicsConfig.createSurfaceData(Lsun/awt/X11ComponentPeer;)Lsun/java2d/SurfaceData;+1
j  sun.awt.X11.XWindow.doValidateSurface()V+15
j  sun.awt.X11.XWindow.validateSurface()V+23
j  sun.awt.X11.XWindow.reshape(IIII)V+45
j  sun.awt.X11.XContentWindow.reshape(IIII)V+6
j  sun.awt.X11.XWindow.reshape(Ljava/awt/Rectangle;)V+17
j  sun.awt.X11.XContentWindow.reshape(Ljava/awt/Rectangle;)V+2
j  sun.awt.X11.XContentWindow.setContentBounds(Lsun/awt/X11/WindowDimensions;)V+86
j  sun.awt.X11.XDecoratedPeer.reconfigureContentWindow(Lsun/awt/X11/WindowDimensions;)V+21
j  sun.awt.X11.XDecoratedPeer.reshape(Lsun/awt/X11/WindowDimensions;IZ)V+338
j  sun.awt.X11.XDecoratedPeer.reshape(IIIIIZ)V+179
j  sun.awt.X11.XDecoratedPeer.setBounds(IIIII)V+9
j  java.awt.Component.reshapeNativePeer(IIIII)V+71
j  java.awt.Component.reshape(IIII)V+168
j  java.awt.Window.reshape(IIII)V+51
j  java.awt.Component.setBounds(IIII)V+6
j  java.awt.Window.setBounds(IIII)V+35
j  java.awt.Window.setClientSize(II)V+23
j  java.awt.Window.pack()V+52
j  javax.swing.JOptionPane.initDialog(Ljavax/swing/JDialog;ILjava/awt/Component;)V+72
j  javax.swing.JOptionPane.createDialog(Ljava/awt/Component;Ljava/lang/String;I)Ljavax/swing/JDialog;+74
j  javax.swing.JOptionPane.showOptionDialog(Ljava/awt/Component;Ljava/lang/Object;Ljava/lang/String;IILjavax/swing/Icon;[Ljava/lang/Object;Ljava/lang/Object;)I+58
j  javax.swing.JOptionPane.showMessageDialog(Ljava/awt/Component;Ljava/lang/Object;Ljava/lang/String;ILjavax/swing/Icon;)V+9
j  javax.swing.JOptionPane.showMessageDialog(Ljava/awt/Component;Ljava/lang/Object;Ljava/lang/String;I)V+5
j  CustomDialog.main([Ljava/lang/String;)V+33
v  ~StubRoutines::call_stub
V  [libjvm.so+0x67b49b]
V  [libjvm.so+0x69f617]
V  [libjvm.so+0x6a1fd3]
C  [libjli.so+0x3726]
C  [libjli.so+0x76dd]
C  [libpthread.so.0+0x75aa]  start_thread+0xda

Java frames: (J=compiled Java code, j=interpreted, Vv=VM code)
j  sun.java2d.x11.XSurfaceData.initOps(Lsun/awt/X11ComponentPeer;Lsun/awt/X11GraphicsConfig;I)V+0
j  sun.java2d.xr.XRSurfaceData.<init>(Lsun/awt/X11ComponentPeer;Lsun/java2d/xr/XRGraphicsConfig;Lsun/java2d/loops/SurfaceType;Ljava/awt/image/ColorModel;II)V+84
j  sun.java2d.xr.XRSurfaceData$XRWindowSurfaceData.<init>(Lsun/awt/X11ComponentPeer;Lsun/java2d/xr/XRGraphicsConfig;Lsun/java2d/loops/SurfaceType;)V+20
j  sun.java2d.xr.XRSurfaceData.createData(Lsun/awt/X11ComponentPeer;)Lsun/java2d/xr/XRSurfaceData$XRWindowSurfaceData;+15
j  sun.java2d.xr.XRGraphicsConfig.createSurfaceData(Lsun/awt/X11ComponentPeer;)Lsun/java2d/SurfaceData;+1
j  sun.awt.X11.XWindow.doValidateSurface()V+15
j  sun.awt.X11.XWindow.validateSurface()V+23
j  sun.awt.X11.XWindow.reshape(IIII)V+45
j  sun.awt.X11.XContentWindow.reshape(IIII)V+6
j  sun.awt.X11.XWindow.reshape(Ljava/awt/Rectangle;)V+17
j  sun.awt.X11.XContentWindow.reshape(Ljava/awt/Rectangle;)V+2
j  sun.awt.X11.XContentWindow.setContentBounds(Lsun/awt/X11/WindowDimensions;)V+86
j  sun.awt.X11.XDecoratedPeer.reconfigureContentWindow(Lsun/awt/X11/WindowDimensions;)V+21
j  sun.awt.X11.XDecoratedPeer.reshape(Lsun/awt/X11/WindowDimensions;IZ)V+338
j  sun.awt.X11.XDecoratedPeer.reshape(IIIIIZ)V+179
j  sun.awt.X11.XDecoratedPeer.setBounds(IIIII)V+9
j  java.awt.Component.reshapeNativePeer(IIIII)V+71
j  java.awt.Component.reshape(IIII)V+168
j  java.awt.Window.reshape(IIII)V+51
j  java.awt.Component.setBounds(IIII)V+6
j  java.awt.Window.setBounds(IIII)V+35
j  java.awt.Window.setClientSize(II)V+23
j  java.awt.Window.pack()V+52
j  javax.swing.JOptionPane.initDialog(Ljavax/swing/JDialog;ILjava/awt/Component;)V+72
j  javax.swing.JOptionPane.createDialog(Ljava/awt/Component;Ljava/lang/String;I)Ljavax/swing/JDialog;+74
j  javax.swing.JOptionPane.showOptionDialog(Ljava/awt/Component;Ljava/lang/Object;Ljava/lang/String;IILjavax/swing/Icon;[Ljava/lang/Object;Ljava/lang/Object;)I+58
j  javax.swing.JOptionPane.showMessageDialog(Ljava/awt/Component;Ljava/lang/Object;Ljava/lang/String;ILjavax/swing/Icon;)V+9
j  javax.swing.JOptionPane.showMessageDialog(Ljava/awt/Component;Ljava/lang/Object;Ljava/lang/String;I)V+5
j  CustomDialog.main([Ljava/lang/String;)V+33
v  ~StubRoutines::call_stub

---------------  P R O C E S S  ---------------

Java Threads: ( => current thread )
  0x00007f3c4c31c800 JavaThread "Image Fetcher 0" daemon [_thread_blocked, id=2995, stack(0x00007f3bee166000,0x00007f3bee267000)]
  0x00007f3be0004000 JavaThread "Thread-0" daemon [_thread_in_native, id=2988, stack(0x00007f3bed966000,0x00007f3bee166000)]
  0x00007f3c4c392800 JavaThread "TimerQueue" daemon [_thread_blocked, id=2991, stack(0x00007f3bed037000,0x00007f3bed138000)]
  0x00007f3c4c361000 JavaThread "AWT-EventQueue-1" [_thread_blocked, id=2990, stack(0x00007f3bed338000,0x00007f3bed439000)]
  0x00007f3c4c35f800 JavaThread "AWT-Shutdown" [_thread_blocked, id=2989, stack(0x00007f3bed439000,0x00007f3bed53a000)]
  0x00007f3c4c2c3800 JavaThread "process reaper" daemon [_thread_blocked, id=2986, stack(0x00007f3c31325000,0x00007f3c3135e000)]
  0x00007f3c4c2b0800 JavaThread "AWT-XAWT" daemon [_thread_blocked, id=2984, stack(0x00007f3c3135e000,0x00007f3c3145f000)]
  0x00007f3c4c28d000 JavaThread "Java2D Disposer" daemon [_thread_blocked, id=2983, stack(0x00007f3c3186f000,0x00007f3c31970000)]
  0x00007f3c4c0c5800 JavaThread "Service Thread" daemon [_thread_blocked, id=2981, stack(0x00007f3c33afb000,0x00007f3c33bfc000)]
  0x00007f3c4c0b6000 JavaThread "C1 CompilerThread2" daemon [_thread_in_native, id=2980, stack(0x00007f3c33bfd000,0x00007f3c33cfd000)]
  0x00007f3c4c0b4000 JavaThread "C2 CompilerThread1" daemon [_thread_blocked, id=2979, stack(0x00007f3c33cfe000,0x00007f3c33dfe000)]
  0x00007f3c4c0b1800 JavaThread "C2 CompilerThread0" daemon [_thread_blocked, id=2978, stack(0x00007f3c33dff000,0x00007f3c33eff000)]
  0x00007f3c4c0af800 JavaThread "Signal Dispatcher" daemon [_thread_blocked, id=2977, stack(0x00007f3c33eff000,0x00007f3c34000000)]
  0x00007f3c4c084000 JavaThread "Finalizer" daemon [_thread_blocked, id=2976, stack(0x00007f3c381b1000,0x00007f3c382b2000)]
  0x00007f3c4c07f800 JavaThread "Reference Handler" daemon [_thread_blocked, id=2975, stack(0x00007f3c382b2000,0x00007f3c383b3000)]
=>0x00007f3c4c00a000 JavaThread "main" [_thread_in_vm, id=2969, stack(0x00007f3c5303f000,0x00007f3c5313f000)]

Other Threads:
  0x00007f3c4c077800 VMThread [stack: 0x00007f3c383b4000,0x00007f3c384b4000] [id=2974]
  0x00007f3c4c0c8000 WatcherThread [stack: 0x00007f3c339fb000,0x00007f3c33afb000] [id=2982]

VM state:not at safepoint (normal execution)

VM Mutex/Monitor currently owned by a thread: None

Heap:
 PSYoungGen      total 18432K, used 7651K [0x00000000ebc00000, 0x00000000ed080000, 0x0000000100000000)
  eden space 15872K, 48% used [0x00000000ebc00000,0x00000000ec378c58,0x00000000ecb80000)
  from space 2560K, 0% used [0x00000000ece00000,0x00000000ece00000,0x00000000ed080000)
  to   space 2560K, 0% used [0x00000000ecb80000,0x00000000ecb80000,0x00000000ece00000)
 ParOldGen       total 42496K, used 0K [0x00000000c3400000, 0x00000000c5d80000, 0x00000000ebc00000)
  object space 42496K, 0% used [0x00000000c3400000,0x00000000c3400000,0x00000000c5d80000)
 Metaspace       used 12702K, capacity 12946K, committed 13184K, reserved 1060864K
  class space    used 1518K, capacity 1629K, committed 1664K, reserved 1048576K

Card table byte_map: [0x00007f3c3c426000,0x00007f3c3c60d000] byte_map_base: 0x00007f3c3be0c000

Marking Bits: (ParMarkBitMap*) 0x00007f3c523340e0
 Begin Bits: [0x00007f3c3a07e000, 0x00007f3c3afae000)
 End Bits:   [0x00007f3c3afae000, 0x00007f3c3bede000)

Polling page: 0x00007f3c53179000

CodeCache: size=245760Kb used=2559Kb max_used=2570Kb free=243200Kb
 bounds [0x00007f3c3c9cd000, 0x00007f3c3cc5d000, 0x00007f3c4b9cd000]
 total_blobs=1269 nmethods=702 adapters=483
 compilation: enabled

Compilation events (10 events):
Event: 9.390 Thread 0x00007f3c4c0b6000  699       3       java.lang.reflect.Modifier::isPublic (12 bytes)
Event: 9.390 Thread 0x00007f3c4c0b6000 nmethod 699 0x00007f3c3cc45b10 code [0x00007f3c3cc45c80, 0x00007f3c3cc45e10]
Event: 9.390 Thread 0x00007f3c4c0b6000  698       3       javax.swing.JComponent::getInputMap (142 bytes)
Event: 9.391 Thread 0x00007f3c4c0b6000 nmethod 698 0x00007f3c3cc4b650 code [0x00007f3c3cc4b880, 0x00007f3c3cc4c5c8]
Event: 9.392 Thread 0x00007f3c4c0b6000  700   !   3       java.awt.DefaultKeyboardFocusManager::dispatchEvent (1589 bytes)
Event: 9.407 Thread 0x00007f3c4c0b4000  703       4       java.util.concurrent.locks.AbstractQueuedSynchronizer::release (33 bytes)
Event: 9.409 Thread 0x00007f3c4c0b4000 nmethod 703 0x00007f3c3cc4f750 code [0x00007f3c3cc4f8a0, 0x00007f3c3cc4f9c8]
Event: 9.410 Thread 0x00007f3c4c0b1800  704       4       java.util.concurrent.locks.ReentrantLock$Sync::tryRelease (45 bytes)
Event: 9.411 Thread 0x00007f3c4c0b1800 nmethod 704 0x00007f3c3cc4fad0 code [0x00007f3c3cc4fc20, 0x00007f3c3cc4fcd8]
Event: 9.417 Thread 0x00007f3c4c0b4000  705       4       java.util.concurrent.locks.ReentrantLock$NonfairSync::lock (25 bytes)

GC Heap History (0 events):
No events

Deoptimization events (4 events):
Event: 5.496 Thread 0x00007f3c4c361000 Uncommon trap: reason=class_check action=maybe_recompile pc=0x00007f3c3cb29270 method=java.lang.String.equals(Ljava/lang/Object;)Z @ 8
Event: 5.496 Thread 0x00007f3c4c361000 Uncommon trap: reason=class_check action=maybe_recompile pc=0x00007f3c3cb29270 method=java.lang.String.equals(Ljava/lang/Object;)Z @ 8
Event: 5.632 Thread 0x00007f3c4c361000 Uncommon trap: reason=class_check action=maybe_recompile pc=0x00007f3c3cb29270 method=java.lang.String.equals(Ljava/lang/Object;)Z @ 8
Event: 5.632 Thread 0x00007f3c4c361000 Uncommon trap: reason=class_check action=maybe_recompile pc=0x00007f3c3cb29270 method=java.lang.String.equals(Ljava/lang/Object;)Z @ 8

Internal exceptions (10 events):
Event: 0.086 Thread 0x00007f3c4c00a000 Exception <a 'java/security/PrivilegedActionException'> (0x00000000ebc78900) thrown at [/build/openjdk-8-O5BLDv/openjdk-8-8u151-b12/src/hotspot/src/share/vm/prims/jvm.cpp, line 1390]
Event: 0.087 Thread 0x00007f3c4c00a000 Exception <a 'java/security/PrivilegedActionException'> (0x00000000ebc7a988) thrown at [/build/openjdk-8-O5BLDv/openjdk-8-8u151-b12/src/hotspot/src/share/vm/prims/jvm.cpp, line 1390]
Event: 0.087 Thread 0x00007f3c4c00a000 Exception <a 'java/security/PrivilegedActionException'> (0x00000000ebc7ab98) thrown at [/build/openjdk-8-O5BLDv/openjdk-8-8u151-b12/src/hotspot/src/share/vm/prims/jvm.cpp, line 1390]
Event: 0.087 Thread 0x00007f3c4c00a000 Exception <a 'java/security/PrivilegedActionException'> (0x00000000ebc7b670) thrown at [/build/openjdk-8-O5BLDv/openjdk-8-8u151-b12/src/hotspot/src/share/vm/prims/jvm.cpp, line 1390]
Event: 0.087 Thread 0x00007f3c4c00a000 Exception <a 'java/security/PrivilegedActionException'> (0x00000000ebc7b880) thrown at [/build/openjdk-8-O5BLDv/openjdk-8-8u151-b12/src/hotspot/src/share/vm/prims/jvm.cpp, line 1390]
Event: 0.133 Thread 0x00007f3c4c00a000 Exception <a 'java/lang/NoSuchFieldError': method resolution failed> (0x00000000ebd98248) thrown at [/build/openjdk-8-O5BLDv/openjdk-8-8u151-b12/src/hotspot/src/share/vm/prims/methodHandles.cpp, line 1146]
Event: 0.135 Thread 0x00007f3c4c00a000 Exception <a 'java/lang/NoSuchFieldError': method resolution failed> (0x00000000ebda5a48) thrown at [/build/openjdk-8-O5BLDv/openjdk-8-8u151-b12/src/hotspot/src/share/vm/prims/methodHandles.cpp, line 1146]
Event: 0.161 Thread 0x00007f3c4c00a000 Exception <a 'java/io/FileNotFoundException'> (0x00000000ebe24098) thrown at [/build/openjdk-8-O5BLDv/openjdk-8-8u151-b12/src/hotspot/src/share/vm/prims/jni.cpp, line 709]
Event: 0.190 Thread 0x00007f3c4c00a000 Exception <a 'java/lang/ClassNotFoundException': sun/dc/DuctusRenderingEngine> (0x00000000ebe522c8) thrown at [/build/openjdk-8-O5BLDv/openjdk-8-8u151-b12/src/hotspot/src/share/vm/classfile/systemDictionary.cpp, line 210]
Event: 0.612 Thread 0x00007f3c4c361000 Exception <a 'java/lang/UnsupportedOperationException': > (0x00000000ec135e18) thrown at [/build/openjdk-8-O5BLDv/openjdk-8-8u151-b12/src/hotspot/src/share/vm/prims/jni.cpp, line 735]

Events (10 events):
Event: 9.381 Executing VM operation: RevokeBias
Event: 9.384 Executing VM operation: RevokeBias done
Event: 9.384 Executing VM operation: RevokeBias
Event: 9.384 Executing VM operation: RevokeBias done
Event: 9.384 Executing VM operation: RevokeBias
Event: 9.384 Executing VM operation: RevokeBias done
Event: 9.385 Executing VM operation: RevokeBias
Event: 9.385 Executing VM operation: RevokeBias done
Event: 9.386 loading class sun/misc/FDBigInteger
Event: 9.386 loading class sun/misc/FDBigInteger done


Dynamic libraries:
c3400000-c5d80000 rw-p 00000000 00:00 0 
c5d80000-ebc00000 ---p 00000000 00:00 0 
ebc00000-ed080000 rw-p 00000000 00:00 0 
ed080000-100000000 ---p 00000000 00:00 0 
100000000-1001a0000 rw-p 00000000 00:00 0 
1001a0000-140000000 ---p 00000000 00:00 0 
562fa8097000-562fa8098000 r-xp 00000000 07:00 68052                      /usr/lib/jvm/java-8-openjdk-amd64/jre/bin/java
562fa8297000-562fa8298000 r--p 00000000 07:00 68052                      /usr/lib/jvm/java-8-openjdk-amd64/jre/bin/java
562fa8298000-562fa8299000 rw-p 00001000 07:00 68052                      /usr/lib/jvm/java-8-openjdk-amd64/jre/bin/java
562fa9cf0000-562fa9d11000 rw-p 00000000 00:00 0                          [heap]
7f3bd4000000-7f3bd41b5000 rw-p 00000000 00:00 0 
7f3bd41b5000-7f3bd8000000 ---p 00000000 00:00 0 
7f3bd8000000-7f3bd8021000 rw-p 00000000 00:00 0 
7f3bd8021000-7f3bdc000000 ---p 00000000 00:00 0 
7f3bdc000000-7f3bdc021000 rw-p 00000000 00:00 0 
7f3bdc021000-7f3be0000000 ---p 00000000 00:00 0 
7f3be0000000-7f3be0021000 rw-p 00000000 00:00 0 
7f3be0021000-7f3be4000000 ---p 00000000 00:00 0 
7f3be4fff000-7f3be8000000 rw-p 00000000 00:00 0 
7f3be8000000-7f3be8021000 rw-p 00000000 00:00 0 
7f3be8021000-7f3bec000000 ---p 00000000 00:00 0 
7f3bece37000-7f3becf77000 rw-p 00000000 00:00 0 
7f3becf77000-7f3bed037000 ---p 00000000 00:00 0 
7f3bed037000-7f3bed03a000 ---p 00000000 00:00 0 
7f3bed03a000-7f3bed138000 rw-p 00000000 00:00 0 
7f3bed138000-7f3bed338000 rw-p 00000000 00:00 0 
7f3bed338000-7f3bed33b000 ---p 00000000 00:00 0 
7f3bed33b000-7f3bed439000 rw-p 00000000 00:00 0 
7f3bed439000-7f3bed43c000 ---p 00000000 00:00 0 
7f3bed43c000-7f3bed53a000 rw-p 00000000 00:00 0 
7f3bed53a000-7f3bed54b000 r-xp 00000000 07:00 68099                      /usr/lib/jvm/java-8-openjdk-amd64/jre/lib/amd64/libnio.so
7f3bed54b000-7f3bed74b000 ---p 00011000 07:00 68099                      /usr/lib/jvm/java-8-openjdk-amd64/jre/lib/amd64/libnio.so
7f3bed74b000-7f3bed74c000 r--p 00011000 07:00 68099                      /usr/lib/jvm/java-8-openjdk-amd64/jre/lib/amd64/libnio.so
7f3bed74c000-7f3bed74d000 rw-p 00012000 07:00 68099                      /usr/lib/jvm/java-8-openjdk-amd64/jre/lib/amd64/libnio.so
7f3bed74d000-7f3bed764000 r-xp 00000000 07:00 68098                      /usr/lib/jvm/java-8-openjdk-amd64/jre/lib/amd64/libnet.so
7f3bed764000-7f3bed963000 ---p 00017000 07:00 68098                      /usr/lib/jvm/java-8-openjdk-amd64/jre/lib/amd64/libnet.so
7f3bed963000-7f3bed964000 r--p 00016000 07:00 68098                      /usr/lib/jvm/java-8-openjdk-amd64/jre/lib/amd64/libnet.so
7f3bed964000-7f3bed965000 rw-p 00017000 07:00 68098                      /usr/lib/jvm/java-8-openjdk-amd64/jre/lib/amd64/libnet.so
7f3bed965000-7f3bed966000 ---p 00000000 00:00 0 
7f3bed966000-7f3bed969000 ---p 00000000 00:00 0 
7f3bed969000-7f3bee166000 rw-p 00000000 00:00 0 
7f3bee166000-7f3bee169000 ---p 00000000 00:00 0 
7f3bee169000-7f3bee267000 rw-p 00000000 00:00 0 
7f3bee267000-7f3bee270000 r-xp 00000000 07:00 68096                      /usr/lib/jvm/java-8-openjdk-amd64/jre/lib/amd64/libmanagement.so
7f3bee270000-7f3bee46f000 ---p 00009000 07:00 68096                      /usr/lib/jvm/java-8-openjdk-amd64/jre/lib/amd64/libmanagement.so
7f3bee46f000-7f3bee470000 r--p 00008000 07:00 68096                      /usr/lib/jvm/java-8-openjdk-amd64/jre/lib/amd64/libmanagement.so
7f3bee470000-7f3bee471000 rw-p 00009000 07:00 68096                      /usr/lib/jvm/java-8-openjdk-amd64/jre/lib/amd64/libmanagement.so
7f3bee471000-7f3bee477000 r-xp 00000000 08:12 546079                     /lib/x86_64-linux-gnu/libuuid.so.1.3.0
7f3bee477000-7f3bee676000 ---p 00006000 08:12 546079                     /lib/x86_64-linux-gnu/libuuid.so.1.3.0
7f3bee676000-7f3bee677000 r--p 00005000 08:12 546079                     /lib/x86_64-linux-gnu/libuuid.so.1.3.0
7f3bee677000-7f3bee678000 rw-p 00006000 08:12 546079                     /lib/x86_64-linux-gnu/libuuid.so.1.3.0
7f3bee678000-7f3bee6a2000 r-xp 00000000 07:00 118929                     /usr/lib/x86_64-linux-gnu/libgraphite2.so.3.0.1
7f3bee6a2000-7f3bee8a2000 ---p 0002a000 07:00 118929                     /usr/lib/x86_64-linux-gnu/libgraphite2.so.3.0.1
7f3bee8a2000-7f3bee8a4000 r--p 0002a000 07:00 118929                     /usr/lib/x86_64-linux-gnu/libgraphite2.so.3.0.1
7f3bee8a4000-7f3bee8a5000 rw-p 0002c000 07:00 118929                     /usr/lib/x86_64-linux-gnu/libgraphite2.so.3.0.1
7f3bee8a5000-7f3bee8ec000 r-xp 00000000 08:12 546099                     /lib/x86_64-linux-gnu/libblkid.so.1.1.0
7f3bee8ec000-7f3beeaec000 ---p 00047000 08:12 546099                     /lib/x86_64-linux-gnu/libblkid.so.1.1.0
7f3beeaec000-7f3beeaf0000 r--p 00047000 08:12 546099                     /lib/x86_64-linux-gnu/libblkid.so.1.1.0
7f3beeaf0000-7f3beeaf1000 rw-p 0004b000 08:12 546099                     /lib/x86_64-linux-gnu/libblkid.so.1.1.0
7f3beeaf1000-7f3beeaf2000 rw-p 00000000 00:00 0 
7f3beeaf2000-7f3beeb06000 r-xp 00000000 08:12 528112                     /lib/x86_64-linux-gnu/libgpg-error.so.0.22.0
7f3beeb06000-7f3beed05000 ---p 00014000 08:12 528112                     /lib/x86_64-linux-gnu/libgpg-error.so.0.22.0
7f3beed05000-7f3beed06000 r--p 00013000 08:12 528112                     /lib/x86_64-linux-gnu/libgpg-error.so.0.22.0
7f3beed06000-7f3beed07000 rw-p 00014000 08:12 528112                     /lib/x86_64-linux-gnu/libgpg-error.so.0.22.0
7f3beed07000-7f3beed0d000 r-xp 00000000 08:12 661842                     /usr/lib/x86_64-linux-gnu/libdatrie.so.1.3.3
7f3beed0d000-7f3beef0d000 ---p 00006000 08:12 661842                     /usr/lib/x86_64-linux-gnu/libdatrie.so.1.3.3
7f3beef0d000-7f3beef0e000 r--p 00006000 08:12 661842                     /usr/lib/x86_64-linux-gnu/libdatrie.so.1.3.3
7f3beef0e000-7f3beef0f000 rw-p 00007000 08:12 661842                     /usr/lib/x86_64-linux-gnu/libdatrie.so.1.3.3
7f3beef0f000-7f3beefac000 r-xp 00000000 07:00 119049                     /usr/lib/x86_64-linux-gnu/libharfbuzz.so.0.10702.0
7f3beefac000-7f3bef1ac000 ---p 0009d000 07:00 119049                     /usr/lib/x86_64-linux-gnu/libharfbuzz.so.0.10702.0
7f3bef1ac000-7f3bef1ad000 r--p 0009d000 07:00 119049                     /usr/lib/x86_64-linux-gnu/libharfbuzz.so.0.10702.0
7f3bef1ad000-7f3bef1ae000 rw-p 0009e000 07:00 119049                     /usr/lib/x86_64-linux-gnu/libharfbuzz.so.0.10702.0
7f3bef1ae000-7f3bef1dd000 r-xp 00000000 07:00 11674                      /lib/x86_64-linux-gnu/libexpat.so.1.6.7
7f3bef1dd000-7f3bef3dd000 ---p 0002f000 07:00 11674                      /lib/x86_64-linux-gnu/libexpat.so.1.6.7
7f3bef3dd000-7f3bef3df000 r--p 0002f000 07:00 11674                      /lib/x86_64-linux-gnu/libexpat.so.1.6.7
7f3bef3df000-7f3bef3e0000 rw-p 00031000 07:00 11674                      /lib/x86_64-linux-gnu/libexpat.so.1.6.7
7f3bef3e0000-7f3bef433000 r-xp 00000000 08:12 546137                     /lib/x86_64-linux-gnu/libmount.so.1.1.0
7f3bef433000-7f3bef632000 ---p 00053000 08:12 546137                     /lib/x86_64-linux-gnu/libmount.so.1.1.0
7f3bef632000-7f3bef634000 r--p 00052000 08:12 546137                     /lib/x86_64-linux-gnu/libmount.so.1.1.0
7f3bef634000-7f3bef635000 rw-p 00054000 08:12 546137                     /lib/x86_64-linux-gnu/libmount.so.1.1.0
7f3bef635000-7f3bef637000 rw-p 00000000 00:00 0 
7f3bef637000-7f3bef64a000 r-xp 00000000 08:12 527287                     /lib/x86_64-linux-gnu/libresolv-2.27.so
7f3bef64a000-7f3bef84a000 ---p 00013000 08:12 527287                     /lib/x86_64-linux-gnu/libresolv-2.27.so
7f3bef84a000-7f3bef84b000 r--p 00013000 08:12 527287                     /lib/x86_64-linux-gnu/libresolv-2.27.so
7f3bef84b000-7f3bef84c000 rw-p 00014000 08:12 527287                     /lib/x86_64-linux-gnu/libresolv-2.27.so
7f3bef84c000-7f3bef84e000 rw-p 00000000 00:00 0 
7f3bef84e000-7f3bef873000 r-xp 00000000 08:12 527206                     /lib/x86_64-linux-gnu/libselinux.so.1
7f3bef873000-7f3befa72000 ---p 00025000 08:12 527206                     /lib/x86_64-linux-gnu/libselinux.so.1
7f3befa72000-7f3befa73000 r--p 00024000 08:12 527206                     /lib/x86_64-linux-gnu/libselinux.so.1
7f3befa73000-7f3befa74000 rw-p 00025000 08:12 527206                     /lib/x86_64-linux-gnu/libselinux.so.1
7f3befa74000-7f3befa76000 rw-p 00000000 00:00 0 
7f3befa76000-7f3befb8a000 r-xp 00000000 07:00 11683                      /lib/x86_64-linux-gnu/libgcrypt.so.20.2.1
7f3befb8a000-7f3befd8a000 ---p 00114000 07:00 11683                      /lib/x86_64-linux-gnu/libgcrypt.so.20.2.1
7f3befd8a000-7f3befd8c000 r--p 00114000 07:00 11683                      /lib/x86_64-linux-gnu/libgcrypt.so.20.2.1
7f3befd8c000-7f3befd91000 rw-p 00116000 07:00 11683                      /lib/x86_64-linux-gnu/libgcrypt.so.20.2.1
7f3befd91000-7f3befd92000 rw-p 00000000 00:00 0 
7f3befd92000-7f3befda3000 r-xp 00000000 07:00 119292                     /usr/lib/x86_64-linux-gnu/liblz4.so.1.7.1
7f3befda3000-7f3beffa2000 ---p 00011000 07:00 119292                     /usr/lib/x86_64-linux-gnu/liblz4.so.1.7.1
7f3beffa2000-7f3beffa3000 r--p 00010000 07:00 119292                     /usr/lib/x86_64-linux-gnu/liblz4.so.1.7.1
7f3beffa3000-7f3beffa4000 rw-p 00011000 07:00 119292                     /usr/lib/x86_64-linux-gnu/liblz4.so.1.7.1
7f3beffa4000-7f3beffc9000 r-xp 00000000 07:00 11710                      /lib/x86_64-linux-gnu/liblzma.so.5.2.2
7f3beffc9000-7f3bf01c8000 ---p 00025000 07:00 11710                      /lib/x86_64-linux-gnu/liblzma.so.5.2.2
7f3bf01c8000-7f3bf01c9000 r--p 00024000 07:00 11710                      /lib/x86_64-linux-gnu/liblzma.so.5.2.2
7f3bf01c9000-7f3bf01ca000 rw-p 00025000 07:00 11710                      /lib/x86_64-linux-gnu/liblzma.so.5.2.2
7f3bf01ca000-7f3bf023a000 r-xp 00000000 08:12 527751                     /lib/x86_64-linux-gnu/libpcre.so.3.13.3
7f3bf023a000-7f3bf043a000 ---p 00070000 08:12 527751                     /lib/x86_64-linux-gnu/libpcre.so.3.13.3
7f3bf043a000-7f3bf043b000 r--p 00070000 08:12 527751                     /lib/x86_64-linux-gnu/libpcre.so.3.13.3
7f3bf043b000-7f3bf043c000 rw-p 00071000 08:12 527751                     /lib/x86_64-linux-gnu/libpcre.so.3.13.3
7f3bf043c000-7f3bf0443000 r-xp 00000000 07:00 118490                     /usr/lib/x86_64-linux-gnu/libffi.so.6.0.4
7f3bf0443000-7f3bf0643000 ---p 00007000 07:00 118490                     /usr/lib/x86_64-linux-gnu/libffi.so.6.0.4
7f3bf0643000-7f3bf0644000 r--p 00007000 07:00 118490                     /usr/lib/x86_64-linux-gnu/libffi.so.6.0.4
7f3bf0644000-7f3bf0645000 rw-p 00008000 07:00 118490                     /usr/lib/x86_64-linux-gnu/libffi.so.6.0.4
7f3bf0645000-7f3bf0651000 r-xp 00000000 07:00 121196                     /usr/lib/x86_64-linux-gnu/libxcb-render.so.0.0.0
7f3bf0651000-7f3bf0851000 ---p 0000c000 07:00 121196                     /usr/lib/x86_64-linux-gnu/libxcb-render.so.0.0.0
7f3bf0851000-7f3bf0852000 r--p 0000c000 07:00 121196                     /usr/lib/x86_64-linux-gnu/libxcb-render.so.0.0.0
7f3bf0852000-7f3bf0853000 rw-p 0000d000 07:00 121196                     /usr/lib/x86_64-linux-gnu/libxcb-render.so.0.0.0
7f3bf0853000-7f3bf0855000 r-xp 00000000 07:00 121202                     /usr/lib/x86_64-linux-gnu/libxcb-shm.so.0.0.0
7f3bf0855000-7f3bf0a55000 ---p 00002000 07:00 121202                     /usr/lib/x86_64-linux-gnu/libxcb-shm.so.0.0.0
7f3bf0a55000-7f3bf0a56000 r--p 00002000 07:00 121202                     /usr/lib/x86_64-linux-gnu/libxcb-shm.so.0.0.0
7f3bf0a56000-7f3bf0a57000 rw-p 00003000 07:00 121202                     /usr/lib/x86_64-linux-gnu/libxcb-shm.so.0.0.0
7f3bf0a57000-7f3bf0af4000 r-xp 00000000 07:00 119750                     /usr/lib/x86_64-linux-gnu/libpixman-1.so.0.34.0
7f3bf0af4000-7f3bf0cf4000 ---p 0009d000 07:00 119750                     /usr/lib/x86_64-linux-gnu/libpixman-1.so.0.34.0
7f3bf0cf4000-7f3bf0cfc000 r--p 0009d000 07:00 119750                     /usr/lib/x86_64-linux-gnu/libpixman-1.so.0.34.0
7f3bf0cfc000-7f3bf0cfd000 rw-p 000a5000 07:00 119750                     /usr/lib/x86_64-linux-gnu/libpixman-1.so.0.34.0
7f3bf0cfd000-7f3bf0d00000 r-xp 00000000 08:12 657239                     /usr/lib/x86_64-linux-gnu/libgmodule-2.0.so.0.5400.3
7f3bf0d00000-7f3bf0eff000 ---p 00003000 08:12 657239                     /usr/lib/x86_64-linux-gnu/libgmodule-2.0.so.0.5400.3
7f3bf0eff000-7f3bf0f00000 r--p 00002000 08:12 657239                     /usr/lib/x86_64-linux-gnu/libgmodule-2.0.so.0.5400.3
7f3bf0f00000-7f3bf0f01000 rw-p 00003000 08:12 657239                     /usr/lib/x86_64-linux-gnu/libgmodule-2.0.so.0.5400.3
7f3bf0f01000-7f3bf0f09000 r-xp 00000000 08:12 678789                     /usr/lib/x86_64-linux-gnu/libthai.so.0.3.0
7f3bf0f09000-7f3bf1109000 ---p 00008000 08:12 678789                     /usr/lib/x86_64-linux-gnu/libthai.so.0.3.0
7f3bf1109000-7f3bf110a000 r--p 00008000 08:12 678789                     /usr/lib/x86_64-linux-gnu/libthai.so.0.3.0
7f3bf110a000-7f3bf110b000 rw-p 00009000 08:12 678789                     /usr/lib/x86_64-linux-gnu/libthai.so.0.3.0
7f3bf110b000-7f3bf111f000 r-xp 00000000 07:00 119691                     /usr/lib/x86_64-linux-gnu/libpangoft2-1.0.so.0.4000.14
7f3bf111f000-7f3bf131f000 ---p 00014000 07:00 119691                     /usr/lib/x86_64-linux-gnu/libpangoft2-1.0.so.0.4000.14
7f3bf131f000-7f3bf1320000 r--p 00014000 07:00 119691                     /usr/lib/x86_64-linux-gnu/libpangoft2-1.0.so.0.4000.14
7f3bf1320000-7f3bf1321000 rw-p 00015000 07:00 119691                     /usr/lib/x86_64-linux-gnu/libpangoft2-1.0.so.0.4000.14
7f3bf1321000-7f3bf1414000 r-xp 00000000 07:00 118415                     /usr/lib/x86_64-linux-gnu/libepoxy.so.0.0.0
7f3bf1414000-7f3bf1614000 ---p 000f3000 07:00 118415                     /usr/lib/x86_64-linux-gnu/libepoxy.so.0.0.0
7f3bf1614000-7f3bf161b000 r--p 000f3000 07:00 118415                     /usr/lib/x86_64-linux-gnu/libepoxy.so.0.0.0
7f3bf161b000-7f3bf1622000 rw-p 000fa000 07:00 118415                     /usr/lib/x86_64-linux-gnu/libepoxy.so.0.0.0
7f3bf1622000-7f3bf162e000 r-xp 00000000 07:00 121052                     /usr/lib/x86_64-linux-gnu/libwayland-client.so.0.3.0
7f3bf162e000-7f3bf182e000 ---p 0000c000 07:00 121052                     /usr/lib/x86_64-linux-gnu/libwayland-client.so.0.3.0
7f3bf182e000-7f3bf1830000 r--p 0000c000 07:00 121052                     /usr/lib/x86_64-linux-gnu/libwayland-client.so.0.3.0
7f3bf1830000-7f3bf1831000 rw-p 0000e000 07:00 121052                     /usr/lib/x86_64-linux-gnu/libwayland-client.so.0.3.0
7f3bf1831000-7f3bf1832000 r-xp 00000000 08:12 666487                     /usr/lib/x86_64-linux-gnu/libwayland-egl.so.1.0.0
7f3bf1832000-7f3bf1a31000 ---p 00001000 08:12 666487                     /usr/lib/x86_64-linux-gnu/libwayland-egl.so.1.0.0
7f3bf1a31000-7f3bf1a32000 r--p 00000000 08:12 666487                     /usr/lib/x86_64-linux-gnu/libwayland-egl.so.1.0.0
7f3bf1a32000-7f3bf1a33000 rw-p 00001000 08:12 666487                     /usr/lib/x86_64-linux-gnu/libwayland-egl.so.1.0.0
7f3bf1a33000-7f3bf1a37000 r-xp 00000000 07:00 121054                     /usr/lib/x86_64-linux-gnu/libwayland-cursor.so.0.0.0
7f3bf1a37000-7f3bf1c36000 ---p 00004000 07:00 121054                     /usr/lib/x86_64-linux-gnu/libwayland-cursor.so.0.0.0
7f3bf1c36000-7f3bf1c37000 r--p 00003000 07:00 121054                     /usr/lib/x86_64-linux-gnu/libwayland-cursor.so.0.0.0
7f3bf1c37000-7f3bf1c3b000 rw-p 00004000 07:00 121054                     /usr/lib/x86_64-linux-gnu/libwayland-cursor.so.0.0.0
7f3bf1c3b000-7f3bf1c78000 r-xp 00000000 07:00 121242                     /usr/lib/x86_64-linux-gnu/libxkbcommon.so.0.0.0
7f3bf1c78000-7f3bf1e78000 ---p 0003d000 07:00 121242                     /usr/lib/x86_64-linux-gnu/libxkbcommon.so.0.0.0
7f3bf1e78000-7f3bf1e7a000 r--p 0003d000 07:00 121242                     /usr/lib/x86_64-linux-gnu/libxkbcommon.so.0.0.0
7f3bf1e7a000-7f3bf1e7b000 rw-p 0003f000 07:00 121242                     /usr/lib/x86_64-linux-gnu/libxkbcommon.so.0.0.0
7f3bf1e7b000-7f3bf1e7d000 r-xp 00000000 07:00 117953                     /usr/lib/x86_64-linux-gnu/libXdamage.so.1.1.0
7f3bf1e7d000-7f3bf207c000 ---p 00002000 07:00 117953                     /usr/lib/x86_64-linux-gnu/libXdamage.so.1.1.0
7f3bf207c000-7f3bf207d000 r--p 00001000 07:00 117953                     /usr/lib/x86_64-linux-gnu/libXdamage.so.1.1.0
7f3bf207d000-7f3bf207e000 rw-p 00002000 07:00 117953                     /usr/lib/x86_64-linux-gnu/libXdamage.so.1.1.0
7f3bf207e000-7f3bf2080000 r-xp 00000000 07:00 117947                     /usr/lib/x86_64-linux-gnu/libXcomposite.so.1.0.0
7f3bf2080000-7f3bf227f000 ---p 00002000 07:00 117947                     /usr/lib/x86_64-linux-gnu/libXcomposite.so.1.0.0
7f3bf227f000-7f3bf2280000 r--p 00001000 07:00 117947                     /usr/lib/x86_64-linux-gnu/libXcomposite.so.1.0.0
7f3bf2280000-7f3bf2281000 rw-p 00002000 07:00 117947                     /usr/lib/x86_64-linux-gnu/libXcomposite.so.1.0.0
7f3bf2281000-7f3bf228b000 r-xp 00000000 07:00 117988                     /usr/lib/x86_64-linux-gnu/libXrandr.so.2.2.0
7f3bf228b000-7f3bf248a000 ---p 0000a000 07:00 117988                     /usr/lib/x86_64-linux-gnu/libXrandr.so.2.2.0
7f3bf248a000-7f3bf248b000 r--p 00009000 07:00 117988                     /usr/lib/x86_64-linux-gnu/libXrandr.so.2.2.0
7f3bf248b000-7f3bf248c000 rw-p 0000a000 07:00 117988                     /usr/lib/x86_64-linux-gnu/libXrandr.so.2.2.0
7f3bf248c000-7f3bf248e000 r-xp 00000000 07:00 117975                     /usr/lib/x86_64-linux-gnu/libXinerama.so.1.0.0
7f3bf248e000-7f3bf268d000 ---p 00002000 07:00 117975                     /usr/lib/x86_64-linux-gnu/libXinerama.so.1.0.0
7f3bf268d000-7f3bf268e000 r--p 00001000 07:00 117975                     /usr/lib/x86_64-linux-gnu/libXinerama.so.1.0.0
7f3bf268e000-7f3bf268f000 rw-p 00002000 07:00 117975                     /usr/lib/x86_64-linux-gnu/libXinerama.so.1.0.0
7f3bf268f000-7f3bf26cd000 r-xp 00000000 07:00 118579                     /usr/lib/x86_64-linux-gnu/libfontconfig.so.1.10.1
7f3bf26cd000-7f3bf28cd000 ---p 0003e000 07:00 118579                     /usr/lib/x86_64-linux-gnu/libfontconfig.so.1.10.1
7f3bf28cd000-7f3bf28cf000 r--p 0003e000 07:00 118579                     /usr/lib/x86_64-linux-gnu/libfontconfig.so.1.10.1
7f3bf28cf000-7f3bf28d4000 rw-p 00040000 07:00 118579                     /usr/lib/x86_64-linux-gnu/libfontconfig.so.1.10.1
7f3bf28d4000-7f3bf2a65000 r-xp 00000000 08:12 657237                     /usr/lib/x86_64-linux-gnu/libgio-2.0.so.0.5400.3
7f3bf2a65000-7f3bf2c64000 ---p 00191000 08:12 657237                     /usr/lib/x86_64-linux-gnu/libgio-2.0.so.0.5400.3
7f3bf2c64000-7f3bf2c6b000 r--p 00190000 08:12 657237                     /usr/lib/x86_64-linux-gnu/libgio-2.0.so.0.5400.3
7f3bf2c6b000-7f3bf2c6c000 rw-p 00197000 08:12 657237                     /usr/lib/x86_64-linux-gnu/libgio-2.0.so.0.5400.3
7f3bf2c6c000-7f3bf2c6e000 rw-p 00000000 00:00 0 
7f3bf2c6e000-7f3bf2cef000 r-xp 00000000 08:12 530840                     /lib/x86_64-linux-gnu/libsystemd.so.0.21.0
7f3bf2cef000-7f3bf2eef000 ---p 00081000 08:12 530840                     /lib/x86_64-linux-gnu/libsystemd.so.0.21.0
7f3bf2eef000-7f3bf2ef2000 r--p 00081000 08:12 530840                     /lib/x86_64-linux-gnu/libsystemd.so.0.21.0
7f3bf2ef2000-7f3bf2ef3000 rw-p 00084000 08:12 530840                     /lib/x86_64-linux-gnu/libsystemd.so.0.21.0
7f3bf2ef3000-7f3bf2ef4000 rw-p 00000000 00:00 0 
7f3bf2ef4000-7f3bf3005000 r-xp 00000000 08:12 527392                     /lib/x86_64-linux-gnu/libglib-2.0.so.0.5400.3
7f3bf3005000-7f3bf3205000 ---p 00111000 08:12 527392                     /lib/x86_64-linux-gnu/libglib-2.0.so.0.5400.3
7f3bf3205000-7f3bf3206000 r--p 00111000 08:12 527392                     /lib/x86_64-linux-gnu/libglib-2.0.so.0.5400.3
7f3bf3206000-7f3bf3207000 rw-p 00112000 08:12 527392                     /lib/x86_64-linux-gnu/libglib-2.0.so.0.5400.3
7f3bf3207000-7f3bf3208000 rw-p 00000000 00:00 0 
7f3bf3208000-7f3bf325a000 r-xp 00000000 08:12 657241                     /usr/lib/x86_64-linux-gnu/libgobject-2.0.so.0.5400.3
7f3bf325a000-7f3bf345a000 ---p 00052000 08:12 657241                     /usr/lib/x86_64-linux-gnu/libgobject-2.0.so.0.5400.3
7f3bf345a000-7f3bf345b000 r--p 00052000 08:12 657241                     /usr/lib/x86_64-linux-gnu/libgobject-2.0.so.0.5400.3
7f3bf345b000-7f3bf345c000 rw-p 00053000 08:12 657241                     /usr/lib/x86_64-linux-gnu/libgobject-2.0.so.0.5400.3
7f3bf345c000-7f3bf3574000 r-xp 00000000 08:12 661736                     /usr/lib/x86_64-linux-gnu/libcairo.so.2.11510.0
7f3bf3574000-7f3bf3773000 ---p 00118000 08:12 661736                     /usr/lib/x86_64-linux-gnu/libcairo.so.2.11510.0
7f3bf3773000-7f3bf3776000 r--p 00117000 08:12 661736                     /usr/lib/x86_64-linux-gnu/libcairo.so.2.11510.0
7f3bf3776000-7f3bf3778000 rw-p 0011a000 08:12 661736                     /usr/lib/x86_64-linux-gnu/libcairo.so.2.11510.0
7f3bf3778000-7f3bf3779000 rw-p 00000000 00:00 0 
7f3bf3779000-7f3bf3780000 r-xp 00000000 08:12 661754                     /usr/lib/x86_64-linux-gnu/libcairo-gobject.so.2.11510.0
7f3bf3780000-7f3bf397f000 ---p 00007000 08:12 661754                     /usr/lib/x86_64-linux-gnu/libcairo-gobject.so.2.11510.0
7f3bf397f000-7f3bf3981000 r--p 00006000 08:12 661754                     /usr/lib/x86_64-linux-gnu/libcairo-gobject.so.2.11510.0
7f3bf3981000-7f3bf3982000 rw-p 00008000 08:12 661754                     /usr/lib/x86_64-linux-gnu/libcairo-gobject.so.2.11510.0
7f3bf3982000-7f3bf39a4000 r-xp 00000000 07:00 118678                     /usr/lib/x86_64-linux-gnu/libgdk_pixbuf-2.0.so.0.3611.0
7f3bf39a4000-7f3bf3ba4000 ---p 00022000 07:00 118678                     /usr/lib/x86_64-linux-gnu/libgdk_pixbuf-2.0.so.0.3611.0
7f3bf3ba4000-7f3bf3ba5000 r--p 00022000 07:00 118678                     /usr/lib/x86_64-linux-gnu/libgdk_pixbuf-2.0.so.0.3611.0
7f3bf3ba5000-7f3bf3ba6000 rw-p 00023000 07:00 118678                     /usr/lib/x86_64-linux-gnu/libgdk_pixbuf-2.0.so.0.3611.0
7f3bf3ba6000-7f3bf3bf0000 r-xp 00000000 07:00 119687                     /usr/lib/x86_64-linux-gnu/libpango-1.0.so.0.4000.14
7f3bf3bf0000-7f3bf3def000 ---p 0004a000 07:00 119687                     /usr/lib/x86_64-linux-gnu/libpango-1.0.so.0.4000.14
7f3bf3def000-7f3bf3df2000 r--p 00049000 07:00 119687                     /usr/lib/x86_64-linux-gnu/libpango-1.0.so.0.4000.14
7f3bf3df2000-7f3bf3df3000 rw-p 0004c000 07:00 119687                     /usr/lib/x86_64-linux-gnu/libpango-1.0.so.0.4000.14
7f3bf3df3000-7f3bf3dff000 r-xp 00000000 07:00 119689                     /usr/lib/x86_64-linux-gnu/libpangocairo-1.0.so.0.4000.14
7f3bf3dff000-7f3bf3ffe000 ---p 0000c000 07:00 119689                     /usr/lib/x86_64-linux-gnu/libpangocairo-1.0.so.0.4000.14
7f3bf3ffe000-7f3bf3fff000 r--p 0000b000 07:00 119689                     /usr/lib/x86_64-linux-gnu/libpangocairo-1.0.so.0.4000.14
7f3bf3fff000-7f3bf4000000 rw-p 0000c000 07:00 119689                     /usr/lib/x86_64-linux-gnu/libpangocairo-1.0.so.0.4000.14
7f3bf4000000-7f3bf4021000 rw-p 00000000 00:00 0 
7f3bf4021000-7f3bf8000000 ---p 00000000 00:00 0 
7f3bf8000000-7f3bf8021000 rw-p 00000000 00:00 0 
7f3bf8021000-7f3bfc000000 ---p 00000000 00:00 0 
7f3bfc000000-7f3bfc021000 rw-p 00000000 00:00 0 
7f3bfc021000-7f3c00000000 ---p 00000000 00:00 0 
7f3c00000000-7f3c00021000 rw-p 00000000 00:00 0 
7f3c00021000-7f3c04000000 ---p 00000000 00:00 0 
7f3c04000000-7f3c043e1000 rw-p 00000000 00:00 0 
7f3c043e1000-7f3c08000000 ---p 00000000 00:00 0 
7f3c08000000-7f3c08021000 rw-p 00000000 00:00 0 
7f3c08021000-7f3c0c000000 ---p 00000000 00:00 0 
7f3c0c000000-7f3c0c070000 rw-p 00000000 00:00 0 
7f3c0c070000-7f3c10000000 ---p 00000000 00:00 0 
7f3c10000000-7f3c10165000 rw-p 00000000 00:00 0 
7f3c10165000-7f3c14000000 ---p 00000000 00:00 0 
7f3c14000000-7f3c14021000 rw-p 00000000 00:00 0 
7f3c14021000-7f3c18000000 ---p 00000000 00:00 0 
7f3c18000000-7f3c18021000 rw-p 00000000 00:00 0 
7f3c18021000-7f3c1c000000 ---p 00000000 00:00 0 
7f3c1c000000-7f3c1c021000 rw-p 00000000 00:00 0 
7f3c1c021000-7f3c20000000 ---p 00000000 00:00 0 
7f3c20000000-7f3c20021000 rw-p 00000000 00:00 0 
7f3c20021000-7f3c24000000 ---p 00000000 00:00 0 
7f3c24000000-7f3c24021000 rw-p 00000000 00:00 0 
7f3c24021000-7f3c28000000 ---p 00000000 00:00 0 
7f3c28000000-7f3c28021000 rw-p 00000000 00:00 0 
7f3c28021000-7f3c2c000000 ---p 00000000 00:00 0 
7f3c2c000000-7f3c2c021000 rw-p 00000000 00:00 0 
7f3c2c021000-7f3c30000000 ---p 00000000 00:00 0 
7f3c30084000-7f3c30171000 r-xp 00000000 08:12 674983                     /usr/lib/x86_64-linux-gnu/libgdk-3.so.0.2200.28
7f3c30171000-7f3c30370000 ---p 000ed000 08:12 674983                     /usr/lib/x86_64-linux-gnu/libgdk-3.so.0.2200.28
7f3c30370000-7f3c30377000 r--p 000ec000 08:12 674983                     /usr/lib/x86_64-linux-gnu/libgdk-3.so.0.2200.28
7f3c30377000-7f3c3037a000 rw-p 000f3000 08:12 674983                     /usr/lib/x86_64-linux-gnu/libgdk-3.so.0.2200.28
7f3c3037a000-7f3c3037b000 rw-p 00000000 00:00 0 
7f3c3037b000-7f3c3042a000 r-xp 00000000 07:00 118676                     /usr/lib/x86_64-linux-gnu/libgdk-x11-2.0.so.0.2400.32
7f3c3042a000-7f3c3062a000 ---p 000af000 07:00 118676                     /usr/lib/x86_64-linux-gnu/libgdk-x11-2.0.so.0.2400.32
7f3c3062a000-7f3c3062e000 r--p 000af000 07:00 118676                     /usr/lib/x86_64-linux-gnu/libgdk-x11-2.0.so.0.2400.32
7f3c3062e000-7f3c30630000 rw-p 000b3000 07:00 118676                     /usr/lib/x86_64-linux-gnu/libgdk-x11-2.0.so.0.2400.32
7f3c30630000-7f3c30631000 r-xp 00000000 08:12 657243                     /usr/lib/x86_64-linux-gnu/libgthread-2.0.so.0.5400.3
7f3c30631000-7f3c30830000 ---p 00001000 08:12 657243                     /usr/lib/x86_64-linux-gnu/libgthread-2.0.so.0.5400.3
7f3c30830000-7f3c30831000 r--p 00000000 08:12 657243                     /usr/lib/x86_64-linux-gnu/libgthread-2.0.so.0.5400.3
7f3c30831000-7f3c30832000 rw-p 00001000 08:12 657243                     /usr/lib/x86_64-linux-gnu/libgthread-2.0.so.0.5400.3
7f3c30832000-7f3c30881000 r-xp 00000000 08:12 527974                     /lib/x86_64-linux-gnu/libdbus-1.so.3.19.6
7f3c30881000-7f3c30a80000 ---p 0004f000 08:12 527974                     /lib/x86_64-linux-gnu/libdbus-1.so.3.19.6
7f3c30a80000-7f3c30a82000 r--p 0004e000 08:12 527974                     /lib/x86_64-linux-gnu/libdbus-1.so.3.19.6
7f3c30a82000-7f3c30a83000 rw-p 00050000 08:12 527974                     /lib/x86_64-linux-gnu/libdbus-1.so.3.19.6
7f3c30a83000-7f3c30ab0000 r-xp 00000000 07:00 118077                     /usr/lib/x86_64-linux-gnu/libatspi.so.0.0.1
7f3c30ab0000-7f3c30caf000 ---p 0002d000 07:00 118077                     /usr/lib/x86_64-linux-gnu/libatspi.so.0.0.1
7f3c30caf000-7f3c30cb3000 r--p 0002c000 07:00 118077                     /usr/lib/x86_64-linux-gnu/libatspi.so.0.0.1
7f3c30cb3000-7f3c30cb4000 rw-p 00030000 07:00 118077                     /usr/lib/x86_64-linux-gnu/libatspi.so.0.0.1
7f3c30cb4000-7f3c30ce3000 r-xp 00000000 07:00 118067                     /usr/lib/x86_64-linux-gnu/libatk-bridge-2.0.so.0.0.0
7f3c30ce3000-7f3c30ee2000 ---p 0002f000 07:00 118067                     /usr/lib/x86_64-linux-gnu/libatk-bridge-2.0.so.0.0.0
7f3c30ee2000-7f3c30ee4000 r--p 0002e000 07:00 118067                     /usr/lib/x86_64-linux-gnu/libatk-bridge-2.0.so.0.0.0
7f3c30ee4000-7f3c30ee5000 rw-p 00030000 07:00 118067                     /usr/lib/x86_64-linux-gnu/libatk-bridge-2.0.so.0.0.0
7f3c30ee5000-7f3c30ee6000 rw-p 00000000 00:00 0 
7f3c30ee6000-7f3c30f08000 r-xp 00000000 07:00 118065                     /usr/lib/x86_64-linux-gnu/libatk-1.0.so.0.22610.1
7f3c30f08000-7f3c31108000 ---p 00022000 07:00 118065                     /usr/lib/x86_64-linux-gnu/libatk-1.0.so.0.22610.1
7f3c31108000-7f3c3110b000 r--p 00022000 07:00 118065                     /usr/lib/x86_64-linux-gnu/libatk-1.0.so.0.22610.1
7f3c3110b000-7f3c3110c000 rw-p 00025000 07:00 118065                     /usr/lib/x86_64-linux-gnu/libatk-1.0.so.0.22610.1
7f3c3110c000-7f3c31123000 r-xp 00000000 08:12 534611                     /usr/lib/x86_64-linux-gnu/jni/libatk-wrapper.so.6.0.0
7f3c31123000-7f3c31323000 ---p 00017000 08:12 534611                     /usr/lib/x86_64-linux-gnu/jni/libatk-wrapper.so.6.0.0
7f3c31323000-7f3c31324000 r--p 00017000 08:12 534611                     /usr/lib/x86_64-linux-gnu/jni/libatk-wrapper.so.6.0.0
7f3c31324000-7f3c31325000 rw-p 00018000 08:12 534611                     /usr/lib/x86_64-linux-gnu/jni/libatk-wrapper.so.6.0.0
7f3c31325000-7f3c31328000 ---p 00000000 00:00 0 
7f3c31328000-7f3c3135e000 rw-p 00000000 00:00 0 
7f3c3135e000-7f3c31361000 ---p 00000000 00:00 0 
7f3c31361000-7f3c3145f000 rw-p 00000000 00:00 0 
7f3c3145f000-7f3c31464000 r-xp 00000000 07:00 117965                     /usr/lib/x86_64-linux-gnu/libXfixes.so.3.1.0
7f3c31464000-7f3c31663000 ---p 00005000 07:00 117965                     /usr/lib/x86_64-linux-gnu/libXfixes.so.3.1.0
7f3c31663000-7f3c31664000 r--p 00004000 07:00 117965                     /usr/lib/x86_64-linux-gnu/libXfixes.so.3.1.0
7f3c31664000-7f3c31665000 rw-p 00005000 07:00 117965                     /usr/lib/x86_64-linux-gnu/libXfixes.so.3.1.0
7f3c31665000-7f3c3166e000 r-xp 00000000 07:00 117949                     /usr/lib/x86_64-linux-gnu/libXcursor.so.1.0.2
7f3c3166e000-7f3c3186d000 ---p 00009000 07:00 117949                     /usr/lib/x86_64-linux-gnu/libXcursor.so.1.0.2
7f3c3186d000-7f3c3186e000 r--p 00008000 07:00 117949                     /usr/lib/x86_64-linux-gnu/libXcursor.so.1.0.2
7f3c3186e000-7f3c3186f000 rw-p 00009000 07:00 117949                     /usr/lib/x86_64-linux-gnu/libXcursor.so.1.0.2
7f3c3186f000-7f3c31872000 ---p 00000000 00:00 0 
7f3c31872000-7f3c31970000 rw-p 00000000 00:00 0 
7f3c31970000-7f3c319a2000 r-xp 00000000 07:00 119759                     /usr/lib/x86_64-linux-gnu/libpng16.so.16.34.0
7f3c319a2000-7f3c31ba1000 ---p 00032000 07:00 119759                     /usr/lib/x86_64-linux-gnu/libpng16.so.16.34.0
7f3c31ba1000-7f3c31ba2000 r--p 00031000 07:00 119759                     /usr/lib/x86_64-linux-gnu/libpng16.so.16.34.0
7f3c31ba2000-7f3c31ba3000 rw-p 00032000 07:00 119759                     /usr/lib/x86_64-linux-gnu/libpng16.so.16.34.0
7f3c31ba3000-7f3c31c51000 r-xp 00000000 08:12 658671                     /usr/lib/x86_64-linux-gnu/libfreetype.so.6.15.0
7f3c31c51000-7f3c31e50000 ---p 000ae000 08:12 658671                     /usr/lib/x86_64-linux-gnu/libfreetype.so.6.15.0
7f3c31e50000-7f3c31e57000 r--p 000ad000 08:12 658671                     /usr/lib/x86_64-linux-gnu/libfreetype.so.6.15.0
7f3c31e57000-7f3c31e58000 rw-p 000b4000 08:12 658671                     /usr/lib/x86_64-linux-gnu/libfreetype.so.6.15.0
7f3c31e8f000-7f3c31edf000 r-xp 00000000 07:00 68078                      /usr/lib/jvm/java-8-openjdk-amd64/jre/lib/amd64/libfontmanager.so
7f3c31edf000-7f3c320df000 ---p 00050000 07:00 68078                      /usr/lib/jvm/java-8-openjdk-amd64/jre/lib/amd64/libfontmanager.so
7f3c320df000-7f3c320e1000 r--p 00050000 07:00 68078                      /usr/lib/jvm/java-8-openjdk-amd64/jre/lib/amd64/libfontmanager.so
7f3c320e1000-7f3c320e2000 rw-p 00052000 07:00 68078                      /usr/lib/jvm/java-8-openjdk-amd64/jre/lib/amd64/libfontmanager.so
7f3c320e2000-7f3c320f5000 r-xp 00000000 07:00 11640                      /lib/x86_64-linux-gnu/libbsd.so.0.8.7
7f3c320f5000-7f3c322f4000 ---p 00013000 07:00 11640                      /lib/x86_64-linux-gnu/libbsd.so.0.8.7
7f3c322f4000-7f3c322f5000 r--p 00012000 07:00 11640                      /lib/x86_64-linux-gnu/libbsd.so.0.8.7
7f3c322f5000-7f3c322f6000 rw-p 00013000 07:00 11640                      /lib/x86_64-linux-gnu/libbsd.so.0.8.7
7f3c322f6000-7f3c322f7000 rw-p 00000000 00:00 0 
7f3c322f7000-7f3c322fc000 r-xp 00000000 07:00 117957                     /usr/lib/x86_64-linux-gnu/libXdmcp.so.6.0.0
7f3c322fc000-7f3c324fb000 ---p 00005000 07:00 117957                     /usr/lib/x86_64-linux-gnu/libXdmcp.so.6.0.0
7f3c324fb000-7f3c324fc000 r--p 00004000 07:00 117957                     /usr/lib/x86_64-linux-gnu/libXdmcp.so.6.0.0
7f3c324fc000-7f3c324fd000 rw-p 00005000 07:00 117957                     /usr/lib/x86_64-linux-gnu/libXdmcp.so.6.0.0
7f3c324fd000-7f3c324ff000 r-xp 00000000 07:00 117940                     /usr/lib/x86_64-linux-gnu/libXau.so.6.0.0
7f3c324ff000-7f3c326ff000 ---p 00002000 07:00 117940                     /usr/lib/x86_64-linux-gnu/libXau.so.6.0.0
7f3c326ff000-7f3c32700000 r--p 00002000 07:00 117940                     /usr/lib/x86_64-linux-gnu/libXau.so.6.0.0
7f3c32700000-7f3c32701000 rw-p 00003000 07:00 117940                     /usr/lib/x86_64-linux-gnu/libXau.so.6.0.0
7f3c32701000-7f3c32728000 r-xp 00000000 07:00 121222                     /usr/lib/x86_64-linux-gnu/libxcb.so.1.1.0
7f3c32728000-7f3c32927000 ---p 00027000 07:00 121222                     /usr/lib/x86_64-linux-gnu/libxcb.so.1.1.0
7f3c32927000-7f3c32928000 r--p 00026000 07:00 121222                     /usr/lib/x86_64-linux-gnu/libxcb.so.1.1.0
7f3c32928000-7f3c32929000 rw-p 00027000 07:00 121222                     /usr/lib/x86_64-linux-gnu/libxcb.so.1.1.0
7f3c32929000-7f3c32938000 r-xp 00000000 07:00 117973                     /usr/lib/x86_64-linux-gnu/libXi.so.6.1.0
7f3c32938000-7f3c32b37000 ---p 0000f000 07:00 117973                     /usr/lib/x86_64-linux-gnu/libXi.so.6.1.0
7f3c32b37000-7f3c32b38000 r--p 0000e000 07:00 117973                     /usr/lib/x86_64-linux-gnu/libXi.so.6.1.0
7f3c32b38000-7f3c32b39000 rw-p 0000f000 07:00 117973                     /usr/lib/x86_64-linux-gnu/libXi.so.6.1.0
7f3c32b39000-7f3c32b3e000 r-xp 00000000 07:00 117998                     /usr/lib/x86_64-linux-gnu/libXtst.so.6.1.0
7f3c32b3e000-7f3c32d3d000 ---p 00005000 07:00 117998                     /usr/lib/x86_64-linux-gnu/libXtst.so.6.1.0
7f3c32d3d000-7f3c32d3e000 r--p 00004000 07:00 117998                     /usr/lib/x86_64-linux-gnu/libXtst.so.6.1.0
7f3c32d3e000-7f3c32d3f000 rw-p 00005000 07:00 117998                     /usr/lib/x86_64-linux-gnu/libXtst.so.6.1.0
7f3c32d3f000-7f3c32d48000 r-xp 00000000 07:00 117990                     /usr/lib/x86_64-linux-gnu/libXrender.so.1.3.0
7f3c32d48000-7f3c32f47000 ---p 00009000 07:00 117990                     /usr/lib/x86_64-linux-gnu/libXrender.so.1.3.0
7f3c32f47000-7f3c32f48000 r--p 00008000 07:00 117990                     /usr/lib/x86_64-linux-gnu/libXrender.so.1.3.0
7f3c32f48000-7f3c32f49000 rw-p 00009000 07:00 117990                     /usr/lib/x86_64-linux-gnu/libXrender.so.1.3.0
7f3c32f49000-7f3c33083000 r-xp 00000000 07:00 117932                     /usr/lib/x86_64-linux-gnu/libX11.so.6.3.0
7f3c33083000-7f3c33283000 ---p 0013a000 07:00 117932                     /usr/lib/x86_64-linux-gnu/libX11.so.6.3.0
7f3c33283000-7f3c33284000 r--p 0013a000 07:00 117932                     /usr/lib/x86_64-linux-gnu/libX11.so.6.3.0
7f3c33284000-7f3c33289000 rw-p 0013b000 07:00 117932                     /usr/lib/x86_64-linux-gnu/libX11.so.6.3.0
7f3c33289000-7f3c3329a000 r-xp 00000000 07:00 117961                     /usr/lib/x86_64-linux-gnu/libXext.so.6.4.0
7f3c3329a000-7f3c33499000 ---p 00011000 07:00 117961                     /usr/lib/x86_64-linux-gnu/libXext.so.6.4.0
7f3c33499000-7f3c3349a000 r--p 00010000 07:00 117961                     /usr/lib/x86_64-linux-gnu/libXext.so.6.4.0
7f3c3349a000-7f3c3349b000 rw-p 00011000 07:00 117961                     /usr/lib/x86_64-linux-gnu/libXext.so.6.4.0
7f3c334bf000-7f3c334d2000 r--s 00346000 07:00 68165                      /usr/lib/jvm/java-8-openjdk-amd64/jre/lib/resources.jar
7f3c334d2000-7f3c33526000 r-xp 00000000 07:00 68076                      /usr/lib/jvm/java-8-openjdk-amd64/jre/lib/amd64/libawt_xawt.so
7f3c33526000-7f3c33725000 ---p 00054000 07:00 68076                      /usr/lib/jvm/java-8-openjdk-amd64/jre/lib/amd64/libawt_xawt.so
7f3c33725000-7f3c33726000 r--p 00053000 07:00 68076                      /usr/lib/jvm/java-8-openjdk-amd64/jre/lib/amd64/libawt_xawt.so
7f3c33726000-7f3c33729000 rw-p 00054000 07:00 68076                      /usr/lib/jvm/java-8-openjdk-amd64/jre/lib/amd64/libawt_xawt.so
7f3c33729000-7f3c3372a000 rw-p 00000000 00:00 0 
7f3c3372a000-7f3c337ca000 r-xp 00000000 07:00 68074                      /usr/lib/jvm/java-8-openjdk-amd64/jre/lib/amd64/libawt.so
7f3c337ca000-7f3c339c9000 ---p 000a0000 07:00 68074                      /usr/lib/jvm/java-8-openjdk-amd64/jre/lib/amd64/libawt.so
7f3c339c9000-7f3c339ca000 r--p 0009f000 07:00 68074                      /usr/lib/jvm/java-8-openjdk-amd64/jre/lib/amd64/libawt.so
7f3c339ca000-7f3c339d5000 rw-p 000a0000 07:00 68074                      /usr/lib/jvm/java-8-openjdk-amd64/jre/lib/amd64/libawt.so
7f3c339d5000-7f3c339fa000 rw-p 00000000 00:00 0 
7f3c339fa000-7f3c339fb000 ---p 00000000 00:00 0 
7f3c339fb000-7f3c33afb000 rw-p 00000000 00:00 0 
7f3c33afb000-7f3c33afe000 ---p 00000000 00:00 0 
7f3c33afe000-7f3c33bfc000 rw-p 00000000 00:00 0 
7f3c33bfc000-7f3c33bfd000 ---p 00000000 00:00 0 
7f3c33bfd000-7f3c33c00000 ---p 00000000 00:00 0 
7f3c33c00000-7f3c33cfd000 rw-p 00000000 00:00 0 
7f3c33cfd000-7f3c33cfe000 ---p 00000000 00:00 0 
7f3c33cfe000-7f3c33d01000 ---p 00000000 00:00 0 
7f3c33d01000-7f3c33dfe000 rw-p 00000000 00:00 0 
7f3c33dfe000-7f3c33dff000 ---p 00000000 00:00 0 
7f3c33dff000-7f3c33e02000 ---p 00000000 00:00 0 
7f3c33e02000-7f3c33eff000 rw-p 00000000 00:00 0 
7f3c33eff000-7f3c33f02000 ---p 00000000 00:00 0 
7f3c33f02000-7f3c34000000 rw-p 00000000 00:00 0 
7f3c34000000-7f3c34021000 rw-p 00000000 00:00 0 
7f3c34021000-7f3c38000000 ---p 00000000 00:00 0 
7f3c3800b000-7f3c3800f000 r--s 00037000 07:00 68135                      /usr/lib/jvm/java-8-openjdk-amd64/jre/lib/ext/sunpkcs11.jar
7f3c3800f000-7f3c38015000 r--s 0003a000 07:00 68134                      /usr/lib/jvm/java-8-openjdk-amd64/jre/lib/ext/sunjce_provider.jar
7f3c38015000-7f3c38030000 r--s 001d6000 07:00 68132                      /usr/lib/jvm/java-8-openjdk-amd64/jre/lib/ext/nashorn.jar
7f3c38030000-7f3c38081000 r--p 00000000 08:12 799351                     /usr/lib/locale/aa_DJ.utf8/LC_CTYPE
7f3c38081000-7f3c381b1000 r--p 00000000 08:12 799350                     /usr/lib/locale/aa_DJ.utf8/LC_COLLATE
7f3c381b1000-7f3c381b4000 ---p 00000000 00:00 0 
7f3c381b4000-7f3c382b2000 rw-p 00000000 00:00 0 
7f3c382b2000-7f3c382b5000 ---p 00000000 00:00 0 
7f3c382b5000-7f3c383b3000 rw-p 00000000 00:00 0 
7f3c383b3000-7f3c383b4000 ---p 00000000 00:00 0 
7f3c383b4000-7f3c39453000 rw-p 00000000 00:00 0 
7f3c39453000-7f3c39622000 r--s 03c21000 07:00 68166                      /usr/lib/jvm/java-8-openjdk-amd64/jre/lib/rt.jar
7f3c39622000-7f3c39698000 rw-p 00000000 00:00 0 
7f3c39698000-7f3c3bede000 rw-p 00000000 00:00 0 
7f3c3bede000-7f3c3bedf000 ---p 00000000 00:00 0 
7f3c3bedf000-7f3c3bfdf000 rw-p 00000000 00:00 0 
7f3c3bfdf000-7f3c3bfe0000 ---p 00000000 00:00 0 
7f3c3bfe0000-7f3c3c0e0000 rw-p 00000000 00:00 0 
7f3c3c0e0000-7f3c3c0e1000 ---p 00000000 00:00 0 
7f3c3c0e1000-7f3c3c1e1000 rw-p 00000000 00:00 0 
7f3c3c1e1000-7f3c3c1e2000 ---p 00000000 00:00 0 
7f3c3c1e2000-7f3c3c2e2000 rw-p 00000000 00:00 0 
7f3c3c2e2000-7f3c3c2f7000 rw-p 00000000 00:00 0 
7f3c3c2f7000-7f3c3c426000 ---p 00000000 00:00 0 
7f3c3c426000-7f3c3c43b000 rw-p 00000000 00:00 0 
7f3c3c43b000-7f3c3c56a000 ---p 00000000 00:00 0 
7f3c3c56a000-7f3c3c575000 rw-p 00000000 00:00 0 
7f3c3c575000-7f3c3c60c000 ---p 00000000 00:00 0 
7f3c3c60c000-7f3c3c618000 rw-p 00000000 00:00 0 
7f3c3c618000-7f3c3c9cd000 ---p 00000000 00:00 0 
7f3c3c9cd000-7f3c3cc5d000 rwxp 00000000 00:00 0 
7f3c3cc5d000-7f3c4b9cd000 ---p 00000000 00:00 0 
7f3c4b9cd000-7f3c4b9d5000 r-xp 00000000 07:00 68107                      /usr/lib/jvm/java-8-openjdk-amd64/jre/lib/amd64/libzip.so
7f3c4b9d5000-7f3c4bbd4000 ---p 00008000 07:00 68107                      /usr/lib/jvm/java-8-openjdk-amd64/jre/lib/amd64/libzip.so
7f3c4bbd4000-7f3c4bbd5000 r--p 00007000 07:00 68107                      /usr/lib/jvm/java-8-openjdk-amd64/jre/lib/amd64/libzip.so
7f3c4bbd5000-7f3c4bbd6000 rw-p 00008000 07:00 68107                      /usr/lib/jvm/java-8-openjdk-amd64/jre/lib/amd64/libzip.so
7f3c4bbd6000-7f3c4bbe1000 r-xp 00000000 08:12 527275                     /lib/x86_64-linux-gnu/libnss_files-2.27.so
7f3c4bbe1000-7f3c4bde0000 ---p 0000b000 08:12 527275                     /lib/x86_64-linux-gnu/libnss_files-2.27.so
7f3c4bde0000-7f3c4bde1000 r--p 0000a000 08:12 527275                     /lib/x86_64-linux-gnu/libnss_files-2.27.so
7f3c4bde1000-7f3c4bde2000 rw-p 0000b000 08:12 527275                     /lib/x86_64-linux-gnu/libnss_files-2.27.so
7f3c4bde2000-7f3c4bde8000 rw-p 00000000 00:00 0 
7f3c4bde8000-7f3c4bdfd000 r-xp 00000000 08:12 527269                     /lib/x86_64-linux-gnu/libnsl-2.27.so
7f3c4bdfd000-7f3c4bffc000 ---p 00015000 08:12 527269                     /lib/x86_64-linux-gnu/libnsl-2.27.so
7f3c4bffc000-7f3c4bffd000 r--p 00014000 08:12 527269                     /lib/x86_64-linux-gnu/libnsl-2.27.so
7f3c4bffd000-7f3c4bffe000 rw-p 00015000 08:12 527269                     /lib/x86_64-linux-gnu/libnsl-2.27.so
7f3c4bffe000-7f3c4c000000 rw-p 00000000 00:00 0 
7f3c4c000000-7f3c4c3c6000 rw-p 00000000 00:00 0 
7f3c4c3c6000-7f3c50000000 ---p 00000000 00:00 0 
7f3c50001000-7f3c5000b000 r--s 00116000 07:00 68131                      /usr/lib/jvm/java-8-openjdk-amd64/jre/lib/ext/localedata.jar
7f3c5000b000-7f3c5004d000 rw-p 00000000 00:00 0 
7f3c5004d000-7f3c50058000 r-xp 00000000 08:12 527279                     /lib/x86_64-linux-gnu/libnss_nis-2.27.so
7f3c50058000-7f3c50257000 ---p 0000b000 08:12 527279                     /lib/x86_64-linux-gnu/libnss_nis-2.27.so
7f3c50257000-7f3c50258000 r--p 0000a000 08:12 527279                     /lib/x86_64-linux-gnu/libnss_nis-2.27.so
7f3c50258000-7f3c50259000 rw-p 0000b000 08:12 527279                     /lib/x86_64-linux-gnu/libnss_nis-2.27.so
7f3c50259000-7f3c50260000 r-xp 00000000 08:12 527271                     /lib/x86_64-linux-gnu/libnss_compat-2.27.so
7f3c50260000-7f3c5045f000 ---p 00007000 08:12 527271                     /lib/x86_64-linux-gnu/libnss_compat-2.27.so
7f3c5045f000-7f3c50460000 r--p 00006000 08:12 527271                     /lib/x86_64-linux-gnu/libnss_compat-2.27.so
7f3c50460000-7f3c50461000 rw-p 00007000 08:12 527271                     /lib/x86_64-linux-gnu/libnss_compat-2.27.so
7f3c50461000-7f3c5048e000 r-xp 00000000 07:00 68086                      /usr/lib/jvm/java-8-openjdk-amd64/jre/lib/amd64/libjava.so
7f3c5048e000-7f3c5068e000 ---p 0002d000 07:00 68086                      /usr/lib/jvm/java-8-openjdk-amd64/jre/lib/amd64/libjava.so
7f3c5068e000-7f3c5068f000 r--p 0002d000 07:00 68086                      /usr/lib/jvm/java-8-openjdk-amd64/jre/lib/amd64/libjava.so
7f3c5068f000-7f3c50691000 rw-p 0002e000 07:00 68086                      /usr/lib/jvm/java-8-openjdk-amd64/jre/lib/amd64/libjava.so
7f3c50691000-7f3c506a1000 r-xp 00000000 07:00 68106                      /usr/lib/jvm/java-8-openjdk-amd64/jre/lib/amd64/libverify.so
7f3c506a1000-7f3c508a0000 ---p 00010000 07:00 68106                      /usr/lib/jvm/java-8-openjdk-amd64/jre/lib/amd64/libverify.so
7f3c508a0000-7f3c508a2000 r--p 0000f000 07:00 68106                      /usr/lib/jvm/java-8-openjdk-amd64/jre/lib/amd64/libverify.so
7f3c508a2000-7f3c508a3000 rw-p 00011000 07:00 68106                      /usr/lib/jvm/java-8-openjdk-amd64/jre/lib/amd64/libverify.so
7f3c508a3000-7f3c508aa000 r-xp 00000000 08:12 527289                     /lib/x86_64-linux-gnu/librt-2.27.so
7f3c508aa000-7f3c50aa9000 ---p 00007000 08:12 527289                     /lib/x86_64-linux-gnu/librt-2.27.so
7f3c50aa9000-7f3c50aaa000 r--p 00006000 08:12 527289                     /lib/x86_64-linux-gnu/librt-2.27.so
7f3c50aaa000-7f3c50aab000 rw-p 00007000 08:12 527289                     /lib/x86_64-linux-gnu/librt-2.27.so
7f3c50aab000-7f3c50ac2000 r-xp 00000000 08:12 528033                     /lib/x86_64-linux-gnu/libgcc_s.so.1
7f3c50ac2000-7f3c50cc1000 ---p 00017000 08:12 528033                     /lib/x86_64-linux-gnu/libgcc_s.so.1
7f3c50cc1000-7f3c50cc2000 r--p 00016000 08:12 528033                     /lib/x86_64-linux-gnu/libgcc_s.so.1
7f3c50cc2000-7f3c50cc3000 rw-p 00017000 08:12 528033                     /lib/x86_64-linux-gnu/libgcc_s.so.1
7f3c50cc3000-7f3c50e55000 r-xp 00000000 08:12 527263                     /lib/x86_64-linux-gnu/libm-2.27.so
7f3c50e55000-7f3c51054000 ---p 00192000 08:12 527263                     /lib/x86_64-linux-gnu/libm-2.27.so
7f3c51054000-7f3c51055000 r--p 00191000 08:12 527263                     /lib/x86_64-linux-gnu/libm-2.27.so
7f3c51055000-7f3c51056000 rw-p 00192000 08:12 527263                     /lib/x86_64-linux-gnu/libm-2.27.so
7f3c51056000-7f3c511cc000 r-xp 00000000 08:12 663312                     /usr/lib/x86_64-linux-gnu/libstdc++.so.6.0.25
7f3c511cc000-7f3c513cc000 ---p 00176000 08:12 663312                     /usr/lib/x86_64-linux-gnu/libstdc++.so.6.0.25
7f3c513cc000-7f3c513d6000 r--p 00176000 08:12 663312                     /usr/lib/x86_64-linux-gnu/libstdc++.so.6.0.25
7f3c513d6000-7f3c513d8000 rw-p 00180000 08:12 663312                     /usr/lib/x86_64-linux-gnu/libstdc++.so.6.0.25
7f3c513d8000-7f3c513db000 rw-p 00000000 00:00 0 
7f3c513db000-7f3c52065000 r-xp 00000000 07:00 68112                      /usr/lib/jvm/java-8-openjdk-amd64/jre/lib/amd64/server/libjvm.so
7f3c52065000-7f3c52265000 ---p 00c8a000 07:00 68112                      /usr/lib/jvm/java-8-openjdk-amd64/jre/lib/amd64/server/libjvm.so
7f3c52265000-7f3c522f8000 r--p 00c8a000 07:00 68112                      /usr/lib/jvm/java-8-openjdk-amd64/jre/lib/amd64/server/libjvm.so
7f3c522f8000-7f3c52320000 rw-p 00d1d000 07:00 68112                      /usr/lib/jvm/java-8-openjdk-amd64/jre/lib/amd64/server/libjvm.so
7f3c52320000-7f3c52351000 rw-p 00000000 00:00 0 
7f3c52351000-7f3c52502000 r-xp 00000000 08:12 527255                     /lib/x86_64-linux-gnu/libc-2.27.so
7f3c52502000-7f3c52701000 ---p 001b1000 08:12 527255                     /lib/x86_64-linux-gnu/libc-2.27.so
7f3c52701000-7f3c52705000 r--p 001b0000 08:12 527255                     /lib/x86_64-linux-gnu/libc-2.27.so
7f3c52705000-7f3c52707000 rw-p 001b4000 08:12 527255                     /lib/x86_64-linux-gnu/libc-2.27.so
7f3c52707000-7f3c5270b000 rw-p 00000000 00:00 0 
7f3c5270b000-7f3c5270e000 r-xp 00000000 08:12 527261                     /lib/x86_64-linux-gnu/libdl-2.27.so
7f3c5270e000-7f3c5290d000 ---p 00003000 08:12 527261                     /lib/x86_64-linux-gnu/libdl-2.27.so
7f3c5290d000-7f3c5290e000 r--p 00002000 08:12 527261                     /lib/x86_64-linux-gnu/libdl-2.27.so
7f3c5290e000-7f3c5290f000 rw-p 00003000 08:12 527261                     /lib/x86_64-linux-gnu/libdl-2.27.so
7f3c5290f000-7f3c5291d000 r-xp 00000000 07:00 68070                      /usr/lib/jvm/java-8-openjdk-amd64/jre/lib/amd64/jli/libjli.so
7f3c5291d000-7f3c52b1c000 ---p 0000e000 07:00 68070                      /usr/lib/jvm/java-8-openjdk-amd64/jre/lib/amd64/jli/libjli.so
7f3c52b1c000-7f3c52b1d000 r--p 0000d000 07:00 68070                      /usr/lib/jvm/java-8-openjdk-amd64/jre/lib/amd64/jli/libjli.so
7f3c52b1d000-7f3c52b1e000 rw-p 0000e000 07:00 68070                      /usr/lib/jvm/java-8-openjdk-amd64/jre/lib/amd64/jli/libjli.so
7f3c52b1e000-7f3c52b37000 r-xp 00000000 07:00 11815                      /lib/x86_64-linux-gnu/libz.so.1.2.8
7f3c52b37000-7f3c52d36000 ---p 00019000 07:00 11815                      /lib/x86_64-linux-gnu/libz.so.1.2.8
7f3c52d36000-7f3c52d37000 r--p 00018000 07:00 11815                      /lib/x86_64-linux-gnu/libz.so.1.2.8
7f3c52d37000-7f3c52d38000 rw-p 00019000 07:00 11815                      /lib/x86_64-linux-gnu/libz.so.1.2.8
7f3c52d38000-7f3c52d51000 r-xp 00000000 08:12 527285                     /lib/x86_64-linux-gnu/libpthread-2.27.so
7f3c52d51000-7f3c52f50000 ---p 00019000 08:12 527285                     /lib/x86_64-linux-gnu/libpthread-2.27.so
7f3c52f50000-7f3c52f51000 r--p 00018000 08:12 527285                     /lib/x86_64-linux-gnu/libpthread-2.27.so
7f3c52f51000-7f3c52f52000 rw-p 00019000 08:12 527285                     /lib/x86_64-linux-gnu/libpthread-2.27.so
7f3c52f52000-7f3c52f56000 rw-p 00000000 00:00 0 
7f3c52f56000-7f3c52f7b000 r-xp 00000000 08:12 527247                     /lib/x86_64-linux-gnu/ld-2.27.so
7f3c52f7d000-7f3c52f7f000 r--s 00008000 07:00 68133                      /usr/lib/jvm/java-8-openjdk-amd64/jre/lib/ext/sunec.jar
7f3c52f7f000-7f3c52f9a000 r--s 00394000 07:00 68125                      /usr/lib/jvm/java-8-openjdk-amd64/jre/lib/ext/cldrdata.jar
7f3c52f9a000-7f3c5303e000 rw-p 00000000 00:00 0 
7f3c5303e000-7f3c5303f000 ---p 00000000 00:00 0 
7f3c5303f000-7f3c53042000 ---p 00000000 00:00 0 
7f3c53042000-7f3c53143000 rw-p 00000000 00:00 0 
7f3c53143000-7f3c53144000 r--s 00010000 07:00 68136                      /usr/lib/jvm/java-8-openjdk-amd64/jre/lib/ext/zipfs.jar
7f3c53144000-7f3c53146000 r--s 00007000 08:12 794659                     /usr/share/java/java-atk-wrapper.jar
7f3c53146000-7f3c53147000 r--s 0000a000 07:00 68128                      /usr/lib/jvm/java-8-openjdk-amd64/jre/lib/ext/jaccess.jar
7f3c53147000-7f3c5314a000 r--s 0000f000 07:00 68127                      /usr/lib/jvm/java-8-openjdk-amd64/jre/lib/ext/icedtea-sound.jar
7f3c5314a000-7f3c5314c000 r--s 00001000 07:00 68126                      /usr/lib/jvm/java-8-openjdk-amd64/jre/lib/ext/dnsns.jar
7f3c5314c000-7f3c5314d000 r--p 00000000 08:12 799374                     /usr/lib/locale/aa_ET/LC_NUMERIC
7f3c5314d000-7f3c5314e000 r--p 00000000 08:12 800051                     /usr/lib/locale/en_US.utf8/LC_TIME
7f3c5314e000-7f3c5314f000 r--p 00000000 08:12 799757                     /usr/lib/locale/chr_US/LC_MONETARY
7f3c5314f000-7f3c53150000 r--p 00000000 08:12 556352                     /usr/lib/locale/en_AG/LC_MESSAGES/SYS_LC_MESSAGES
7f3c53150000-7f3c53151000 r--p 00000000 08:12 799758                     /usr/lib/locale/chr_US/LC_PAPER
7f3c53151000-7f3c53152000 r--p 00000000 08:12 799627                     /usr/lib/locale/bi_VU/LC_NAME
7f3c53152000-7f3c53153000 r--p 00000000 08:12 800049                     /usr/lib/locale/en_US.utf8/LC_ADDRESS
7f3c53153000-7f3c53154000 r--p 00000000 08:12 799760                     /usr/lib/locale/chr_US/LC_TELEPHONE
7f3c53154000-7f3c53155000 r--p 00000000 08:12 799755                     /usr/lib/locale/chr_US/LC_MEASUREMENT
7f3c53155000-7f3c5315c000 r--s 00000000 08:12 655957                     /usr/lib/x86_64-linux-gnu/gconv/gconv-modules.cache
7f3c5315c000-7f3c5315d000 r--p 00000000 08:12 800050                     /usr/lib/locale/en_US.utf8/LC_IDENTIFICATION
7f3c5315d000-7f3c53170000 rw-p 00000000 00:00 0 
7f3c53170000-7f3c53178000 rw-s 00000000 00:29 430571                     /tmp/hsperfdata_junior/2968
7f3c53178000-7f3c53179000 rw-p 00000000 00:00 0 
7f3c53179000-7f3c5317a000 r--p 00000000 00:00 0 
7f3c5317a000-7f3c5317b000 r--p 00024000 08:12 527247                     /lib/x86_64-linux-gnu/ld-2.27.so
7f3c5317b000-7f3c5317c000 rw-p 00025000 08:12 527247                     /lib/x86_64-linux-gnu/ld-2.27.so
7f3c5317c000-7f3c5317d000 rw-p 00000000 00:00 0 
7ffe98da3000-7ffe98dc4000 rw-p 00000000 00:00 0                          [stack]
7ffe98dde000-7ffe98de1000 r--p 00000000 00:00 0                          [vvar]
7ffe98de1000-7ffe98de3000 r-xp 00000000 00:00 0                          [vdso]

VM Arguments:
java_command: CustomDialog
java_class_path (initial): .
Launcher Type: SUN_STANDARD

Environment Variables:
JAVA_HOME=/opt/jdk1.8.0_161/bin/java
PATH=/usr/local/bin:/usr/bin:/bin:/usr/local/games:/usr/games:/usr/share/games:/usr/local/sbin:/usr/sbin:/sbin:/home/junior/local/bin:/opt/jdk1.8.0_161/bin
SHELL=/bin/bash
DISPLAY=:0

Signal Handlers:
SIGSEGV: [libjvm.so+0xaa6ae0], sa_mask[0]=11111111011111111101111111111110, sa_flags=SA_RESTART|SA_SIGINFO
SIGBUS: [libjvm.so+0xaa6ae0], sa_mask[0]=11111111011111111101111111111110, sa_flags=SA_RESTART|SA_SIGINFO
SIGFPE: [libjvm.so+0x8ddf00], sa_mask[0]=11111111011111111101111111111110, sa_flags=SA_RESTART|SA_SIGINFO
SIGPIPE: [libjvm.so+0x8ddf00], sa_mask[0]=11111111011111111101111111111110, sa_flags=SA_RESTART|SA_SIGINFO
SIGXFSZ: [libjvm.so+0x8ddf00], sa_mask[0]=11111111011111111101111111111110, sa_flags=SA_RESTART|SA_SIGINFO
SIGILL: [libjvm.so+0x8ddf00], sa_mask[0]=11111111011111111101111111111110, sa_flags=SA_RESTART|SA_SIGINFO
SIGUSR1: SIG_DFL, sa_mask[0]=00000000000000000000000000000000, sa_flags=none
SIGUSR2: [libjvm.so+0x8dddb0], sa_mask[0]=00000000000000000000000000000000, sa_flags=SA_RESTART|SA_SIGINFO
SIGHUP: [libjvm.so+0x8de260], sa_mask[0]=11111111011111111101111111111110, sa_flags=SA_RESTART|SA_SIGINFO
SIGINT: SIG_IGN, sa_mask[0]=00000000000000000000000000000000, sa_flags=none
SIGTERM: [libjvm.so+0x8de260], sa_mask[0]=11111111011111111101111111111110, sa_flags=SA_RESTART|SA_SIGINFO
SIGQUIT: [libjvm.so+0x8de260], sa_mask[0]=11111111011111111101111111111110, sa_flags=SA_RESTART|SA_SIGINFO


---------------  S Y S T E M  ---------------

OS:DISTRIB_ID=Parrot
DISTRIB_RELEASE=3.11
DISTRIB_CODENAME=stable
DISTRIB_DESCRIPTION="Parrot 3.11"

uname:Linux 4.14.0-parrot13-amd64 #1 SMP Parrot 4.14.13-1parrot13 (2018-01-21) x86_64
libc:glibc 2.27 NPTL 2.27 
rlimit: STACK 8192k, CORE 0k, NPROC 15351, NOFILE 1048576, AS infinity
load average:0.49 1.72 2.02

/proc/meminfo:
MemTotal:        3975472 kB
MemFree:          287680 kB
MemAvailable:    1457288 kB
Buffers:           73872 kB
Cached:          1041804 kB
SwapCached:            0 kB
Active:          2567092 kB
Inactive:         697708 kB
Active(anon):    1897624 kB
Inactive(anon):   175332 kB
Active(file):     669468 kB
Inactive(file):   522376 kB
Unevictable:          32 kB
Mlocked:              32 kB
SwapTotal:             0 kB
SwapFree:              0 kB
Dirty:               192 kB
Writeback:             0 kB
AnonPages:       2072292 kB
Mapped:           316868 kB
Shmem:            194796 kB
Slab:             327000 kB
SReclaimable:     266168 kB
SUnreclaim:        60832 kB
KernelStack:       11328 kB
PageTables:        40100 kB
NFS_Unstable:          0 kB
Bounce:                0 kB
WritebackTmp:          0 kB
CommitLimit:     1987736 kB
Committed_AS:    8026492 kB
VmallocTotal:   34359738367 kB
VmallocUsed:           0 kB
VmallocChunk:          0 kB
HardwareCorrupted:     0 kB
AnonHugePages:    573440 kB
ShmemHugePages:        0 kB
ShmemPmdMapped:        0 kB
HugePages_Total:       0
HugePages_Free:        0
HugePages_Rsvd:        0
HugePages_Surp:        0
Hugepagesize:       2048 kB
DirectMap4k:      192064 kB
DirectMap2M:     3934208 kB


CPU:total 4 (initial active 4) (4 cores per cpu, 1 threads per core) family 6 model 23 stepping 10, cmov, cx8, fxsr, mmx, sse, sse2, sse3, ssse3, sse4.1, tsc

/proc/cpuinfo:
processor	: 0
vendor_id	: GenuineIntel
cpu family	: 6
model		: 23
model name	: Intel(R) Core(TM)2 Quad CPU    Q8400  @ 2.66GHz
stepping	: 10
microcode	: 0xa07
cpu MHz		: 2666.396
cache size	: 2048 KB
physical id	: 0
siblings	: 4
core id		: 0
cpu cores	: 4
apicid		: 0
initial apicid	: 0
fpu		: yes
fpu_exception	: yes
cpuid level	: 13
wp		: yes
flags		: fpu vme de pse tsc msr pae mce cx8 apic sep mtrr pge mca cmov pat pse36 clflush dts acpi mmx fxsr sse sse2 ss ht tm pbe syscall nx lm constant_tsc arch_perfmon pebs bts rep_good nopl cpuid aperfmperf pni dtes64 monitor ds_cpl vmx est tm2 ssse3 cx16 xtpr pdcm sse4_1 xsave lahf_lm pti tpr_shadow vnmi flexpriority dtherm
bugs		: cpu_meltdown
bogomips	: 5334.99
clflush size	: 64
cache_alignment	: 64
address sizes	: 36 bits physical, 48 bits virtual
power management:

processor	: 1
vendor_id	: GenuineIntel
cpu family	: 6
model		: 23
model name	: Intel(R) Core(TM)2 Quad CPU    Q8400  @ 2.66GHz
stepping	: 10
microcode	: 0xa07
cpu MHz		: 2666.395
cache size	: 2048 KB
physical id	: 0
siblings	: 4
core id		: 1
cpu cores	: 4
apicid		: 1
initial apicid	: 1
fpu		: yes
fpu_exception	: yes
cpuid level	: 13
wp		: yes
flags		: fpu vme de pse tsc msr pae mce cx8 apic sep mtrr pge mca cmov pat pse36 clflush dts acpi mmx fxsr sse sse2 ss ht tm pbe syscall nx lm constant_tsc arch_perfmon pebs bts rep_good nopl cpuid aperfmperf pni dtes64 monitor ds_cpl vmx est tm2 ssse3 cx16 xtpr pdcm sse4_1 xsave lahf_lm pti tpr_shadow vnmi flexpriority dtherm
bugs		: cpu_meltdown
bogomips	: 5334.99
clflush size	: 64
cache_alignment	: 64
address sizes	: 36 bits physical, 48 bits virtual
power management:

processor	: 2
vendor_id	: GenuineIntel
cpu family	: 6
model		: 23
model name	: Intel(R) Core(TM)2 Quad CPU    Q8400  @ 2.66GHz
stepping	: 10
microcode	: 0xa07
cpu MHz		: 2666.396
cache size	: 2048 KB
physical id	: 0
siblings	: 4
core id		: 2
cpu cores	: 4
apicid		: 2
initial apicid	: 2
fpu		: yes
fpu_exception	: yes
cpuid level	: 13
wp		: yes
flags		: fpu vme de pse tsc msr pae mce cx8 apic sep mtrr pge mca cmov pat pse36 clflush dts acpi mmx fxsr sse sse2 ss ht tm pbe syscall nx lm constant_tsc arch_perfmon pebs bts rep_good nopl cpuid aperfmperf pni dtes64 monitor ds_cpl vmx est tm2 ssse3 cx16 xtpr pdcm sse4_1 xsave lahf_lm pti tpr_shadow vnmi flexpriority dtherm
bugs		: cpu_meltdown
bogomips	: 5334.99
clflush size	: 64
cache_alignment	: 64
address sizes	: 36 bits physical, 48 bits virtual
power management:

processor	: 3
vendor_id	: GenuineIntel
cpu family	: 6
model		: 23
model name	: Intel(R) Core(TM)2 Quad CPU    Q8400  @ 2.66GHz
stepping	: 10
microcode	: 0xa07
cpu MHz		: 2666.395
cache size	: 2048 KB
physical id	: 0
siblings	: 4
core id		: 3
cpu cores	: 4
apicid		: 3
initial apicid	: 3
fpu		: yes
fpu_exception	: yes
cpuid level	: 13
wp		: yes
flags		: fpu vme de pse tsc msr pae mce cx8 apic sep mtrr pge mca cmov pat pse36 clflush dts acpi mmx fxsr sse sse2 ss ht tm pbe syscall nx lm constant_tsc arch_perfmon pebs bts rep_good nopl cpuid aperfmperf pni dtes64 monitor ds_cpl vmx est tm2 ssse3 cx16 xtpr pdcm sse4_1 xsave lahf_lm pti tpr_shadow vnmi flexpriority dtherm
bugs		: cpu_meltdown
bogomips	: 5334.99
clflush size	: 64
cache_alignment	: 64
address sizes	: 36 bits physical, 48 bits virtual
power management:



Memory: 4k page, physical 3975472k(286056k free), swap 0k(0k free)

vm_info: OpenJDK 64-Bit Server VM (25.151-b12) for linux-amd64 JRE (1.8.0_151-8u151-b12-1-b12), built on Nov  1 2017 06:12:56 by "buildd" with gcc 7.2.1 20171025

time: Mon Mar 12 21:25:15 2018
elapsed time: 9 seconds (0d 0h 0m 9s)

