#
# A fatal error has been detected by the Java Runtime Environment:
#
#  SIGSEGV (0xb) at pc=0x00007ff32d021085, pid=2918, tid=0x00007ff2e432d700
#
# JRE version: OpenJDK Runtime Environment (8.0_151-b12) (build 1.8.0_151-8u151-b12-1-b12)
# Java VM: OpenJDK 64-Bit Server VM (25.151-b12 mixed mode linux-amd64 compressed oops)
# Problematic frame:
# j  javax.swing.text.AbstractDocument.addDocumentListener(Ljavax/swing/event/DocumentListener;)V+7
#
# Failed to write core dump. Core dumps have been disabled. To enable core dumping, try "ulimit -c unlimited" before starting Java again
#
# If you would like to submit a bug report, please visit:
#   http://bugreport.java.com/bugreport/crash.jsp
#

---------------  T H R E A D  ---------------

Current thread (0x00007ff33c32f000):  JavaThread "AWT-EventQueue-1" [_thread_in_Java, id=2940, stack(0x00007ff2e422d000,0x00007ff2e432e000)]

siginfo: si_signo: 11 (SIGSEGV), si_code: 1 (SEGV_MAPERR), si_addr: 0x0000000003800470

Registers:
RAX=0x0000000003800278, RBX=0x000000000000000a, RCX=0x00000000ec0e5ed0, RDX=0x0000000090000003
RSP=0x00007ff2e432aa58, RBP=0x00007ff2e432aab8, RSI=0x0000000000000058, RDI=0x00007ff33c32f000
R8 =0x00007ff33c32f960, R9 =0x000000000000000c, R10=0x00007ff3452966e0, R11=0x00007ff33c1d3e80
R12=0x0000000000000000, R13=0x00007ff2e408f53f, R14=0x0000000000000000, R15=0x00007ff33c32f000
RIP=0x00007ff32d021085, EFLAGS=0x0000000000010246, CSGSFS=0x002b000000000033, ERR=0x0000000000000004
  TRAPNO=0x000000000000000e

Top of Stack: (sp=0x00007ff2e432aa58)
0x00007ff2e432aa58:   00007ff32d007ffd 00000000ec104d78
0x00007ff2e432aa68:   00000000ec0cd588 00000000ec0e5ed0
0x00007ff2e432aa78:   00007ff2e432aa78 00007ff2e408f53f
0x00007ff2e432aa88:   00007ff2e432aad0 00007ff2e4091938
0x00007ff2e432aa98:   0000000000000000 00007ff2e408f550
0x00007ff2e432aaa8:   0000000000000000 00007ff2e432aac8
0x00007ff2e432aab8:   00007ff2e432ab18 00007ff32d008042
0x00007ff2e432aac8:   00000000ec104d78 00000000ec0f5d58
0x00007ff2e432aad8:   00007ff2e432aad8 00007ff2d8d1e2e5
0x00007ff2e432aae8:   00007ff2e432ab40 00007ff2d8d20f60
0x00007ff2e432aaf8:   0000000000000000 00007ff2d8d1e330
0x00007ff2e432ab08:   00007ff2e432aac8 00007ff2e432ab38
0x00007ff2e432ab18:   00007ff2e432ab88 00007ff32d007ffd
0x00007ff2e432ab28:   0000000000000000 00000000ec0f5d58
0x00007ff2e432ab38:   00000000ec0f3c78 00000000ec104d78
0x00007ff2e432ab48:   00007ff2e432ab48 00007ff2d8d1b2b7
0x00007ff2e432ab58:   00007ff2e432aba0 00007ff2d8d21e48
0x00007ff2e432ab68:   0000000000000000 00007ff2d8d1b2c0
0x00007ff2e432ab78:   00007ff2e432ab38 00007ff2e432ab98
0x00007ff2e432ab88:   00007ff2e432abf8 00007ff32d007ffd
0x00007ff2e432ab98:   00000000ec0f3c78 00000000ec104d78
0x00007ff2e432aba8:   00000000ec104d78 00000000ec0f3c78
0x00007ff2e432abb8:   00007ff2e432abb8 00007ff32cdff73d
0x00007ff2e432abc8:   00007ff2e432ac08 00007ff32ce0b9d0
0x00007ff2e432abd8:   0000000000000000 00007ff32cdff750
0x00007ff2e432abe8:   00007ff2e432ab98 00007ff2e432ac08
0x00007ff2e432abf8:   00007ff2e432ac50 00007ff32d007e54
0x00007ff2e432ac08:   00000000ec0f3c78 00007ff2e432ac10
0x00007ff2e432ac18:   00007ff32cbf2f18 00007ff2e432ac78
0x00007ff2e432ac28:   00007ff32cc3cd40 0000000000000000
0x00007ff2e432ac38:   00007ff32cbf2f30 00007ff2e432ac08
0x00007ff2e432ac48:   00007ff2e432ac70 00007ff2e432acc0 

Instructions: (pc=0x00007ff32d021085)
0x00007ff32d021065:   01 49 83 5e 28 00 e9 0d 00 00 00 49 89 46 10 ba
0x00007ff32d021075:   01 00 00 00 49 89 56 18 49 83 c6 30 4c 89 75 e0
0x00007ff32d021085:   48 8b 9c d8 a8 01 00 00 48 8b 55 e0 48 85 d2 0f
0x00007ff32d021095:   84 2f 01 00 00 80 7a d0 0b 0f 85 25 01 00 00 48 

Register to memory mapping:

RAX=0x0000000003800278 is an unknown value
RBX=0x000000000000000a is an unknown value
RCX=0x00000000ec0e5ed0 is an oop

[error occurred during error reporting (printing register info), id 0xb]

Stack: [0x00007ff2e422d000,0x00007ff2e432e000],  sp=0x00007ff2e432aa58,  free space=1014k
Native frames: (J=compiled Java code, j=interpreted, Vv=VM code, C=native code)
j  javax.swing.text.AbstractDocument.addDocumentListener(Ljavax/swing/event/DocumentListener;)V+7
j  javax.swing.text.JTextComponent$AccessibleJTextComponent.<init>(Ljavax/swing/text/JTextComponent;)V+21
j  javax.swing.JTextField$AccessibleJTextField.<init>(Ljavax/swing/JTextField;)V+7
j  javax.swing.JTextField.getAccessibleContext()Ljavax/accessibility/AccessibleContext;+13
j  org.GNOME.Accessibility.AtkWrapper$3.componentResized(Ljava/awt/event/ComponentEvent;)V+16
j  java.awt.Component.processComponentEvent(Ljava/awt/event/ComponentEvent;)V+46
j  java.awt.Component.processEvent(Ljava/awt/AWTEvent;)V+139
j  java.awt.Container.processEvent(Ljava/awt/AWTEvent;)V+18
j  java.awt.Component.dispatchEventImpl(Ljava/awt/AWTEvent;)V+589
j  java.awt.Container.dispatchEventImpl(Ljava/awt/AWTEvent;)V+42
j  java.awt.Component.dispatchEvent(Ljava/awt/AWTEvent;)V+2
j  java.awt.EventQueue.dispatchEventImpl(Ljava/awt/AWTEvent;Ljava/lang/Object;)V+41
j  java.awt.EventQueue.access$500(Ljava/awt/EventQueue;Ljava/awt/AWTEvent;Ljava/lang/Object;)V+3
j  java.awt.EventQueue$3.run()Ljava/lang/Void;+32
j  java.awt.EventQueue$3.run()Ljava/lang/Object;+1
v  ~StubRoutines::call_stub
V  [libjvm.so+0x67b49b]
V  [libjvm.so+0x6ce5b4]  JVM_DoPrivileged+0x504
j  java.security.AccessController.doPrivileged(Ljava/security/PrivilegedAction;Ljava/security/AccessControlContext;)Ljava/lang/Object;+0
j  java.security.ProtectionDomain$JavaSecurityAccessImpl.doIntersectionPrivilege(Ljava/security/PrivilegedAction;Ljava/security/AccessControlContext;Ljava/security/AccessControlContext;)Ljava/lang/Object;+18
j  java.security.ProtectionDomain$JavaSecurityAccessImpl.doIntersectionPrivilege(Ljava/security/PrivilegedAction;Ljava/security/AccessControlContext;)Ljava/lang/Object;+6
j  java.awt.EventQueue$4.run()Ljava/lang/Void;+11
j  java.awt.EventQueue$4.run()Ljava/lang/Object;+1
v  ~StubRoutines::call_stub
V  [libjvm.so+0x67b49b]
V  [libjvm.so+0x6ce5b4]  JVM_DoPrivileged+0x504
j  java.security.AccessController.doPrivileged(Ljava/security/PrivilegedAction;Ljava/security/AccessControlContext;)Ljava/lang/Object;+0
j  java.security.ProtectionDomain$JavaSecurityAccessImpl.doIntersectionPrivilege(Ljava/security/PrivilegedAction;Ljava/security/AccessControlContext;Ljava/security/AccessControlContext;)Ljava/lang/Object;+18
j  java.awt.EventQueue.dispatchEvent(Ljava/awt/AWTEvent;)V+73
j  org.GNOME.Accessibility.AtkWrapper$6.dispatchEvent(Ljava/awt/AWTEvent;)V+100
j  java.awt.EventDispatchThread.pumpOneEventForFilters(I)V+245
j  java.awt.EventDispatchThread.pumpEventsForFilter(ILjava/awt/Conditional;Ljava/awt/EventFilter;)V+35
j  java.awt.EventDispatchThread.pumpEventsForHierarchy(ILjava/awt/Conditional;Ljava/awt/Component;)V+11
j  java.awt.EventDispatchThread.pumpEvents(ILjava/awt/Conditional;)V+4
j  java.awt.EventDispatchThread.pumpEvents(Ljava/awt/Conditional;)V+3
j  java.awt.EventDispatchThread.run()V+9
v  ~StubRoutines::call_stub
V  [libjvm.so+0x67b49b]
V  [libjvm.so+0x678b5b]
V  [libjvm.so+0x679147]
V  [libjvm.so+0x6bef1b]
V  [libjvm.so+0xa439c3]
V  [libjvm.so+0xa43df2]
V  [libjvm.so+0x8dfcb2]
C  [libpthread.so.0+0x75aa]  start_thread+0xda


---------------  P R O C E S S  ---------------

Java Threads: ( => current thread )
  0x00007ff33c362800 JavaThread "TimerQueue" daemon [_thread_blocked, id=2941, stack(0x00007ff2d8efe000,0x00007ff2d8fff000)]
=>0x00007ff33c32f000 JavaThread "AWT-EventQueue-1" [_thread_in_Java, id=2940, stack(0x00007ff2e422d000,0x00007ff2e432e000)]
  0x00007ff33c32d800 JavaThread "AWT-Shutdown" [_thread_blocked, id=2939, stack(0x00007ff2e432e000,0x00007ff2e442f000)]
  0x00007ff33c2ea000 JavaThread "Image Fetcher 0" daemon [_thread_blocked, id=2937, stack(0x00007ff2e505b000,0x00007ff2e515c000)]
  0x00007ff33c294000 JavaThread "process reaper" daemon [_thread_blocked, id=2936, stack(0x00007ff32427a000,0x00007ff3242b3000)]
  0x00007ff33c281000 JavaThread "AWT-XAWT" daemon [_thread_in_native, id=2934, stack(0x00007ff3242b3000,0x00007ff3243b4000)]
  0x00007ff33c25d000 JavaThread "Java2D Disposer" daemon [_thread_blocked, id=2933, stack(0x00007ff3247c4000,0x00007ff3248c5000)]
  0x00007ff33c0c5800 JavaThread "Service Thread" daemon [_thread_blocked, id=2931, stack(0x00007ff326a6b000,0x00007ff326b6c000)]
  0x00007ff33c0b6000 JavaThread "C1 CompilerThread2" daemon [_thread_blocked, id=2930, stack(0x00007ff326b6d000,0x00007ff326c6d000)]
  0x00007ff33c0b4000 JavaThread "C2 CompilerThread1" daemon [_thread_blocked, id=2929, stack(0x00007ff326c6e000,0x00007ff326d6e000)]
  0x00007ff33c0b1800 JavaThread "C2 CompilerThread0" daemon [_thread_blocked, id=2928, stack(0x00007ff326d6f000,0x00007ff326e6f000)]
  0x00007ff33c0af800 JavaThread "Signal Dispatcher" daemon [_thread_blocked, id=2927, stack(0x00007ff326e6f000,0x00007ff326f70000)]
  0x00007ff33c084000 JavaThread "Finalizer" daemon [_thread_blocked, id=2926, stack(0x00007ff3270f1000,0x00007ff3271f2000)]
  0x00007ff33c07f800 JavaThread "Reference Handler" daemon [_thread_blocked, id=2925, stack(0x00007ff3271f2000,0x00007ff3272f3000)]
  0x00007ff33c00a000 JavaThread "main" [_thread_in_native, id=2919, stack(0x00007ff345f90000,0x00007ff346090000)]

Other Threads:
  0x00007ff33c077800 VMThread [stack: 0x00007ff3272f4000,0x00007ff3273f4000] [id=2924]
  0x00007ff33c0c8000 WatcherThread [stack: 0x00007ff32696b000,0x00007ff326a6b000] [id=2932]

VM state:not at safepoint (normal execution)

VM Mutex/Monitor currently owned by a thread: None

Heap:
 PSYoungGen      total 18432K, used 5737K [0x00000000ebc00000, 0x00000000ed080000, 0x0000000100000000)
  eden space 15872K, 36% used [0x00000000ebc00000,0x00000000ec19a680,0x00000000ecb80000)
  from space 2560K, 0% used [0x00000000ece00000,0x00000000ece00000,0x00000000ed080000)
  to   space 2560K, 0% used [0x00000000ecb80000,0x00000000ecb80000,0x00000000ece00000)
 ParOldGen       total 42496K, used 0K [0x00000000c3400000, 0x00000000c5d80000, 0x00000000ebc00000)
  object space 42496K, 0% used [0x00000000c3400000,0x00000000c3400000,0x00000000c5d80000)
 Metaspace       used 11553K, capacity 11786K, committed 12032K, reserved 1060864K
  class space    used 1375K, capacity 1434K, committed 1536K, reserved 1048576K

Card table byte_map: [0x00007ff3423c4000,0x00007ff3425ab000] byte_map_base: 0x00007ff341daa000

Marking Bits: (ParMarkBitMap*) 0x00007ff3452850e0
 Begin Bits: [0x00007ff34001c000, 0x00007ff340f4c000)
 End Bits:   [0x00007ff340f4c000, 0x00007ff341e7c000)

Polling page: 0x00007ff3460ca000

CodeCache: size=245760Kb used=2111Kb max_used=2111Kb free=243648Kb
 bounds [0x00007ff32d000000, 0x00007ff32d270000, 0x00007ff33c000000]
 total_blobs=976 nmethods=432 adapters=460
 compilation: enabled

Compilation events (10 events):
Event: 0.471 Thread 0x00007ff33c0b6000 nmethod 426 0x00007ff32d20c050 code [0x00007ff32d20c1a0, 0x00007ff32d20c2b0]
Event: 0.471 Thread 0x00007ff33c0b6000  424       1       java.awt.Component::isVisible_NoClientCode (5 bytes)
Event: 0.471 Thread 0x00007ff33c0b6000 nmethod 424 0x00007ff32d20c310 code [0x00007ff32d20c460, 0x00007ff32d20c570]
Event: 0.473 Thread 0x00007ff33c0b6000  427       1       java.awt.Component::getTreeLock (4 bytes)
Event: 0.473 Thread 0x00007ff33c0b6000 nmethod 427 0x00007ff32d20c5d0 code [0x00007ff32d20c720, 0x00007ff32d20c830]
Event: 0.475 Thread 0x00007ff33c0b6000  428       1       java.net.URL::getHost (5 bytes)
Event: 0.475 Thread 0x00007ff33c0b6000 nmethod 428 0x00007ff32d20c890 code [0x00007ff32d20c9e0, 0x00007ff32d20caf0]
Event: 0.475 Thread 0x00007ff33c0b6000  429       1       java.net.URL::getAuthority (5 bytes)
Event: 0.475 Thread 0x00007ff33c0b6000 nmethod 429 0x00007ff32d20cb50 code [0x00007ff32d20cca0, 0x00007ff32d20cdb0]
Event: 0.475 Thread 0x00007ff33c0b6000  430       3       java.security.AccessControlContext::optimize (318 bytes)

GC Heap History (0 events):
No events

Deoptimization events (0 events):
No events

Internal exceptions (10 events):
Event: 0.086 Thread 0x00007ff33c00a000 Exception <a 'java/security/PrivilegedActionException'> (0x00000000ebc786f0) thrown at [/build/openjdk-8-O5BLDv/openjdk-8-8u151-b12/src/hotspot/src/share/vm/prims/jvm.cpp, line 1390]
Event: 0.086 Thread 0x00007ff33c00a000 Exception <a 'java/security/PrivilegedActionException'> (0x00000000ebc78900) thrown at [/build/openjdk-8-O5BLDv/openjdk-8-8u151-b12/src/hotspot/src/share/vm/prims/jvm.cpp, line 1390]
Event: 0.087 Thread 0x00007ff33c00a000 Exception <a 'java/security/PrivilegedActionException'> (0x00000000ebc7a988) thrown at [/build/openjdk-8-O5BLDv/openjdk-8-8u151-b12/src/hotspot/src/share/vm/prims/jvm.cpp, line 1390]
Event: 0.087 Thread 0x00007ff33c00a000 Exception <a 'java/security/PrivilegedActionException'> (0x00000000ebc7ab98) thrown at [/build/openjdk-8-O5BLDv/openjdk-8-8u151-b12/src/hotspot/src/share/vm/prims/jvm.cpp, line 1390]
Event: 0.087 Thread 0x00007ff33c00a000 Exception <a 'java/security/PrivilegedActionException'> (0x00000000ebc7b670) thrown at [/build/openjdk-8-O5BLDv/openjdk-8-8u151-b12/src/hotspot/src/share/vm/prims/jvm.cpp, line 1390]
Event: 0.087 Thread 0x00007ff33c00a000 Exception <a 'java/security/PrivilegedActionException'> (0x00000000ebc7b880) thrown at [/build/openjdk-8-O5BLDv/openjdk-8-8u151-b12/src/hotspot/src/share/vm/prims/jvm.cpp, line 1390]
Event: 0.131 Thread 0x00007ff33c00a000 Exception <a 'java/lang/NoSuchFieldError': method resolution failed> (0x00000000ebd98248) thrown at [/build/openjdk-8-O5BLDv/openjdk-8-8u151-b12/src/hotspot/src/share/vm/prims/methodHandles.cpp, line 1146]
Event: 0.133 Thread 0x00007ff33c00a000 Exception <a 'java/lang/NoSuchFieldError': method resolution failed> (0x00000000ebda5a48) thrown at [/build/openjdk-8-O5BLDv/openjdk-8-8u151-b12/src/hotspot/src/share/vm/prims/methodHandles.cpp, line 1146]
Event: 0.161 Thread 0x00007ff33c00a000 Exception <a 'java/io/FileNotFoundException'> (0x00000000ebe24098) thrown at [/build/openjdk-8-O5BLDv/openjdk-8-8u151-b12/src/hotspot/src/share/vm/prims/jni.cpp, line 709]
Event: 0.189 Thread 0x00007ff33c00a000 Exception <a 'java/lang/ClassNotFoundException': sun/dc/DuctusRenderingEngine> (0x00000000ebe522c8) thrown at [/build/openjdk-8-O5BLDv/openjdk-8-8u151-b12/src/hotspot/src/share/vm/classfile/systemDictionary.cpp, line 210]

Events (10 events):
Event: 0.476 loading class javax/swing/event/CaretListener
Event: 0.476 loading class javax/swing/event/CaretListener done
Event: 0.476 loading class javax/accessibility/AccessibleAction
Event: 0.476 loading class javax/accessibility/AccessibleAction done
Event: 0.477 loading class javax/accessibility/AccessibleEditableText
Event: 0.477 loading class javax/accessibility/AccessibleEditableText done
Event: 0.477 loading class javax/accessibility/AccessibleExtendedText
Event: 0.477 loading class javax/accessibility/AccessibleExtendedText done
Event: 0.477 loading class javax/swing/text/JTextComponent$AccessibleJTextComponent done
Event: 0.477 loading class javax/swing/JTextField$AccessibleJTextField done


Dynamic libraries:
c3400000-c5d80000 rw-p 00000000 00:00 0 
c5d80000-ebc00000 ---p 00000000 00:00 0 
ebc00000-ed080000 rw-p 00000000 00:00 0 
ed080000-100000000 ---p 00000000 00:00 0 
100000000-100180000 rw-p 00000000 00:00 0 
100180000-140000000 ---p 00000000 00:00 0 
559d6f54f000-559d6f550000 r-xp 00000000 07:00 68052                      /usr/lib/jvm/java-8-openjdk-amd64/jre/bin/java
559d6f74f000-559d6f750000 r--p 00000000 07:00 68052                      /usr/lib/jvm/java-8-openjdk-amd64/jre/bin/java
559d6f750000-559d6f751000 rw-p 00001000 07:00 68052                      /usr/lib/jvm/java-8-openjdk-amd64/jre/bin/java
559d70a6b000-559d70a8c000 rw-p 00000000 00:00 0                          [heap]
7ff2c8000000-7ff2c8021000 rw-p 00000000 00:00 0 
7ff2c8021000-7ff2cc000000 ---p 00000000 00:00 0 
7ff2cc000000-7ff2cc021000 rw-p 00000000 00:00 0 
7ff2cc021000-7ff2d0000000 ---p 00000000 00:00 0 
7ff2d0000000-7ff2d0021000 rw-p 00000000 00:00 0 
7ff2d0021000-7ff2d4000000 ---p 00000000 00:00 0 
7ff2d4000000-7ff2d4021000 rw-p 00000000 00:00 0 
7ff2d4021000-7ff2d8000000 ---p 00000000 00:00 0 
7ff2d8cfe000-7ff2d8d3e000 rw-p 00000000 00:00 0 
7ff2d8d3e000-7ff2d8efe000 ---p 00000000 00:00 0 
7ff2d8efe000-7ff2d8f01000 ---p 00000000 00:00 0 
7ff2d8f01000-7ff2dc000000 rw-p 00000000 00:00 0 
7ff2dc000000-7ff2dc021000 rw-p 00000000 00:00 0 
7ff2dc021000-7ff2e0000000 ---p 00000000 00:00 0 
7ff2e0000000-7ff2e0021000 rw-p 00000000 00:00 0 
7ff2e0021000-7ff2e4000000 ---p 00000000 00:00 0 
7ff2e402d000-7ff2e422d000 rw-p 00000000 00:00 0 
7ff2e422d000-7ff2e4230000 ---p 00000000 00:00 0 
7ff2e4230000-7ff2e432e000 rw-p 00000000 00:00 0 
7ff2e432e000-7ff2e4331000 ---p 00000000 00:00 0 
7ff2e4331000-7ff2e442f000 rw-p 00000000 00:00 0 
7ff2e442f000-7ff2e4440000 r-xp 00000000 07:00 68099                      /usr/lib/jvm/java-8-openjdk-amd64/jre/lib/amd64/libnio.so
7ff2e4440000-7ff2e4640000 ---p 00011000 07:00 68099                      /usr/lib/jvm/java-8-openjdk-amd64/jre/lib/amd64/libnio.so
7ff2e4640000-7ff2e4641000 r--p 00011000 07:00 68099                      /usr/lib/jvm/java-8-openjdk-amd64/jre/lib/amd64/libnio.so
7ff2e4641000-7ff2e4642000 rw-p 00012000 07:00 68099                      /usr/lib/jvm/java-8-openjdk-amd64/jre/lib/amd64/libnio.so
7ff2e4642000-7ff2e4659000 r-xp 00000000 07:00 68098                      /usr/lib/jvm/java-8-openjdk-amd64/jre/lib/amd64/libnet.so
7ff2e4659000-7ff2e4858000 ---p 00017000 07:00 68098                      /usr/lib/jvm/java-8-openjdk-amd64/jre/lib/amd64/libnet.so
7ff2e4858000-7ff2e4859000 r--p 00016000 07:00 68098                      /usr/lib/jvm/java-8-openjdk-amd64/jre/lib/amd64/libnet.so
7ff2e4859000-7ff2e485a000 rw-p 00017000 07:00 68098                      /usr/lib/jvm/java-8-openjdk-amd64/jre/lib/amd64/libnet.so
7ff2e485a000-7ff2e485b000 ---p 00000000 00:00 0 
7ff2e485b000-7ff2e505b000 rw-p 00000000 00:00 0 
7ff2e505b000-7ff2e505e000 ---p 00000000 00:00 0 
7ff2e505e000-7ff2e515c000 rw-p 00000000 00:00 0 
7ff2e515c000-7ff2e5165000 r-xp 00000000 07:00 68096                      /usr/lib/jvm/java-8-openjdk-amd64/jre/lib/amd64/libmanagement.so
7ff2e5165000-7ff2e5364000 ---p 00009000 07:00 68096                      /usr/lib/jvm/java-8-openjdk-amd64/jre/lib/amd64/libmanagement.so
7ff2e5364000-7ff2e5365000 r--p 00008000 07:00 68096                      /usr/lib/jvm/java-8-openjdk-amd64/jre/lib/amd64/libmanagement.so
7ff2e5365000-7ff2e5366000 rw-p 00009000 07:00 68096                      /usr/lib/jvm/java-8-openjdk-amd64/jre/lib/amd64/libmanagement.so
7ff2e5366000-7ff2e536c000 r-xp 00000000 08:12 546079                     /lib/x86_64-linux-gnu/libuuid.so.1.3.0
7ff2e536c000-7ff2e556b000 ---p 00006000 08:12 546079                     /lib/x86_64-linux-gnu/libuuid.so.1.3.0
7ff2e556b000-7ff2e556c000 r--p 00005000 08:12 546079                     /lib/x86_64-linux-gnu/libuuid.so.1.3.0
7ff2e556c000-7ff2e556d000 rw-p 00006000 08:12 546079                     /lib/x86_64-linux-gnu/libuuid.so.1.3.0
7ff2e556d000-7ff2e5597000 r-xp 00000000 07:00 118929                     /usr/lib/x86_64-linux-gnu/libgraphite2.so.3.0.1
7ff2e5597000-7ff2e5797000 ---p 0002a000 07:00 118929                     /usr/lib/x86_64-linux-gnu/libgraphite2.so.3.0.1
7ff2e5797000-7ff2e5799000 r--p 0002a000 07:00 118929                     /usr/lib/x86_64-linux-gnu/libgraphite2.so.3.0.1
7ff2e5799000-7ff2e579a000 rw-p 0002c000 07:00 118929                     /usr/lib/x86_64-linux-gnu/libgraphite2.so.3.0.1
7ff2e579a000-7ff2e57e1000 r-xp 00000000 08:12 546099                     /lib/x86_64-linux-gnu/libblkid.so.1.1.0
7ff2e57e1000-7ff2e59e1000 ---p 00047000 08:12 546099                     /lib/x86_64-linux-gnu/libblkid.so.1.1.0
7ff2e59e1000-7ff2e59e5000 r--p 00047000 08:12 546099                     /lib/x86_64-linux-gnu/libblkid.so.1.1.0
7ff2e59e5000-7ff2e59e6000 rw-p 0004b000 08:12 546099                     /lib/x86_64-linux-gnu/libblkid.so.1.1.0
7ff2e59e6000-7ff2e59e7000 rw-p 00000000 00:00 0 
7ff2e59e7000-7ff2e59fb000 r-xp 00000000 08:12 528112                     /lib/x86_64-linux-gnu/libgpg-error.so.0.22.0
7ff2e59fb000-7ff2e5bfa000 ---p 00014000 08:12 528112                     /lib/x86_64-linux-gnu/libgpg-error.so.0.22.0
7ff2e5bfa000-7ff2e5bfb000 r--p 00013000 08:12 528112                     /lib/x86_64-linux-gnu/libgpg-error.so.0.22.0
7ff2e5bfb000-7ff2e5bfc000 rw-p 00014000 08:12 528112                     /lib/x86_64-linux-gnu/libgpg-error.so.0.22.0
7ff2e5bfc000-7ff2e5c02000 r-xp 00000000 08:12 661842                     /usr/lib/x86_64-linux-gnu/libdatrie.so.1.3.3
7ff2e5c02000-7ff2e5e02000 ---p 00006000 08:12 661842                     /usr/lib/x86_64-linux-gnu/libdatrie.so.1.3.3
7ff2e5e02000-7ff2e5e03000 r--p 00006000 08:12 661842                     /usr/lib/x86_64-linux-gnu/libdatrie.so.1.3.3
7ff2e5e03000-7ff2e5e04000 rw-p 00007000 08:12 661842                     /usr/lib/x86_64-linux-gnu/libdatrie.so.1.3.3
7ff2e5e04000-7ff2e5ea1000 r-xp 00000000 07:00 119049                     /usr/lib/x86_64-linux-gnu/libharfbuzz.so.0.10702.0
7ff2e5ea1000-7ff2e60a1000 ---p 0009d000 07:00 119049                     /usr/lib/x86_64-linux-gnu/libharfbuzz.so.0.10702.0
7ff2e60a1000-7ff2e60a2000 r--p 0009d000 07:00 119049                     /usr/lib/x86_64-linux-gnu/libharfbuzz.so.0.10702.0
7ff2e60a2000-7ff2e60a3000 rw-p 0009e000 07:00 119049                     /usr/lib/x86_64-linux-gnu/libharfbuzz.so.0.10702.0
7ff2e60a3000-7ff2e60d2000 r-xp 00000000 07:00 11674                      /lib/x86_64-linux-gnu/libexpat.so.1.6.7
7ff2e60d2000-7ff2e62d2000 ---p 0002f000 07:00 11674                      /lib/x86_64-linux-gnu/libexpat.so.1.6.7
7ff2e62d2000-7ff2e62d4000 r--p 0002f000 07:00 11674                      /lib/x86_64-linux-gnu/libexpat.so.1.6.7
7ff2e62d4000-7ff2e62d5000 rw-p 00031000 07:00 11674                      /lib/x86_64-linux-gnu/libexpat.so.1.6.7
7ff2e62d5000-7ff2e6328000 r-xp 00000000 08:12 546137                     /lib/x86_64-linux-gnu/libmount.so.1.1.0
7ff2e6328000-7ff2e6527000 ---p 00053000 08:12 546137                     /lib/x86_64-linux-gnu/libmount.so.1.1.0
7ff2e6527000-7ff2e6529000 r--p 00052000 08:12 546137                     /lib/x86_64-linux-gnu/libmount.so.1.1.0
7ff2e6529000-7ff2e652a000 rw-p 00054000 08:12 546137                     /lib/x86_64-linux-gnu/libmount.so.1.1.0
7ff2e652a000-7ff2e652c000 rw-p 00000000 00:00 0 
7ff2e652c000-7ff2e653f000 r-xp 00000000 08:12 527287                     /lib/x86_64-linux-gnu/libresolv-2.27.so
7ff2e653f000-7ff2e673f000 ---p 00013000 08:12 527287                     /lib/x86_64-linux-gnu/libresolv-2.27.so
7ff2e673f000-7ff2e6740000 r--p 00013000 08:12 527287                     /lib/x86_64-linux-gnu/libresolv-2.27.so
7ff2e6740000-7ff2e6741000 rw-p 00014000 08:12 527287                     /lib/x86_64-linux-gnu/libresolv-2.27.so
7ff2e6741000-7ff2e6743000 rw-p 00000000 00:00 0 
7ff2e6743000-7ff2e6768000 r-xp 00000000 08:12 527206                     /lib/x86_64-linux-gnu/libselinux.so.1
7ff2e6768000-7ff2e6967000 ---p 00025000 08:12 527206                     /lib/x86_64-linux-gnu/libselinux.so.1
7ff2e6967000-7ff2e6968000 r--p 00024000 08:12 527206                     /lib/x86_64-linux-gnu/libselinux.so.1
7ff2e6968000-7ff2e6969000 rw-p 00025000 08:12 527206                     /lib/x86_64-linux-gnu/libselinux.so.1
7ff2e6969000-7ff2e696b000 rw-p 00000000 00:00 0 
7ff2e696b000-7ff2e6a7f000 r-xp 00000000 07:00 11683                      /lib/x86_64-linux-gnu/libgcrypt.so.20.2.1
7ff2e6a7f000-7ff2e6c7f000 ---p 00114000 07:00 11683                      /lib/x86_64-linux-gnu/libgcrypt.so.20.2.1
7ff2e6c7f000-7ff2e6c81000 r--p 00114000 07:00 11683                      /lib/x86_64-linux-gnu/libgcrypt.so.20.2.1
7ff2e6c81000-7ff2e6c86000 rw-p 00116000 07:00 11683                      /lib/x86_64-linux-gnu/libgcrypt.so.20.2.1
7ff2e6c86000-7ff2e6c87000 rw-p 00000000 00:00 0 
7ff2e6c87000-7ff2e6c98000 r-xp 00000000 07:00 119292                     /usr/lib/x86_64-linux-gnu/liblz4.so.1.7.1
7ff2e6c98000-7ff2e6e97000 ---p 00011000 07:00 119292                     /usr/lib/x86_64-linux-gnu/liblz4.so.1.7.1
7ff2e6e97000-7ff2e6e98000 r--p 00010000 07:00 119292                     /usr/lib/x86_64-linux-gnu/liblz4.so.1.7.1
7ff2e6e98000-7ff2e6e99000 rw-p 00011000 07:00 119292                     /usr/lib/x86_64-linux-gnu/liblz4.so.1.7.1
7ff2e6e99000-7ff2e6ebe000 r-xp 00000000 07:00 11710                      /lib/x86_64-linux-gnu/liblzma.so.5.2.2
7ff2e6ebe000-7ff2e70bd000 ---p 00025000 07:00 11710                      /lib/x86_64-linux-gnu/liblzma.so.5.2.2
7ff2e70bd000-7ff2e70be000 r--p 00024000 07:00 11710                      /lib/x86_64-linux-gnu/liblzma.so.5.2.2
7ff2e70be000-7ff2e70bf000 rw-p 00025000 07:00 11710                      /lib/x86_64-linux-gnu/liblzma.so.5.2.2
7ff2e70bf000-7ff2e712f000 r-xp 00000000 08:12 527751                     /lib/x86_64-linux-gnu/libpcre.so.3.13.3
7ff2e712f000-7ff2e732f000 ---p 00070000 08:12 527751                     /lib/x86_64-linux-gnu/libpcre.so.3.13.3
7ff2e732f000-7ff2e7330000 r--p 00070000 08:12 527751                     /lib/x86_64-linux-gnu/libpcre.so.3.13.3
7ff2e7330000-7ff2e7331000 rw-p 00071000 08:12 527751                     /lib/x86_64-linux-gnu/libpcre.so.3.13.3
7ff2e7331000-7ff2e7338000 r-xp 00000000 07:00 118490                     /usr/lib/x86_64-linux-gnu/libffi.so.6.0.4
7ff2e7338000-7ff2e7538000 ---p 00007000 07:00 118490                     /usr/lib/x86_64-linux-gnu/libffi.so.6.0.4
7ff2e7538000-7ff2e7539000 r--p 00007000 07:00 118490                     /usr/lib/x86_64-linux-gnu/libffi.so.6.0.4
7ff2e7539000-7ff2e753a000 rw-p 00008000 07:00 118490                     /usr/lib/x86_64-linux-gnu/libffi.so.6.0.4
7ff2e753a000-7ff2e7546000 r-xp 00000000 07:00 121196                     /usr/lib/x86_64-linux-gnu/libxcb-render.so.0.0.0
7ff2e7546000-7ff2e7746000 ---p 0000c000 07:00 121196                     /usr/lib/x86_64-linux-gnu/libxcb-render.so.0.0.0
7ff2e7746000-7ff2e7747000 r--p 0000c000 07:00 121196                     /usr/lib/x86_64-linux-gnu/libxcb-render.so.0.0.0
7ff2e7747000-7ff2e7748000 rw-p 0000d000 07:00 121196                     /usr/lib/x86_64-linux-gnu/libxcb-render.so.0.0.0
7ff2e7748000-7ff2e774a000 r-xp 00000000 07:00 121202                     /usr/lib/x86_64-linux-gnu/libxcb-shm.so.0.0.0
7ff2e774a000-7ff2e794a000 ---p 00002000 07:00 121202                     /usr/lib/x86_64-linux-gnu/libxcb-shm.so.0.0.0
7ff2e794a000-7ff2e794b000 r--p 00002000 07:00 121202                     /usr/lib/x86_64-linux-gnu/libxcb-shm.so.0.0.0
7ff2e794b000-7ff2e794c000 rw-p 00003000 07:00 121202                     /usr/lib/x86_64-linux-gnu/libxcb-shm.so.0.0.0
7ff2e794c000-7ff2e79e9000 r-xp 00000000 07:00 119750                     /usr/lib/x86_64-linux-gnu/libpixman-1.so.0.34.0
7ff2e79e9000-7ff2e7be9000 ---p 0009d000 07:00 119750                     /usr/lib/x86_64-linux-gnu/libpixman-1.so.0.34.0
7ff2e7be9000-7ff2e7bf1000 r--p 0009d000 07:00 119750                     /usr/lib/x86_64-linux-gnu/libpixman-1.so.0.34.0
7ff2e7bf1000-7ff2e7bf2000 rw-p 000a5000 07:00 119750                     /usr/lib/x86_64-linux-gnu/libpixman-1.so.0.34.0
7ff2e7bf2000-7ff2e7bf5000 r-xp 00000000 08:12 657239                     /usr/lib/x86_64-linux-gnu/libgmodule-2.0.so.0.5400.3
7ff2e7bf5000-7ff2e7df4000 ---p 00003000 08:12 657239                     /usr/lib/x86_64-linux-gnu/libgmodule-2.0.so.0.5400.3
7ff2e7df4000-7ff2e7df5000 r--p 00002000 08:12 657239                     /usr/lib/x86_64-linux-gnu/libgmodule-2.0.so.0.5400.3
7ff2e7df5000-7ff2e7df6000 rw-p 00003000 08:12 657239                     /usr/lib/x86_64-linux-gnu/libgmodule-2.0.so.0.5400.3
7ff2e7df6000-7ff2e7dfe000 r-xp 00000000 08:12 678789                     /usr/lib/x86_64-linux-gnu/libthai.so.0.3.0
7ff2e7dfe000-7ff2e7ffe000 ---p 00008000 08:12 678789                     /usr/lib/x86_64-linux-gnu/libthai.so.0.3.0
7ff2e7ffe000-7ff2e7fff000 r--p 00008000 08:12 678789                     /usr/lib/x86_64-linux-gnu/libthai.so.0.3.0
7ff2e7fff000-7ff2e8000000 rw-p 00009000 08:12 678789                     /usr/lib/x86_64-linux-gnu/libthai.so.0.3.0
7ff2e8000000-7ff2e8021000 rw-p 00000000 00:00 0 
7ff2e8021000-7ff2ec000000 ---p 00000000 00:00 0 
7ff2ec000000-7ff2ec021000 rw-p 00000000 00:00 0 
7ff2ec021000-7ff2f0000000 ---p 00000000 00:00 0 
7ff2f0000000-7ff2f0021000 rw-p 00000000 00:00 0 
7ff2f0021000-7ff2f4000000 ---p 00000000 00:00 0 
7ff2f4000000-7ff2f4021000 rw-p 00000000 00:00 0 
7ff2f4021000-7ff2f8000000 ---p 00000000 00:00 0 
7ff2f8000000-7ff2f80c7000 rw-p 00000000 00:00 0 
7ff2f80c7000-7ff2fc000000 ---p 00000000 00:00 0 
7ff2fc000000-7ff2fc212000 rw-p 00000000 00:00 0 
7ff2fc212000-7ff300000000 ---p 00000000 00:00 0 
7ff300000000-7ff300021000 rw-p 00000000 00:00 0 
7ff300021000-7ff304000000 ---p 00000000 00:00 0 
7ff304000000-7ff30404c000 rw-p 00000000 00:00 0 
7ff30404c000-7ff308000000 ---p 00000000 00:00 0 
7ff308000000-7ff308021000 rw-p 00000000 00:00 0 
7ff308021000-7ff30c000000 ---p 00000000 00:00 0 
7ff30c000000-7ff30c021000 rw-p 00000000 00:00 0 
7ff30c021000-7ff310000000 ---p 00000000 00:00 0 
7ff310000000-7ff310021000 rw-p 00000000 00:00 0 
7ff310021000-7ff314000000 ---p 00000000 00:00 0 
7ff314000000-7ff314021000 rw-p 00000000 00:00 0 
7ff314021000-7ff318000000 ---p 00000000 00:00 0 
7ff318000000-7ff318021000 rw-p 00000000 00:00 0 
7ff318021000-7ff31c000000 ---p 00000000 00:00 0 
7ff31c083000-7ff31c097000 r-xp 00000000 07:00 119691                     /usr/lib/x86_64-linux-gnu/libpangoft2-1.0.so.0.4000.14
7ff31c097000-7ff31c297000 ---p 00014000 07:00 119691                     /usr/lib/x86_64-linux-gnu/libpangoft2-1.0.so.0.4000.14
7ff31c297000-7ff31c298000 r--p 00014000 07:00 119691                     /usr/lib/x86_64-linux-gnu/libpangoft2-1.0.so.0.4000.14
7ff31c298000-7ff31c299000 rw-p 00015000 07:00 119691                     /usr/lib/x86_64-linux-gnu/libpangoft2-1.0.so.0.4000.14
7ff31c299000-7ff31c38c000 r-xp 00000000 07:00 118415                     /usr/lib/x86_64-linux-gnu/libepoxy.so.0.0.0
7ff31c38c000-7ff31c58c000 ---p 000f3000 07:00 118415                     /usr/lib/x86_64-linux-gnu/libepoxy.so.0.0.0
7ff31c58c000-7ff31c593000 r--p 000f3000 07:00 118415                     /usr/lib/x86_64-linux-gnu/libepoxy.so.0.0.0
7ff31c593000-7ff31c59a000 rw-p 000fa000 07:00 118415                     /usr/lib/x86_64-linux-gnu/libepoxy.so.0.0.0
7ff31c59a000-7ff31c5a6000 r-xp 00000000 07:00 121052                     /usr/lib/x86_64-linux-gnu/libwayland-client.so.0.3.0
7ff31c5a6000-7ff31c7a6000 ---p 0000c000 07:00 121052                     /usr/lib/x86_64-linux-gnu/libwayland-client.so.0.3.0
7ff31c7a6000-7ff31c7a8000 r--p 0000c000 07:00 121052                     /usr/lib/x86_64-linux-gnu/libwayland-client.so.0.3.0
7ff31c7a8000-7ff31c7a9000 rw-p 0000e000 07:00 121052                     /usr/lib/x86_64-linux-gnu/libwayland-client.so.0.3.0
7ff31c7a9000-7ff31c7aa000 r-xp 00000000 08:12 666487                     /usr/lib/x86_64-linux-gnu/libwayland-egl.so.1.0.0
7ff31c7aa000-7ff31c9a9000 ---p 00001000 08:12 666487                     /usr/lib/x86_64-linux-gnu/libwayland-egl.so.1.0.0
7ff31c9a9000-7ff31c9aa000 r--p 00000000 08:12 666487                     /usr/lib/x86_64-linux-gnu/libwayland-egl.so.1.0.0
7ff31c9aa000-7ff31c9ab000 rw-p 00001000 08:12 666487                     /usr/lib/x86_64-linux-gnu/libwayland-egl.so.1.0.0
7ff31c9ab000-7ff31c9af000 r-xp 00000000 07:00 121054                     /usr/lib/x86_64-linux-gnu/libwayland-cursor.so.0.0.0
7ff31c9af000-7ff31cbae000 ---p 00004000 07:00 121054                     /usr/lib/x86_64-linux-gnu/libwayland-cursor.so.0.0.0
7ff31cbae000-7ff31cbaf000 r--p 00003000 07:00 121054                     /usr/lib/x86_64-linux-gnu/libwayland-cursor.so.0.0.0
7ff31cbaf000-7ff31cbb3000 rw-p 00004000 07:00 121054                     /usr/lib/x86_64-linux-gnu/libwayland-cursor.so.0.0.0
7ff31cbb3000-7ff31cbf0000 r-xp 00000000 07:00 121242                     /usr/lib/x86_64-linux-gnu/libxkbcommon.so.0.0.0
7ff31cbf0000-7ff31cdf0000 ---p 0003d000 07:00 121242                     /usr/lib/x86_64-linux-gnu/libxkbcommon.so.0.0.0
7ff31cdf0000-7ff31cdf2000 r--p 0003d000 07:00 121242                     /usr/lib/x86_64-linux-gnu/libxkbcommon.so.0.0.0
7ff31cdf2000-7ff31cdf3000 rw-p 0003f000 07:00 121242                     /usr/lib/x86_64-linux-gnu/libxkbcommon.so.0.0.0
7ff31cdf3000-7ff31cdf5000 r-xp 00000000 07:00 117953                     /usr/lib/x86_64-linux-gnu/libXdamage.so.1.1.0
7ff31cdf5000-7ff31cff4000 ---p 00002000 07:00 117953                     /usr/lib/x86_64-linux-gnu/libXdamage.so.1.1.0
7ff31cff4000-7ff31cff5000 r--p 00001000 07:00 117953                     /usr/lib/x86_64-linux-gnu/libXdamage.so.1.1.0
7ff31cff5000-7ff31cff6000 rw-p 00002000 07:00 117953                     /usr/lib/x86_64-linux-gnu/libXdamage.so.1.1.0
7ff31cff6000-7ff31cff8000 r-xp 00000000 07:00 117947                     /usr/lib/x86_64-linux-gnu/libXcomposite.so.1.0.0
7ff31cff8000-7ff31d1f7000 ---p 00002000 07:00 117947                     /usr/lib/x86_64-linux-gnu/libXcomposite.so.1.0.0
7ff31d1f7000-7ff31d1f8000 r--p 00001000 07:00 117947                     /usr/lib/x86_64-linux-gnu/libXcomposite.so.1.0.0
7ff31d1f8000-7ff31d1f9000 rw-p 00002000 07:00 117947                     /usr/lib/x86_64-linux-gnu/libXcomposite.so.1.0.0
7ff31d1f9000-7ff31d203000 r-xp 00000000 07:00 117988                     /usr/lib/x86_64-linux-gnu/libXrandr.so.2.2.0
7ff31d203000-7ff31d402000 ---p 0000a000 07:00 117988                     /usr/lib/x86_64-linux-gnu/libXrandr.so.2.2.0
7ff31d402000-7ff31d403000 r--p 00009000 07:00 117988                     /usr/lib/x86_64-linux-gnu/libXrandr.so.2.2.0
7ff31d403000-7ff31d404000 rw-p 0000a000 07:00 117988                     /usr/lib/x86_64-linux-gnu/libXrandr.so.2.2.0
7ff31d404000-7ff31d406000 r-xp 00000000 07:00 117975                     /usr/lib/x86_64-linux-gnu/libXinerama.so.1.0.0
7ff31d406000-7ff31d605000 ---p 00002000 07:00 117975                     /usr/lib/x86_64-linux-gnu/libXinerama.so.1.0.0
7ff31d605000-7ff31d606000 r--p 00001000 07:00 117975                     /usr/lib/x86_64-linux-gnu/libXinerama.so.1.0.0
7ff31d606000-7ff31d607000 rw-p 00002000 07:00 117975                     /usr/lib/x86_64-linux-gnu/libXinerama.so.1.0.0
7ff31d607000-7ff31d645000 r-xp 00000000 07:00 118579                     /usr/lib/x86_64-linux-gnu/libfontconfig.so.1.10.1
7ff31d645000-7ff31d845000 ---p 0003e000 07:00 118579                     /usr/lib/x86_64-linux-gnu/libfontconfig.so.1.10.1
7ff31d845000-7ff31d847000 r--p 0003e000 07:00 118579                     /usr/lib/x86_64-linux-gnu/libfontconfig.so.1.10.1
7ff31d847000-7ff31d84c000 rw-p 00040000 07:00 118579                     /usr/lib/x86_64-linux-gnu/libfontconfig.so.1.10.1
7ff31d84c000-7ff31d9dd000 r-xp 00000000 08:12 657237                     /usr/lib/x86_64-linux-gnu/libgio-2.0.so.0.5400.3
7ff31d9dd000-7ff31dbdc000 ---p 00191000 08:12 657237                     /usr/lib/x86_64-linux-gnu/libgio-2.0.so.0.5400.3
7ff31dbdc000-7ff31dbe3000 r--p 00190000 08:12 657237                     /usr/lib/x86_64-linux-gnu/libgio-2.0.so.0.5400.3
7ff31dbe3000-7ff31dbe4000 rw-p 00197000 08:12 657237                     /usr/lib/x86_64-linux-gnu/libgio-2.0.so.0.5400.3
7ff31dbe4000-7ff31dbe6000 rw-p 00000000 00:00 0 
7ff31dbe6000-7ff31dc67000 r-xp 00000000 08:12 530840                     /lib/x86_64-linux-gnu/libsystemd.so.0.21.0
7ff31dc67000-7ff31de67000 ---p 00081000 08:12 530840                     /lib/x86_64-linux-gnu/libsystemd.so.0.21.0
7ff31de67000-7ff31de6a000 r--p 00081000 08:12 530840                     /lib/x86_64-linux-gnu/libsystemd.so.0.21.0
7ff31de6a000-7ff31de6b000 rw-p 00084000 08:12 530840                     /lib/x86_64-linux-gnu/libsystemd.so.0.21.0
7ff31de6b000-7ff31de6c000 rw-p 00000000 00:00 0 
7ff31de6c000-7ff31df7d000 r-xp 00000000 08:12 527392                     /lib/x86_64-linux-gnu/libglib-2.0.so.0.5400.3
7ff31df7d000-7ff31e17d000 ---p 00111000 08:12 527392                     /lib/x86_64-linux-gnu/libglib-2.0.so.0.5400.3
7ff31e17d000-7ff31e17e000 r--p 00111000 08:12 527392                     /lib/x86_64-linux-gnu/libglib-2.0.so.0.5400.3
7ff31e17e000-7ff31e17f000 rw-p 00112000 08:12 527392                     /lib/x86_64-linux-gnu/libglib-2.0.so.0.5400.3
7ff31e17f000-7ff31e180000 rw-p 00000000 00:00 0 
7ff31e180000-7ff31e1d2000 r-xp 00000000 08:12 657241                     /usr/lib/x86_64-linux-gnu/libgobject-2.0.so.0.5400.3
7ff31e1d2000-7ff31e3d2000 ---p 00052000 08:12 657241                     /usr/lib/x86_64-linux-gnu/libgobject-2.0.so.0.5400.3
7ff31e3d2000-7ff31e3d3000 r--p 00052000 08:12 657241                     /usr/lib/x86_64-linux-gnu/libgobject-2.0.so.0.5400.3
7ff31e3d3000-7ff31e3d4000 rw-p 00053000 08:12 657241                     /usr/lib/x86_64-linux-gnu/libgobject-2.0.so.0.5400.3
7ff31e3d4000-7ff31e4ec000 r-xp 00000000 08:12 661736                     /usr/lib/x86_64-linux-gnu/libcairo.so.2.11510.0
7ff31e4ec000-7ff31e6eb000 ---p 00118000 08:12 661736                     /usr/lib/x86_64-linux-gnu/libcairo.so.2.11510.0
7ff31e6eb000-7ff31e6ee000 r--p 00117000 08:12 661736                     /usr/lib/x86_64-linux-gnu/libcairo.so.2.11510.0
7ff31e6ee000-7ff31e6f0000 rw-p 0011a000 08:12 661736                     /usr/lib/x86_64-linux-gnu/libcairo.so.2.11510.0
7ff31e6f0000-7ff31e6f1000 rw-p 00000000 00:00 0 
7ff31e6f1000-7ff31e6f8000 r-xp 00000000 08:12 661754                     /usr/lib/x86_64-linux-gnu/libcairo-gobject.so.2.11510.0
7ff31e6f8000-7ff31e8f7000 ---p 00007000 08:12 661754                     /usr/lib/x86_64-linux-gnu/libcairo-gobject.so.2.11510.0
7ff31e8f7000-7ff31e8f9000 r--p 00006000 08:12 661754                     /usr/lib/x86_64-linux-gnu/libcairo-gobject.so.2.11510.0
7ff31e8f9000-7ff31e8fa000 rw-p 00008000 08:12 661754                     /usr/lib/x86_64-linux-gnu/libcairo-gobject.so.2.11510.0
7ff31e8fa000-7ff31e91c000 r-xp 00000000 07:00 118678                     /usr/lib/x86_64-linux-gnu/libgdk_pixbuf-2.0.so.0.3611.0
7ff31e91c000-7ff31eb1c000 ---p 00022000 07:00 118678                     /usr/lib/x86_64-linux-gnu/libgdk_pixbuf-2.0.so.0.3611.0
7ff31eb1c000-7ff31eb1d000 r--p 00022000 07:00 118678                     /usr/lib/x86_64-linux-gnu/libgdk_pixbuf-2.0.so.0.3611.0
7ff31eb1d000-7ff31eb1e000 rw-p 00023000 07:00 118678                     /usr/lib/x86_64-linux-gnu/libgdk_pixbuf-2.0.so.0.3611.0
7ff31eb1e000-7ff31eb68000 r-xp 00000000 07:00 119687                     /usr/lib/x86_64-linux-gnu/libpango-1.0.so.0.4000.14
7ff31eb68000-7ff31ed67000 ---p 0004a000 07:00 119687                     /usr/lib/x86_64-linux-gnu/libpango-1.0.so.0.4000.14
7ff31ed67000-7ff31ed6a000 r--p 00049000 07:00 119687                     /usr/lib/x86_64-linux-gnu/libpango-1.0.so.0.4000.14
7ff31ed6a000-7ff31ed6b000 rw-p 0004c000 07:00 119687                     /usr/lib/x86_64-linux-gnu/libpango-1.0.so.0.4000.14
7ff31ed6b000-7ff31ed77000 r-xp 00000000 07:00 119689                     /usr/lib/x86_64-linux-gnu/libpangocairo-1.0.so.0.4000.14
7ff31ed77000-7ff31ef76000 ---p 0000c000 07:00 119689                     /usr/lib/x86_64-linux-gnu/libpangocairo-1.0.so.0.4000.14
7ff31ef76000-7ff31ef77000 r--p 0000b000 07:00 119689                     /usr/lib/x86_64-linux-gnu/libpangocairo-1.0.so.0.4000.14
7ff31ef77000-7ff31ef78000 rw-p 0000c000 07:00 119689                     /usr/lib/x86_64-linux-gnu/libpangocairo-1.0.so.0.4000.14
7ff31ef78000-7ff31f065000 r-xp 00000000 08:12 674983                     /usr/lib/x86_64-linux-gnu/libgdk-3.so.0.2200.28
7ff31f065000-7ff31f264000 ---p 000ed000 08:12 674983                     /usr/lib/x86_64-linux-gnu/libgdk-3.so.0.2200.28
7ff31f264000-7ff31f26b000 r--p 000ec000 08:12 674983                     /usr/lib/x86_64-linux-gnu/libgdk-3.so.0.2200.28
7ff31f26b000-7ff31f26e000 rw-p 000f3000 08:12 674983                     /usr/lib/x86_64-linux-gnu/libgdk-3.so.0.2200.28
7ff31f26e000-7ff31f26f000 rw-p 00000000 00:00 0 
7ff31f26f000-7ff31f31e000 r-xp 00000000 07:00 118676                     /usr/lib/x86_64-linux-gnu/libgdk-x11-2.0.so.0.2400.32
7ff31f31e000-7ff31f51e000 ---p 000af000 07:00 118676                     /usr/lib/x86_64-linux-gnu/libgdk-x11-2.0.so.0.2400.32
7ff31f51e000-7ff31f522000 r--p 000af000 07:00 118676                     /usr/lib/x86_64-linux-gnu/libgdk-x11-2.0.so.0.2400.32
7ff31f522000-7ff31f524000 rw-p 000b3000 07:00 118676                     /usr/lib/x86_64-linux-gnu/libgdk-x11-2.0.so.0.2400.32
7ff31f524000-7ff31f525000 r-xp 00000000 08:12 657243                     /usr/lib/x86_64-linux-gnu/libgthread-2.0.so.0.5400.3
7ff31f525000-7ff31f724000 ---p 00001000 08:12 657243                     /usr/lib/x86_64-linux-gnu/libgthread-2.0.so.0.5400.3
7ff31f724000-7ff31f725000 r--p 00000000 08:12 657243                     /usr/lib/x86_64-linux-gnu/libgthread-2.0.so.0.5400.3
7ff31f725000-7ff31f726000 rw-p 00001000 08:12 657243                     /usr/lib/x86_64-linux-gnu/libgthread-2.0.so.0.5400.3
7ff31f726000-7ff31f775000 r-xp 00000000 08:12 527974                     /lib/x86_64-linux-gnu/libdbus-1.so.3.19.6
7ff31f775000-7ff31f974000 ---p 0004f000 08:12 527974                     /lib/x86_64-linux-gnu/libdbus-1.so.3.19.6
7ff31f974000-7ff31f976000 r--p 0004e000 08:12 527974                     /lib/x86_64-linux-gnu/libdbus-1.so.3.19.6
7ff31f976000-7ff31f977000 rw-p 00050000 08:12 527974                     /lib/x86_64-linux-gnu/libdbus-1.so.3.19.6
7ff31f977000-7ff31f9a4000 r-xp 00000000 07:00 118077                     /usr/lib/x86_64-linux-gnu/libatspi.so.0.0.1
7ff31f9a4000-7ff31fba3000 ---p 0002d000 07:00 118077                     /usr/lib/x86_64-linux-gnu/libatspi.so.0.0.1
7ff31fba3000-7ff31fba7000 r--p 0002c000 07:00 118077                     /usr/lib/x86_64-linux-gnu/libatspi.so.0.0.1
7ff31fba7000-7ff31fba8000 rw-p 00030000 07:00 118077                     /usr/lib/x86_64-linux-gnu/libatspi.so.0.0.1
7ff31fba8000-7ff31fbd7000 r-xp 00000000 07:00 118067                     /usr/lib/x86_64-linux-gnu/libatk-bridge-2.0.so.0.0.0
7ff31fbd7000-7ff31fdd6000 ---p 0002f000 07:00 118067                     /usr/lib/x86_64-linux-gnu/libatk-bridge-2.0.so.0.0.0
7ff31fdd6000-7ff31fdd8000 r--p 0002e000 07:00 118067                     /usr/lib/x86_64-linux-gnu/libatk-bridge-2.0.so.0.0.0
7ff31fdd8000-7ff31fdd9000 rw-p 00030000 07:00 118067                     /usr/lib/x86_64-linux-gnu/libatk-bridge-2.0.so.0.0.0
7ff31fdd9000-7ff31fdda000 rw-p 00000000 00:00 0 
7ff31fdda000-7ff31fdfc000 r-xp 00000000 07:00 118065                     /usr/lib/x86_64-linux-gnu/libatk-1.0.so.0.22610.1
7ff31fdfc000-7ff31fffc000 ---p 00022000 07:00 118065                     /usr/lib/x86_64-linux-gnu/libatk-1.0.so.0.22610.1
7ff31fffc000-7ff31ffff000 r--p 00022000 07:00 118065                     /usr/lib/x86_64-linux-gnu/libatk-1.0.so.0.22610.1
7ff31ffff000-7ff320000000 rw-p 00025000 07:00 118065                     /usr/lib/x86_64-linux-gnu/libatk-1.0.so.0.22610.1
7ff320000000-7ff320021000 rw-p 00000000 00:00 0 
7ff320021000-7ff324000000 ---p 00000000 00:00 0 
7ff324061000-7ff324078000 r-xp 00000000 08:12 534611                     /usr/lib/x86_64-linux-gnu/jni/libatk-wrapper.so.6.0.0
7ff324078000-7ff324278000 ---p 00017000 08:12 534611                     /usr/lib/x86_64-linux-gnu/jni/libatk-wrapper.so.6.0.0
7ff324278000-7ff324279000 r--p 00017000 08:12 534611                     /usr/lib/x86_64-linux-gnu/jni/libatk-wrapper.so.6.0.0
7ff324279000-7ff32427a000 rw-p 00018000 08:12 534611                     /usr/lib/x86_64-linux-gnu/jni/libatk-wrapper.so.6.0.0
7ff32427a000-7ff32427d000 ---p 00000000 00:00 0 
7ff32427d000-7ff3242b3000 rw-p 00000000 00:00 0 
7ff3242b3000-7ff3242b6000 ---p 00000000 00:00 0 
7ff3242b6000-7ff3243b4000 rw-p 00000000 00:00 0 
7ff3243b4000-7ff3243b9000 r-xp 00000000 07:00 117965                     /usr/lib/x86_64-linux-gnu/libXfixes.so.3.1.0
7ff3243b9000-7ff3245b8000 ---p 00005000 07:00 117965                     /usr/lib/x86_64-linux-gnu/libXfixes.so.3.1.0
7ff3245b8000-7ff3245b9000 r--p 00004000 07:00 117965                     /usr/lib/x86_64-linux-gnu/libXfixes.so.3.1.0
7ff3245b9000-7ff3245ba000 rw-p 00005000 07:00 117965                     /usr/lib/x86_64-linux-gnu/libXfixes.so.3.1.0
7ff3245ba000-7ff3245c3000 r-xp 00000000 07:00 117949                     /usr/lib/x86_64-linux-gnu/libXcursor.so.1.0.2
7ff3245c3000-7ff3247c2000 ---p 00009000 07:00 117949                     /usr/lib/x86_64-linux-gnu/libXcursor.so.1.0.2
7ff3247c2000-7ff3247c3000 r--p 00008000 07:00 117949                     /usr/lib/x86_64-linux-gnu/libXcursor.so.1.0.2
7ff3247c3000-7ff3247c4000 rw-p 00009000 07:00 117949                     /usr/lib/x86_64-linux-gnu/libXcursor.so.1.0.2
7ff3247c4000-7ff3247c7000 ---p 00000000 00:00 0 
7ff3247c7000-7ff3248c5000 rw-p 00000000 00:00 0 
7ff3248c5000-7ff3248f7000 r-xp 00000000 07:00 119759                     /usr/lib/x86_64-linux-gnu/libpng16.so.16.34.0
7ff3248f7000-7ff324af6000 ---p 00032000 07:00 119759                     /usr/lib/x86_64-linux-gnu/libpng16.so.16.34.0
7ff324af6000-7ff324af7000 r--p 00031000 07:00 119759                     /usr/lib/x86_64-linux-gnu/libpng16.so.16.34.0
7ff324af7000-7ff324af8000 rw-p 00032000 07:00 119759                     /usr/lib/x86_64-linux-gnu/libpng16.so.16.34.0
7ff324af8000-7ff324ba6000 r-xp 00000000 08:12 658671                     /usr/lib/x86_64-linux-gnu/libfreetype.so.6.15.0
7ff324ba6000-7ff324da5000 ---p 000ae000 08:12 658671                     /usr/lib/x86_64-linux-gnu/libfreetype.so.6.15.0
7ff324da5000-7ff324dac000 r--p 000ad000 08:12 658671                     /usr/lib/x86_64-linux-gnu/libfreetype.so.6.15.0
7ff324dac000-7ff324dad000 rw-p 000b4000 08:12 658671                     /usr/lib/x86_64-linux-gnu/libfreetype.so.6.15.0
7ff324de4000-7ff324e34000 r-xp 00000000 07:00 68078                      /usr/lib/jvm/java-8-openjdk-amd64/jre/lib/amd64/libfontmanager.so
7ff324e34000-7ff325034000 ---p 00050000 07:00 68078                      /usr/lib/jvm/java-8-openjdk-amd64/jre/lib/amd64/libfontmanager.so
7ff325034000-7ff325036000 r--p 00050000 07:00 68078                      /usr/lib/jvm/java-8-openjdk-amd64/jre/lib/amd64/libfontmanager.so
7ff325036000-7ff325037000 rw-p 00052000 07:00 68078                      /usr/lib/jvm/java-8-openjdk-amd64/jre/lib/amd64/libfontmanager.so
7ff325037000-7ff32504a000 r-xp 00000000 07:00 11640                      /lib/x86_64-linux-gnu/libbsd.so.0.8.7
7ff32504a000-7ff325249000 ---p 00013000 07:00 11640                      /lib/x86_64-linux-gnu/libbsd.so.0.8.7
7ff325249000-7ff32524a000 r--p 00012000 07:00 11640                      /lib/x86_64-linux-gnu/libbsd.so.0.8.7
7ff32524a000-7ff32524b000 rw-p 00013000 07:00 11640                      /lib/x86_64-linux-gnu/libbsd.so.0.8.7
7ff32524b000-7ff32524c000 rw-p 00000000 00:00 0 
7ff32524c000-7ff325251000 r-xp 00000000 07:00 117957                     /usr/lib/x86_64-linux-gnu/libXdmcp.so.6.0.0
7ff325251000-7ff325450000 ---p 00005000 07:00 117957                     /usr/lib/x86_64-linux-gnu/libXdmcp.so.6.0.0
7ff325450000-7ff325451000 r--p 00004000 07:00 117957                     /usr/lib/x86_64-linux-gnu/libXdmcp.so.6.0.0
7ff325451000-7ff325452000 rw-p 00005000 07:00 117957                     /usr/lib/x86_64-linux-gnu/libXdmcp.so.6.0.0
7ff325452000-7ff325454000 r-xp 00000000 07:00 117940                     /usr/lib/x86_64-linux-gnu/libXau.so.6.0.0
7ff325454000-7ff325654000 ---p 00002000 07:00 117940                     /usr/lib/x86_64-linux-gnu/libXau.so.6.0.0
7ff325654000-7ff325655000 r--p 00002000 07:00 117940                     /usr/lib/x86_64-linux-gnu/libXau.so.6.0.0
7ff325655000-7ff325656000 rw-p 00003000 07:00 117940                     /usr/lib/x86_64-linux-gnu/libXau.so.6.0.0
7ff325656000-7ff32567d000 r-xp 00000000 07:00 121222                     /usr/lib/x86_64-linux-gnu/libxcb.so.1.1.0
7ff32567d000-7ff32587c000 ---p 00027000 07:00 121222                     /usr/lib/x86_64-linux-gnu/libxcb.so.1.1.0
7ff32587c000-7ff32587d000 r--p 00026000 07:00 121222                     /usr/lib/x86_64-linux-gnu/libxcb.so.1.1.0
7ff32587d000-7ff32587e000 rw-p 00027000 07:00 121222                     /usr/lib/x86_64-linux-gnu/libxcb.so.1.1.0
7ff32587e000-7ff32588d000 r-xp 00000000 07:00 117973                     /usr/lib/x86_64-linux-gnu/libXi.so.6.1.0
7ff32588d000-7ff325a8c000 ---p 0000f000 07:00 117973                     /usr/lib/x86_64-linux-gnu/libXi.so.6.1.0
7ff325a8c000-7ff325a8d000 r--p 0000e000 07:00 117973                     /usr/lib/x86_64-linux-gnu/libXi.so.6.1.0
7ff325a8d000-7ff325a8e000 rw-p 0000f000 07:00 117973                     /usr/lib/x86_64-linux-gnu/libXi.so.6.1.0
7ff325a8e000-7ff325a93000 r-xp 00000000 07:00 117998                     /usr/lib/x86_64-linux-gnu/libXtst.so.6.1.0
7ff325a93000-7ff325c92000 ---p 00005000 07:00 117998                     /usr/lib/x86_64-linux-gnu/libXtst.so.6.1.0
7ff325c92000-7ff325c93000 r--p 00004000 07:00 117998                     /usr/lib/x86_64-linux-gnu/libXtst.so.6.1.0
7ff325c93000-7ff325c94000 rw-p 00005000 07:00 117998                     /usr/lib/x86_64-linux-gnu/libXtst.so.6.1.0
7ff325c94000-7ff325c9d000 r-xp 00000000 07:00 117990                     /usr/lib/x86_64-linux-gnu/libXrender.so.1.3.0
7ff325c9d000-7ff325e9c000 ---p 00009000 07:00 117990                     /usr/lib/x86_64-linux-gnu/libXrender.so.1.3.0
7ff325e9c000-7ff325e9d000 r--p 00008000 07:00 117990                     /usr/lib/x86_64-linux-gnu/libXrender.so.1.3.0
7ff325e9d000-7ff325e9e000 rw-p 00009000 07:00 117990                     /usr/lib/x86_64-linux-gnu/libXrender.so.1.3.0
7ff325e9e000-7ff325fd8000 r-xp 00000000 07:00 117932                     /usr/lib/x86_64-linux-gnu/libX11.so.6.3.0
7ff325fd8000-7ff3261d8000 ---p 0013a000 07:00 117932                     /usr/lib/x86_64-linux-gnu/libX11.so.6.3.0
7ff3261d8000-7ff3261d9000 r--p 0013a000 07:00 117932                     /usr/lib/x86_64-linux-gnu/libX11.so.6.3.0
7ff3261d9000-7ff3261de000 rw-p 0013b000 07:00 117932                     /usr/lib/x86_64-linux-gnu/libX11.so.6.3.0
7ff3261de000-7ff3261ef000 r-xp 00000000 07:00 117961                     /usr/lib/x86_64-linux-gnu/libXext.so.6.4.0
7ff3261ef000-7ff3263ee000 ---p 00011000 07:00 117961                     /usr/lib/x86_64-linux-gnu/libXext.so.6.4.0
7ff3263ee000-7ff3263ef000 r--p 00010000 07:00 117961                     /usr/lib/x86_64-linux-gnu/libXext.so.6.4.0
7ff3263ef000-7ff3263f0000 rw-p 00011000 07:00 117961                     /usr/lib/x86_64-linux-gnu/libXext.so.6.4.0
7ff326414000-7ff326427000 r--s 00346000 07:00 68165                      /usr/lib/jvm/java-8-openjdk-amd64/jre/lib/resources.jar
7ff326427000-7ff32647b000 r-xp 00000000 07:00 68076                      /usr/lib/jvm/java-8-openjdk-amd64/jre/lib/amd64/libawt_xawt.so
7ff32647b000-7ff32667a000 ---p 00054000 07:00 68076                      /usr/lib/jvm/java-8-openjdk-amd64/jre/lib/amd64/libawt_xawt.so
7ff32667a000-7ff32667b000 r--p 00053000 07:00 68076                      /usr/lib/jvm/java-8-openjdk-amd64/jre/lib/amd64/libawt_xawt.so
7ff32667b000-7ff32667e000 rw-p 00054000 07:00 68076                      /usr/lib/jvm/java-8-openjdk-amd64/jre/lib/amd64/libawt_xawt.so
7ff32667e000-7ff32667f000 rw-p 00000000 00:00 0 
7ff32667f000-7ff32671f000 r-xp 00000000 07:00 68074                      /usr/lib/jvm/java-8-openjdk-amd64/jre/lib/amd64/libawt.so
7ff32671f000-7ff32691e000 ---p 000a0000 07:00 68074                      /usr/lib/jvm/java-8-openjdk-amd64/jre/lib/amd64/libawt.so
7ff32691e000-7ff32691f000 r--p 0009f000 07:00 68074                      /usr/lib/jvm/java-8-openjdk-amd64/jre/lib/amd64/libawt.so
7ff32691f000-7ff32692a000 rw-p 000a0000 07:00 68074                      /usr/lib/jvm/java-8-openjdk-amd64/jre/lib/amd64/libawt.so
7ff32692a000-7ff32694f000 rw-p 00000000 00:00 0 
7ff32694f000-7ff32696a000 r--s 001d6000 07:00 68132                      /usr/lib/jvm/java-8-openjdk-amd64/jre/lib/ext/nashorn.jar
7ff32696a000-7ff32696b000 ---p 00000000 00:00 0 
7ff32696b000-7ff326a6b000 rw-p 00000000 00:00 0 
7ff326a6b000-7ff326a6e000 ---p 00000000 00:00 0 
7ff326a6e000-7ff326b6c000 rw-p 00000000 00:00 0 
7ff326b6c000-7ff326b6d000 ---p 00000000 00:00 0 
7ff326b6d000-7ff326b70000 ---p 00000000 00:00 0 
7ff326b70000-7ff326c6d000 rw-p 00000000 00:00 0 
7ff326c6d000-7ff326c6e000 ---p 00000000 00:00 0 
7ff326c6e000-7ff326c71000 ---p 00000000 00:00 0 
7ff326c71000-7ff326d6e000 rw-p 00000000 00:00 0 
7ff326d6e000-7ff326d6f000 ---p 00000000 00:00 0 
7ff326d6f000-7ff326d72000 ---p 00000000 00:00 0 
7ff326d72000-7ff326e6f000 rw-p 00000000 00:00 0 
7ff326e6f000-7ff326e72000 ---p 00000000 00:00 0 
7ff326e72000-7ff326f70000 rw-p 00000000 00:00 0 
7ff326f70000-7ff326fc1000 r--p 00000000 08:12 799351                     /usr/lib/locale/aa_DJ.utf8/LC_CTYPE
7ff326fc1000-7ff3270f1000 r--p 00000000 08:12 799350                     /usr/lib/locale/aa_DJ.utf8/LC_COLLATE
7ff3270f1000-7ff3270f4000 ---p 00000000 00:00 0 
7ff3270f4000-7ff3271f2000 rw-p 00000000 00:00 0 
7ff3271f2000-7ff3271f5000 ---p 00000000 00:00 0 
7ff3271f5000-7ff3272f3000 rw-p 00000000 00:00 0 
7ff3272f3000-7ff3272f4000 ---p 00000000 00:00 0 
7ff3272f4000-7ff328000000 rw-p 00000000 00:00 0 
7ff328000000-7ff328021000 rw-p 00000000 00:00 0 
7ff328021000-7ff32c000000 ---p 00000000 00:00 0 
7ff32c000000-7ff32c3d5000 rw-p 00000000 00:00 0 
7ff32c3d5000-7ff32c5a4000 r--s 03c21000 07:00 68166                      /usr/lib/jvm/java-8-openjdk-amd64/jre/lib/rt.jar
7ff32c5a4000-7ff32c61a000 rw-p 00000000 00:00 0 
7ff32c61a000-7ff32d000000 rw-p 00000000 00:00 0 
7ff32d000000-7ff32d270000 rwxp 00000000 00:00 0 
7ff32d270000-7ff33c000000 ---p 00000000 00:00 0 
7ff33c000000-7ff33c38d000 rw-p 00000000 00:00 0 
7ff33c38d000-7ff340000000 ---p 00000000 00:00 0 
7ff340008000-7ff34000c000 r--s 00037000 07:00 68135                      /usr/lib/jvm/java-8-openjdk-amd64/jre/lib/ext/sunpkcs11.jar
7ff34000c000-7ff340012000 r--s 0003a000 07:00 68134                      /usr/lib/jvm/java-8-openjdk-amd64/jre/lib/ext/sunjce_provider.jar
7ff340012000-7ff34001c000 r--s 00116000 07:00 68131                      /usr/lib/jvm/java-8-openjdk-amd64/jre/lib/ext/localedata.jar
7ff34001c000-7ff341e7c000 rw-p 00000000 00:00 0 
7ff341e7c000-7ff341e7d000 ---p 00000000 00:00 0 
7ff341e7d000-7ff341f7d000 rw-p 00000000 00:00 0 
7ff341f7d000-7ff341f7e000 ---p 00000000 00:00 0 
7ff341f7e000-7ff34207e000 rw-p 00000000 00:00 0 
7ff34207e000-7ff34207f000 ---p 00000000 00:00 0 
7ff34207f000-7ff34217f000 rw-p 00000000 00:00 0 
7ff34217f000-7ff342180000 ---p 00000000 00:00 0 
7ff342180000-7ff342280000 rw-p 00000000 00:00 0 
7ff342280000-7ff342295000 rw-p 00000000 00:00 0 
7ff342295000-7ff3423c4000 ---p 00000000 00:00 0 
7ff3423c4000-7ff3423d9000 rw-p 00000000 00:00 0 
7ff3423d9000-7ff342508000 ---p 00000000 00:00 0 
7ff342508000-7ff342513000 rw-p 00000000 00:00 0 
7ff342513000-7ff3425aa000 ---p 00000000 00:00 0 
7ff3425aa000-7ff3425b5000 rw-p 00000000 00:00 0 
7ff3425b5000-7ff34296b000 ---p 00000000 00:00 0 
7ff34296b000-7ff342973000 r-xp 00000000 07:00 68107                      /usr/lib/jvm/java-8-openjdk-amd64/jre/lib/amd64/libzip.so
7ff342973000-7ff342b72000 ---p 00008000 07:00 68107                      /usr/lib/jvm/java-8-openjdk-amd64/jre/lib/amd64/libzip.so
7ff342b72000-7ff342b73000 r--p 00007000 07:00 68107                      /usr/lib/jvm/java-8-openjdk-amd64/jre/lib/amd64/libzip.so
7ff342b73000-7ff342b74000 rw-p 00008000 07:00 68107                      /usr/lib/jvm/java-8-openjdk-amd64/jre/lib/amd64/libzip.so
7ff342b74000-7ff342b7f000 r-xp 00000000 08:12 527275                     /lib/x86_64-linux-gnu/libnss_files-2.27.so
7ff342b7f000-7ff342d7e000 ---p 0000b000 08:12 527275                     /lib/x86_64-linux-gnu/libnss_files-2.27.so
7ff342d7e000-7ff342d7f000 r--p 0000a000 08:12 527275                     /lib/x86_64-linux-gnu/libnss_files-2.27.so
7ff342d7f000-7ff342d80000 rw-p 0000b000 08:12 527275                     /lib/x86_64-linux-gnu/libnss_files-2.27.so
7ff342d80000-7ff342d86000 rw-p 00000000 00:00 0 
7ff342d86000-7ff342d9b000 r-xp 00000000 08:12 527269                     /lib/x86_64-linux-gnu/libnsl-2.27.so
7ff342d9b000-7ff342f9a000 ---p 00015000 08:12 527269                     /lib/x86_64-linux-gnu/libnsl-2.27.so
7ff342f9a000-7ff342f9b000 r--p 00014000 08:12 527269                     /lib/x86_64-linux-gnu/libnsl-2.27.so
7ff342f9b000-7ff342f9c000 rw-p 00015000 08:12 527269                     /lib/x86_64-linux-gnu/libnsl-2.27.so
7ff342f9c000-7ff342f9e000 rw-p 00000000 00:00 0 
7ff342f9e000-7ff342fa9000 r-xp 00000000 08:12 527279                     /lib/x86_64-linux-gnu/libnss_nis-2.27.so
7ff342fa9000-7ff3431a8000 ---p 0000b000 08:12 527279                     /lib/x86_64-linux-gnu/libnss_nis-2.27.so
7ff3431a8000-7ff3431a9000 r--p 0000a000 08:12 527279                     /lib/x86_64-linux-gnu/libnss_nis-2.27.so
7ff3431a9000-7ff3431aa000 rw-p 0000b000 08:12 527279                     /lib/x86_64-linux-gnu/libnss_nis-2.27.so
7ff3431aa000-7ff3431b1000 r-xp 00000000 08:12 527271                     /lib/x86_64-linux-gnu/libnss_compat-2.27.so
7ff3431b1000-7ff3433b0000 ---p 00007000 08:12 527271                     /lib/x86_64-linux-gnu/libnss_compat-2.27.so
7ff3433b0000-7ff3433b1000 r--p 00006000 08:12 527271                     /lib/x86_64-linux-gnu/libnss_compat-2.27.so
7ff3433b1000-7ff3433b2000 rw-p 00007000 08:12 527271                     /lib/x86_64-linux-gnu/libnss_compat-2.27.so
7ff3433b2000-7ff3433df000 r-xp 00000000 07:00 68086                      /usr/lib/jvm/java-8-openjdk-amd64/jre/lib/amd64/libjava.so
7ff3433df000-7ff3435df000 ---p 0002d000 07:00 68086                      /usr/lib/jvm/java-8-openjdk-amd64/jre/lib/amd64/libjava.so
7ff3435df000-7ff3435e0000 r--p 0002d000 07:00 68086                      /usr/lib/jvm/java-8-openjdk-amd64/jre/lib/amd64/libjava.so
7ff3435e0000-7ff3435e2000 rw-p 0002e000 07:00 68086                      /usr/lib/jvm/java-8-openjdk-amd64/jre/lib/amd64/libjava.so
7ff3435e2000-7ff3435f2000 r-xp 00000000 07:00 68106                      /usr/lib/jvm/java-8-openjdk-amd64/jre/lib/amd64/libverify.so
7ff3435f2000-7ff3437f1000 ---p 00010000 07:00 68106                      /usr/lib/jvm/java-8-openjdk-amd64/jre/lib/amd64/libverify.so
7ff3437f1000-7ff3437f3000 r--p 0000f000 07:00 68106                      /usr/lib/jvm/java-8-openjdk-amd64/jre/lib/amd64/libverify.so
7ff3437f3000-7ff3437f4000 rw-p 00011000 07:00 68106                      /usr/lib/jvm/java-8-openjdk-amd64/jre/lib/amd64/libverify.so
7ff3437f4000-7ff3437fb000 r-xp 00000000 08:12 527289                     /lib/x86_64-linux-gnu/librt-2.27.so
7ff3437fb000-7ff3439fa000 ---p 00007000 08:12 527289                     /lib/x86_64-linux-gnu/librt-2.27.so
7ff3439fa000-7ff3439fb000 r--p 00006000 08:12 527289                     /lib/x86_64-linux-gnu/librt-2.27.so
7ff3439fb000-7ff3439fc000 rw-p 00007000 08:12 527289                     /lib/x86_64-linux-gnu/librt-2.27.so
7ff3439fc000-7ff343a13000 r-xp 00000000 08:12 528033                     /lib/x86_64-linux-gnu/libgcc_s.so.1
7ff343a13000-7ff343c12000 ---p 00017000 08:12 528033                     /lib/x86_64-linux-gnu/libgcc_s.so.1
7ff343c12000-7ff343c13000 r--p 00016000 08:12 528033                     /lib/x86_64-linux-gnu/libgcc_s.so.1
7ff343c13000-7ff343c14000 rw-p 00017000 08:12 528033                     /lib/x86_64-linux-gnu/libgcc_s.so.1
7ff343c14000-7ff343da6000 r-xp 00000000 08:12 527263                     /lib/x86_64-linux-gnu/libm-2.27.so
7ff343da6000-7ff343fa5000 ---p 00192000 08:12 527263                     /lib/x86_64-linux-gnu/libm-2.27.so
7ff343fa5000-7ff343fa6000 r--p 00191000 08:12 527263                     /lib/x86_64-linux-gnu/libm-2.27.so
7ff343fa6000-7ff343fa7000 rw-p 00192000 08:12 527263                     /lib/x86_64-linux-gnu/libm-2.27.so
7ff343fa7000-7ff34411d000 r-xp 00000000 08:12 663312                     /usr/lib/x86_64-linux-gnu/libstdc++.so.6.0.25
7ff34411d000-7ff34431d000 ---p 00176000 08:12 663312                     /usr/lib/x86_64-linux-gnu/libstdc++.so.6.0.25
7ff34431d000-7ff344327000 r--p 00176000 08:12 663312                     /usr/lib/x86_64-linux-gnu/libstdc++.so.6.0.25
7ff344327000-7ff344329000 rw-p 00180000 08:12 663312                     /usr/lib/x86_64-linux-gnu/libstdc++.so.6.0.25
7ff344329000-7ff34432c000 rw-p 00000000 00:00 0 
7ff34432c000-7ff344fb6000 r-xp 00000000 07:00 68112                      /usr/lib/jvm/java-8-openjdk-amd64/jre/lib/amd64/server/libjvm.so
7ff344fb6000-7ff3451b6000 ---p 00c8a000 07:00 68112                      /usr/lib/jvm/java-8-openjdk-amd64/jre/lib/amd64/server/libjvm.so
7ff3451b6000-7ff345249000 r--p 00c8a000 07:00 68112                      /usr/lib/jvm/java-8-openjdk-amd64/jre/lib/amd64/server/libjvm.so
7ff345249000-7ff345271000 rw-p 00d1d000 07:00 68112                      /usr/lib/jvm/java-8-openjdk-amd64/jre/lib/amd64/server/libjvm.so
7ff345271000-7ff3452a2000 rw-p 00000000 00:00 0 
7ff3452a2000-7ff345453000 r-xp 00000000 08:12 527255                     /lib/x86_64-linux-gnu/libc-2.27.so
7ff345453000-7ff345652000 ---p 001b1000 08:12 527255                     /lib/x86_64-linux-gnu/libc-2.27.so
7ff345652000-7ff345656000 r--p 001b0000 08:12 527255                     /lib/x86_64-linux-gnu/libc-2.27.so
7ff345656000-7ff345658000 rw-p 001b4000 08:12 527255                     /lib/x86_64-linux-gnu/libc-2.27.so
7ff345658000-7ff34565c000 rw-p 00000000 00:00 0 
7ff34565c000-7ff34565f000 r-xp 00000000 08:12 527261                     /lib/x86_64-linux-gnu/libdl-2.27.so
7ff34565f000-7ff34585e000 ---p 00003000 08:12 527261                     /lib/x86_64-linux-gnu/libdl-2.27.so
7ff34585e000-7ff34585f000 r--p 00002000 08:12 527261                     /lib/x86_64-linux-gnu/libdl-2.27.so
7ff34585f000-7ff345860000 rw-p 00003000 08:12 527261                     /lib/x86_64-linux-gnu/libdl-2.27.so
7ff345860000-7ff34586e000 r-xp 00000000 07:00 68070                      /usr/lib/jvm/java-8-openjdk-amd64/jre/lib/amd64/jli/libjli.so
7ff34586e000-7ff345a6d000 ---p 0000e000 07:00 68070                      /usr/lib/jvm/java-8-openjdk-amd64/jre/lib/amd64/jli/libjli.so
7ff345a6d000-7ff345a6e000 r--p 0000d000 07:00 68070                      /usr/lib/jvm/java-8-openjdk-amd64/jre/lib/amd64/jli/libjli.so
7ff345a6e000-7ff345a6f000 rw-p 0000e000 07:00 68070                      /usr/lib/jvm/java-8-openjdk-amd64/jre/lib/amd64/jli/libjli.so
7ff345a6f000-7ff345a88000 r-xp 00000000 07:00 11815                      /lib/x86_64-linux-gnu/libz.so.1.2.8
7ff345a88000-7ff345c87000 ---p 00019000 07:00 11815                      /lib/x86_64-linux-gnu/libz.so.1.2.8
7ff345c87000-7ff345c88000 r--p 00018000 07:00 11815                      /lib/x86_64-linux-gnu/libz.so.1.2.8
7ff345c88000-7ff345c89000 rw-p 00019000 07:00 11815                      /lib/x86_64-linux-gnu/libz.so.1.2.8
7ff345c89000-7ff345ca2000 r-xp 00000000 08:12 527285                     /lib/x86_64-linux-gnu/libpthread-2.27.so
7ff345ca2000-7ff345ea1000 ---p 00019000 08:12 527285                     /lib/x86_64-linux-gnu/libpthread-2.27.so
7ff345ea1000-7ff345ea2000 r--p 00018000 08:12 527285                     /lib/x86_64-linux-gnu/libpthread-2.27.so
7ff345ea2000-7ff345ea3000 rw-p 00019000 08:12 527285                     /lib/x86_64-linux-gnu/libpthread-2.27.so
7ff345ea3000-7ff345ea7000 rw-p 00000000 00:00 0 
7ff345ea7000-7ff345ecc000 r-xp 00000000 08:12 527247                     /lib/x86_64-linux-gnu/ld-2.27.so
7ff345ece000-7ff345ed0000 r--s 00008000 07:00 68133                      /usr/lib/jvm/java-8-openjdk-amd64/jre/lib/ext/sunec.jar
7ff345ed0000-7ff345eeb000 r--s 00394000 07:00 68125                      /usr/lib/jvm/java-8-openjdk-amd64/jre/lib/ext/cldrdata.jar
7ff345eeb000-7ff345f8f000 rw-p 00000000 00:00 0 
7ff345f8f000-7ff345f90000 ---p 00000000 00:00 0 
7ff345f90000-7ff345f93000 ---p 00000000 00:00 0 
7ff345f93000-7ff346094000 rw-p 00000000 00:00 0 
7ff346094000-7ff346095000 r--s 00010000 07:00 68136                      /usr/lib/jvm/java-8-openjdk-amd64/jre/lib/ext/zipfs.jar
7ff346095000-7ff346097000 r--s 00007000 08:12 794659                     /usr/share/java/java-atk-wrapper.jar
7ff346097000-7ff346098000 r--s 0000a000 07:00 68128                      /usr/lib/jvm/java-8-openjdk-amd64/jre/lib/ext/jaccess.jar
7ff346098000-7ff34609b000 r--s 0000f000 07:00 68127                      /usr/lib/jvm/java-8-openjdk-amd64/jre/lib/ext/icedtea-sound.jar
7ff34609b000-7ff34609d000 r--s 00001000 07:00 68126                      /usr/lib/jvm/java-8-openjdk-amd64/jre/lib/ext/dnsns.jar
7ff34609d000-7ff34609e000 r--p 00000000 08:12 799374                     /usr/lib/locale/aa_ET/LC_NUMERIC
7ff34609e000-7ff34609f000 r--p 00000000 08:12 800051                     /usr/lib/locale/en_US.utf8/LC_TIME
7ff34609f000-7ff3460a0000 r--p 00000000 08:12 799757                     /usr/lib/locale/chr_US/LC_MONETARY
7ff3460a0000-7ff3460a1000 r--p 00000000 08:12 556352                     /usr/lib/locale/en_AG/LC_MESSAGES/SYS_LC_MESSAGES
7ff3460a1000-7ff3460a2000 r--p 00000000 08:12 799758                     /usr/lib/locale/chr_US/LC_PAPER
7ff3460a2000-7ff3460a3000 r--p 00000000 08:12 799627                     /usr/lib/locale/bi_VU/LC_NAME
7ff3460a3000-7ff3460a4000 r--p 00000000 08:12 800049                     /usr/lib/locale/en_US.utf8/LC_ADDRESS
7ff3460a4000-7ff3460a5000 r--p 00000000 08:12 799760                     /usr/lib/locale/chr_US/LC_TELEPHONE
7ff3460a5000-7ff3460a6000 r--p 00000000 08:12 799755                     /usr/lib/locale/chr_US/LC_MEASUREMENT
7ff3460a6000-7ff3460ad000 r--s 00000000 08:12 655957                     /usr/lib/x86_64-linux-gnu/gconv/gconv-modules.cache
7ff3460ad000-7ff3460ae000 r--p 00000000 08:12 800050                     /usr/lib/locale/en_US.utf8/LC_IDENTIFICATION
7ff3460ae000-7ff3460c1000 rw-p 00000000 00:00 0 
7ff3460c1000-7ff3460c9000 rw-s 00000000 00:29 430527                     /tmp/hsperfdata_junior/2918
7ff3460c9000-7ff3460ca000 rw-p 00000000 00:00 0 
7ff3460ca000-7ff3460cb000 r--p 00000000 00:00 0 
7ff3460cb000-7ff3460cc000 r--p 00024000 08:12 527247                     /lib/x86_64-linux-gnu/ld-2.27.so
7ff3460cc000-7ff3460cd000 rw-p 00025000 08:12 527247                     /lib/x86_64-linux-gnu/ld-2.27.so
7ff3460cd000-7ff3460ce000 rw-p 00000000 00:00 0 
7ffd40635000-7ffd40656000 rw-p 00000000 00:00 0                          [stack]
7ffd4072f000-7ffd40732000 r--p 00000000 00:00 0                          [vvar]
7ffd40732000-7ffd40734000 r-xp 00000000 00:00 0                          [vdso]

VM Arguments:
java_command: CustomDialog
java_class_path (initial): .
Launcher Type: SUN_STANDARD

Environment Variables:
JAVA_HOME=/opt/jdk1.8.0_161/bin/java
PATH=/usr/local/bin:/usr/bin:/bin:/usr/local/games:/usr/games:/usr/share/games:/usr/local/sbin:/usr/sbin:/sbin:/home/junior/local/bin:/opt/jdk1.8.0_161/bin
SHELL=/bin/bash
DISPLAY=:0

Signal Handlers:
SIGSEGV: [libjvm.so+0xaa6ae0], sa_mask[0]=11111111011111111101111111111110, sa_flags=SA_RESTART|SA_SIGINFO
SIGBUS: [libjvm.so+0xaa6ae0], sa_mask[0]=11111111011111111101111111111110, sa_flags=SA_RESTART|SA_SIGINFO
SIGFPE: [libjvm.so+0x8ddf00], sa_mask[0]=11111111011111111101111111111110, sa_flags=SA_RESTART|SA_SIGINFO
SIGPIPE: [libjvm.so+0x8ddf00], sa_mask[0]=11111111011111111101111111111110, sa_flags=SA_RESTART|SA_SIGINFO
SIGXFSZ: [libjvm.so+0x8ddf00], sa_mask[0]=11111111011111111101111111111110, sa_flags=SA_RESTART|SA_SIGINFO
SIGILL: [libjvm.so+0x8ddf00], sa_mask[0]=11111111011111111101111111111110, sa_flags=SA_RESTART|SA_SIGINFO
SIGUSR1: SIG_DFL, sa_mask[0]=00000000000000000000000000000000, sa_flags=none
SIGUSR2: [libjvm.so+0x8dddb0], sa_mask[0]=00000000000000000000000000000000, sa_flags=SA_RESTART|SA_SIGINFO
SIGHUP: [libjvm.so+0x8de260], sa_mask[0]=11111111011111111101111111111110, sa_flags=SA_RESTART|SA_SIGINFO
SIGINT: SIG_IGN, sa_mask[0]=00000000000000000000000000000000, sa_flags=none
SIGTERM: [libjvm.so+0x8de260], sa_mask[0]=11111111011111111101111111111110, sa_flags=SA_RESTART|SA_SIGINFO
SIGQUIT: [libjvm.so+0x8de260], sa_mask[0]=11111111011111111101111111111110, sa_flags=SA_RESTART|SA_SIGINFO


---------------  S Y S T E M  ---------------

OS:DISTRIB_ID=Parrot
DISTRIB_RELEASE=3.11
DISTRIB_CODENAME=stable
DISTRIB_DESCRIPTION="Parrot 3.11"

uname:Linux 4.14.0-parrot13-amd64 #1 SMP Parrot 4.14.13-1parrot13 (2018-01-21) x86_64
libc:glibc 2.27 NPTL 2.27 
rlimit: STACK 8192k, CORE 0k, NPROC 15351, NOFILE 1048576, AS infinity
load average:0.54 1.79 2.04

/proc/meminfo:
MemTotal:        3975472 kB
MemFree:          295260 kB
MemAvailable:    1464860 kB
Buffers:           73856 kB
Cached:          1042264 kB
SwapCached:            0 kB
Active:          2560104 kB
Inactive:         698216 kB
Active(anon):    1890700 kB
Inactive(anon):   175888 kB
Active(file):     669404 kB
Inactive(file):   522328 kB
Unevictable:          32 kB
Mlocked:              32 kB
SwapTotal:             0 kB
SwapFree:              0 kB
Dirty:                76 kB
Writeback:             0 kB
AnonPages:       2065204 kB
Mapped:           317156 kB
Shmem:            195348 kB
Slab:             327080 kB
SReclaimable:     266272 kB
SUnreclaim:        60808 kB
KernelStack:       11328 kB
PageTables:        40004 kB
NFS_Unstable:          0 kB
Bounce:                0 kB
WritebackTmp:          0 kB
CommitLimit:     1987736 kB
Committed_AS:    8020324 kB
VmallocTotal:   34359738367 kB
VmallocUsed:           0 kB
VmallocChunk:          0 kB
HardwareCorrupted:     0 kB
AnonHugePages:    573440 kB
ShmemHugePages:        0 kB
ShmemPmdMapped:        0 kB
HugePages_Total:       0
HugePages_Free:        0
HugePages_Rsvd:        0
HugePages_Surp:        0
Hugepagesize:       2048 kB
DirectMap4k:      192064 kB
DirectMap2M:     3934208 kB


CPU:total 4 (initial active 4) (4 cores per cpu, 1 threads per core) family 6 model 23 stepping 10, cmov, cx8, fxsr, mmx, sse, sse2, sse3, ssse3, sse4.1, tsc

/proc/cpuinfo:
processor	: 0
vendor_id	: GenuineIntel
cpu family	: 6
model		: 23
model name	: Intel(R) Core(TM)2 Quad CPU    Q8400  @ 2.66GHz
stepping	: 10
microcode	: 0xa07
cpu MHz		: 2666.270
cache size	: 2048 KB
physical id	: 0
siblings	: 4
core id		: 0
cpu cores	: 4
apicid		: 0
initial apicid	: 0
fpu		: yes
fpu_exception	: yes
cpuid level	: 13
wp		: yes
flags		: fpu vme de pse tsc msr pae mce cx8 apic sep mtrr pge mca cmov pat pse36 clflush dts acpi mmx fxsr sse sse2 ss ht tm pbe syscall nx lm constant_tsc arch_perfmon pebs bts rep_good nopl cpuid aperfmperf pni dtes64 monitor ds_cpl vmx est tm2 ssse3 cx16 xtpr pdcm sse4_1 xsave lahf_lm pti tpr_shadow vnmi flexpriority dtherm
bugs		: cpu_meltdown
bogomips	: 5334.99
clflush size	: 64
cache_alignment	: 64
address sizes	: 36 bits physical, 48 bits virtual
power management:

processor	: 1
vendor_id	: GenuineIntel
cpu family	: 6
model		: 23
model name	: Intel(R) Core(TM)2 Quad CPU    Q8400  @ 2.66GHz
stepping	: 10
microcode	: 0xa07
cpu MHz		: 2666.396
cache size	: 2048 KB
physical id	: 0
siblings	: 4
core id		: 1
cpu cores	: 4
apicid		: 1
initial apicid	: 1
fpu		: yes
fpu_exception	: yes
cpuid level	: 13
wp		: yes
flags		: fpu vme de pse tsc msr pae mce cx8 apic sep mtrr pge mca cmov pat pse36 clflush dts acpi mmx fxsr sse sse2 ss ht tm pbe syscall nx lm constant_tsc arch_perfmon pebs bts rep_good nopl cpuid aperfmperf pni dtes64 monitor ds_cpl vmx est tm2 ssse3 cx16 xtpr pdcm sse4_1 xsave lahf_lm pti tpr_shadow vnmi flexpriority dtherm
bugs		: cpu_meltdown
bogomips	: 5334.99
clflush size	: 64
cache_alignment	: 64
address sizes	: 36 bits physical, 48 bits virtual
power management:

processor	: 2
vendor_id	: GenuineIntel
cpu family	: 6
model		: 23
model name	: Intel(R) Core(TM)2 Quad CPU    Q8400  @ 2.66GHz
stepping	: 10
microcode	: 0xa07
cpu MHz		: 2666.396
cache size	: 2048 KB
physical id	: 0
siblings	: 4
core id		: 2
cpu cores	: 4
apicid		: 2
initial apicid	: 2
fpu		: yes
fpu_exception	: yes
cpuid level	: 13
wp		: yes
flags		: fpu vme de pse tsc msr pae mce cx8 apic sep mtrr pge mca cmov pat pse36 clflush dts acpi mmx fxsr sse sse2 ss ht tm pbe syscall nx lm constant_tsc arch_perfmon pebs bts rep_good nopl cpuid aperfmperf pni dtes64 monitor ds_cpl vmx est tm2 ssse3 cx16 xtpr pdcm sse4_1 xsave lahf_lm pti tpr_shadow vnmi flexpriority dtherm
bugs		: cpu_meltdown
bogomips	: 5334.99
clflush size	: 64
cache_alignment	: 64
address sizes	: 36 bits physical, 48 bits virtual
power management:

processor	: 3
vendor_id	: GenuineIntel
cpu family	: 6
model		: 23
model name	: Intel(R) Core(TM)2 Quad CPU    Q8400  @ 2.66GHz
stepping	: 10
microcode	: 0xa07
cpu MHz		: 2666.408
cache size	: 2048 KB
physical id	: 0
siblings	: 4
core id		: 3
cpu cores	: 4
apicid		: 3
initial apicid	: 3
fpu		: yes
fpu_exception	: yes
cpuid level	: 13
wp		: yes
flags		: fpu vme de pse tsc msr pae mce cx8 apic sep mtrr pge mca cmov pat pse36 clflush dts acpi mmx fxsr sse sse2 ss ht tm pbe syscall nx lm constant_tsc arch_perfmon pebs bts rep_good nopl cpuid aperfmperf pni dtes64 monitor ds_cpl vmx est tm2 ssse3 cx16 xtpr pdcm sse4_1 xsave lahf_lm pti tpr_shadow vnmi flexpriority dtherm
bugs		: cpu_meltdown
bogomips	: 5334.99
clflush size	: 64
cache_alignment	: 64
address sizes	: 36 bits physical, 48 bits virtual
power management:



Memory: 4k page, physical 3975472k(292536k free), swap 0k(0k free)

vm_info: OpenJDK 64-Bit Server VM (25.151-b12) for linux-amd64 JRE (1.8.0_151-8u151-b12-1-b12), built on Nov  1 2017 06:12:56 by "buildd" with gcc 7.2.1 20171025

time: Mon Mar 12 21:24:59 2018
elapsed time: 0 seconds (0d 0h 0m 0s)

